[0.014s] Invoking command in '/root/master_ros2_ws/build/master_ros2_pkg': AMENT_PREFIX_PATH=/root/master_ros2_ws/install/master_ros2_interface:${AMENT_PREFIX_PATH} CMAKE_PREFIX_PATH=/root/master_ros2_ws/install/master_ros2_interface:/opt/ros/jazzy/opt/gz_sim_vendor:/opt/ros/jazzy/opt/gz_sensors_vendor:/opt/ros/jazzy/opt/gz_physics_vendor:/opt/ros/jazzy/opt/sdformat_vendor:/opt/ros/jazzy/opt/gz_gui_vendor:/opt/ros/jazzy/opt/gz_transport_vendor:/opt/ros/jazzy/opt/gz_rendering_vendor:/opt/ros/jazzy/opt/gz_plugin_vendor:/opt/ros/jazzy/opt/gz_fuel_tools_vendor:/opt/ros/jazzy/opt/gz_msgs_vendor:/opt/ros/jazzy/opt/gz_common_vendor:/opt/ros/jazzy/opt/gz_math_vendor:/opt/ros/jazzy/opt/gz_utils_vendor:/opt/ros/jazzy/opt/gz_tools_vendor:/opt/ros/jazzy/opt/gz_ogre_next_vendor:/opt/ros/jazzy/opt/gz_dartsim_vendor:/opt/ros/jazzy/opt/gz_cmake_vendor:/opt/ros/jazzy LD_LIBRARY_PATH=/root/master_ros2_ws/install/master_ros2_interface/lib:${LD_LIBRARY_PATH} PYTHONPATH=/root/master_ros2_ws/install/master_ros2_interface/lib/python3.12/site-packages:${PYTHONPATH} /usr/bin/cmake --build /root/master_ros2_ws/build/master_ros2_pkg -- -j12 -l12
[0.041s] -- Found ament_cmake: 2.5.4 (/opt/ros/jazzy/share/ament_cmake/cmake)
[0.222s] -- Found rclcpp: 28.1.13 (/opt/ros/jazzy/share/rclcpp/cmake)
[0.248s] -- Found rosidl_generator_c: 4.6.6 (/opt/ros/jazzy/share/rosidl_generator_c/cmake)
[0.256s] -- Found rosidl_generator_cpp: 4.6.6 (/opt/ros/jazzy/share/rosidl_generator_cpp/cmake)
[0.267s] -- Using all available rosidl_typesupport_c: rosidl_typesupport_fastrtps_c;rosidl_typesupport_introspection_c
[0.279s] -- Using all available rosidl_typesupport_cpp: rosidl_typesupport_fastrtps_cpp;rosidl_typesupport_introspection_cpp
[0.336s] -- Found rmw_implementation_cmake: 7.3.2 (/opt/ros/jazzy/share/rmw_implementation_cmake/cmake)
[0.337s] -- Found rmw_fastrtps_cpp: 8.4.3 (/opt/ros/jazzy/share/rmw_fastrtps_cpp/cmake)
[0.398s] -- Using RMW implementation 'rmw_fastrtps_cpp' as default
[0.455s] -- Found std_msgs: 5.3.6 (/opt/ros/jazzy/share/std_msgs/cmake)
[0.467s] -- Found master_ros2_interface: 0.0.0 (/root/master_ros2_ws/install/master_ros2_interface/share/master_ros2_interface/cmake)
[0.477s] -- Found ament_lint_auto: 0.17.3 (/opt/ros/jazzy/share/ament_lint_auto/cmake)
[0.556s] -- Added test 'cppcheck' to perform static code analysis on C / C++ code
[0.556s] -- Configured cppcheck include dirs: 
[0.556s] -- Configured cppcheck exclude dirs and/or files: 
[0.556s] -- Added test 'lint_cmake' to check CMake code style
[0.557s] -- Added test 'uncrustify' to check C / C++ code style
[0.557s] -- Configured uncrustify additional arguments: 
[0.558s] -- Added test 'xmllint' to check XML markup files
[0.558s] -- Configuring done (0.5s)
[0.570s] -- Generating done (0.0s)
[0.574s] -- Build files have been written to: /root/master_ros2_ws/build/master_ros2_pkg
[0.612s] [ 50%] Building CXX object CMakeFiles/publisher_node.dir/src/publisher_node.cpp.o
[2.372s] /root/master_ros2_ws/src/master_ros2_pkg/src/publisher_node.cpp:22:2: error: expected ‘;’ after class definition
[2.372s]    22 | }
[2.372s]       |  ^
[2.372s]       |  ;
[2.372s] /root/master_ros2_ws/src/master_ros2_pkg/src/publisher_node.cpp: In constructor ‘PublisherNode::PublisherNode()’:
[2.372s] /root/master_ros2_ws/src/master_ros2_pkg/src/publisher_node.cpp:10:73: error: ‘class rclcpp::QoS’ has no member named ‘transient_’; did you mean ‘transient_local’?
[2.372s]    10 |         auto qos_profile = rclcpp::QoS(rclcpp::KeepLast(10)).reliable().transient_ local();
[2.373s]       |                                                                         ^~~~~~~~~~
[2.373s]       |                                                                         transient_local
[2.377s] /root/master_ros2_ws/src/master_ros2_pkg/src/publisher_node.cpp:11:9: error: ‘publisher_’ was not declared in this scope; did you mean ‘PublisherNode’?
[2.378s]    11 |         publisher_ = this->create_publisher<std_msgs::msg::String>("std_string_topic", qos_profile);
[2.378s]       |         ^~~~~~~~~~
[2.378s]       |         PublisherNode
[2.383s] /root/master_ros2_ws/src/master_ros2_pkg/src/publisher_node.cpp:12:9: error: ‘custom_publisher_’ was not declared in this scope; did you mean ‘count_publishers’?
[2.383s]    12 |         custom_publisher_ = this->create_publisher<master_ros2_interface::msg::CustomMsg>("custom_topic", qos_profile);
[2.383s]       |         ^~~~~~~~~~~~~~~~~
[2.383s]       |         count_publishers
[2.387s] /root/master_ros2_ws/src/master_ros2_pkg/src/publisher_node.cpp:18:9: error: ‘timer_’ was not declared in this scope; did you mean ‘timer_t’?
[2.387s]    18 |         timer_ = this->create_wall_timer(
[2.387s]       |         ^~~~~~
[2.387s]       |         timer_t
[2.387s] /root/master_ros2_ws/src/master_ros2_pkg/src/publisher_node.cpp:20:39: error: ‘publish_messages’ is not a member of ‘PublisherNode’
[2.387s]    20 |             std::bind(&PublisherNode::publish_messages, this));
[2.388s]       |                                       ^~~~~~~~~~~~~~~~
[2.832s] gmake[2]: *** [CMakeFiles/publisher_node.dir/build.make:76: CMakeFiles/publisher_node.dir/src/publisher_node.cpp.o] Error 1
[2.832s] gmake[1]: *** [CMakeFiles/Makefile2:137: CMakeFiles/publisher_node.dir/all] Error 2
[2.832s] gmake: *** [Makefile:146: all] Error 2
[2.834s] Invoked command in '/root/master_ros2_ws/build/master_ros2_pkg' returned '2': AMENT_PREFIX_PATH=/root/master_ros2_ws/install/master_ros2_interface:${AMENT_PREFIX_PATH} CMAKE_PREFIX_PATH=/root/master_ros2_ws/install/master_ros2_interface:/opt/ros/jazzy/opt/gz_sim_vendor:/opt/ros/jazzy/opt/gz_sensors_vendor:/opt/ros/jazzy/opt/gz_physics_vendor:/opt/ros/jazzy/opt/sdformat_vendor:/opt/ros/jazzy/opt/gz_gui_vendor:/opt/ros/jazzy/opt/gz_transport_vendor:/opt/ros/jazzy/opt/gz_rendering_vendor:/opt/ros/jazzy/opt/gz_plugin_vendor:/opt/ros/jazzy/opt/gz_fuel_tools_vendor:/opt/ros/jazzy/opt/gz_msgs_vendor:/opt/ros/jazzy/opt/gz_common_vendor:/opt/ros/jazzy/opt/gz_math_vendor:/opt/ros/jazzy/opt/gz_utils_vendor:/opt/ros/jazzy/opt/gz_tools_vendor:/opt/ros/jazzy/opt/gz_ogre_next_vendor:/opt/ros/jazzy/opt/gz_dartsim_vendor:/opt/ros/jazzy/opt/gz_cmake_vendor:/opt/ros/jazzy LD_LIBRARY_PATH=/root/master_ros2_ws/install/master_ros2_interface/lib:${LD_LIBRARY_PATH} PYTHONPATH=/root/master_ros2_ws/install/master_ros2_interface/lib/python3.12/site-packages:${PYTHONPATH} /usr/bin/cmake --build /root/master_ros2_ws/build/master_ros2_pkg -- -j12 -l12
