[0.012s] Invoking command in '/root/master_ros2_ws/build/master_ros2_pkg': AMENT_PREFIX_PATH=/root/master_ros2_ws/install/master_ros2_interface:${AMENT_PREFIX_PATH} CMAKE_PREFIX_PATH=/root/master_ros2_ws/install/master_ros2_interface:/opt/ros/jazzy/opt/gz_sim_vendor:/opt/ros/jazzy/opt/gz_sensors_vendor:/opt/ros/jazzy/opt/gz_physics_vendor:/opt/ros/jazzy/opt/sdformat_vendor:/opt/ros/jazzy/opt/gz_gui_vendor:/opt/ros/jazzy/opt/gz_transport_vendor:/opt/ros/jazzy/opt/gz_rendering_vendor:/opt/ros/jazzy/opt/gz_plugin_vendor:/opt/ros/jazzy/opt/gz_fuel_tools_vendor:/opt/ros/jazzy/opt/gz_msgs_vendor:/opt/ros/jazzy/opt/gz_common_vendor:/opt/ros/jazzy/opt/gz_math_vendor:/opt/ros/jazzy/opt/gz_utils_vendor:/opt/ros/jazzy/opt/gz_tools_vendor:/opt/ros/jazzy/opt/gz_ogre_next_vendor:/opt/ros/jazzy/opt/gz_dartsim_vendor:/opt/ros/jazzy/opt/gz_cmake_vendor:/opt/ros/jazzy LD_LIBRARY_PATH=/root/master_ros2_ws/install/master_ros2_interface/lib:${LD_LIBRARY_PATH} PYTHONPATH=/root/master_ros2_ws/install/master_ros2_interface/lib/python3.12/site-packages:${PYTHONPATH} /usr/bin/cmake --build /root/master_ros2_ws/build/master_ros2_pkg -- -j12 -l12
[0.086s] [ 50%] Building CXX object CMakeFiles/publisher_node.dir/src/publisher_node.cpp.o
[0.086s] [ 75%] Built target subscriber_node
[4.623s] [100%] Linking CXX executable publisher_node
[4.845s] [100%] Built target publisher_node
[4.857s] Invoked command in '/root/master_ros2_ws/build/master_ros2_pkg' returned '0': AMENT_PREFIX_PATH=/root/master_ros2_ws/install/master_ros2_interface:${AMENT_PREFIX_PATH} CMAKE_PREFIX_PATH=/root/master_ros2_ws/install/master_ros2_interface:/opt/ros/jazzy/opt/gz_sim_vendor:/opt/ros/jazzy/opt/gz_sensors_vendor:/opt/ros/jazzy/opt/gz_physics_vendor:/opt/ros/jazzy/opt/sdformat_vendor:/opt/ros/jazzy/opt/gz_gui_vendor:/opt/ros/jazzy/opt/gz_transport_vendor:/opt/ros/jazzy/opt/gz_rendering_vendor:/opt/ros/jazzy/opt/gz_plugin_vendor:/opt/ros/jazzy/opt/gz_fuel_tools_vendor:/opt/ros/jazzy/opt/gz_msgs_vendor:/opt/ros/jazzy/opt/gz_common_vendor:/opt/ros/jazzy/opt/gz_math_vendor:/opt/ros/jazzy/opt/gz_utils_vendor:/opt/ros/jazzy/opt/gz_tools_vendor:/opt/ros/jazzy/opt/gz_ogre_next_vendor:/opt/ros/jazzy/opt/gz_dartsim_vendor:/opt/ros/jazzy/opt/gz_cmake_vendor:/opt/ros/jazzy LD_LIBRARY_PATH=/root/master_ros2_ws/install/master_ros2_interface/lib:${LD_LIBRARY_PATH} PYTHONPATH=/root/master_ros2_ws/install/master_ros2_interface/lib/python3.12/site-packages:${PYTHONPATH} /usr/bin/cmake --build /root/master_ros2_ws/build/master_ros2_pkg -- -j12 -l12
[4.859s] Invoking command in '/root/master_ros2_ws/build/master_ros2_pkg': AMENT_PREFIX_PATH=/root/master_ros2_ws/install/master_ros2_interface:${AMENT_PREFIX_PATH} CMAKE_PREFIX_PATH=/root/master_ros2_ws/install/master_ros2_interface:/opt/ros/jazzy/opt/gz_sim_vendor:/opt/ros/jazzy/opt/gz_sensors_vendor:/opt/ros/jazzy/opt/gz_physics_vendor:/opt/ros/jazzy/opt/sdformat_vendor:/opt/ros/jazzy/opt/gz_gui_vendor:/opt/ros/jazzy/opt/gz_transport_vendor:/opt/ros/jazzy/opt/gz_rendering_vendor:/opt/ros/jazzy/opt/gz_plugin_vendor:/opt/ros/jazzy/opt/gz_fuel_tools_vendor:/opt/ros/jazzy/opt/gz_msgs_vendor:/opt/ros/jazzy/opt/gz_common_vendor:/opt/ros/jazzy/opt/gz_math_vendor:/opt/ros/jazzy/opt/gz_utils_vendor:/opt/ros/jazzy/opt/gz_tools_vendor:/opt/ros/jazzy/opt/gz_ogre_next_vendor:/opt/ros/jazzy/opt/gz_dartsim_vendor:/opt/ros/jazzy/opt/gz_cmake_vendor:/opt/ros/jazzy LD_LIBRARY_PATH=/root/master_ros2_ws/install/master_ros2_interface/lib:${LD_LIBRARY_PATH} PYTHONPATH=/root/master_ros2_ws/install/master_ros2_interface/lib/python3.12/site-packages:${PYTHONPATH} /usr/bin/cmake --install /root/master_ros2_ws/build/master_ros2_pkg
[4.868s] -- Install configuration: ""
[4.868s] -- Installing: /root/master_ros2_ws/install/master_ros2_pkg/lib/master_ros2_pkg/publisher_node
[4.870s] -- Set non-toolchain portion of runtime path of "/root/master_ros2_ws/install/master_ros2_pkg/lib/master_ros2_pkg/publisher_node" to ""
[4.870s] -- Installing: /root/master_ros2_ws/install/master_ros2_pkg/lib/master_ros2_pkg/subscriber_node
[4.879s] -- Set non-toolchain portion of runtime path of "/root/master_ros2_ws/install/master_ros2_pkg/lib/master_ros2_pkg/subscriber_node" to ""
[4.880s] -- Up-to-date: /root/master_ros2_ws/install/master_ros2_pkg/share/ament_index/resource_index/package_run_dependencies/master_ros2_pkg
[4.880s] -- Up-to-date: /root/master_ros2_ws/install/master_ros2_pkg/share/ament_index/resource_index/parent_prefix_path/master_ros2_pkg
[4.880s] -- Up-to-date: /root/master_ros2_ws/install/master_ros2_pkg/share/master_ros2_pkg/environment/ament_prefix_path.sh
[4.880s] -- Up-to-date: /root/master_ros2_ws/install/master_ros2_pkg/share/master_ros2_pkg/environment/ament_prefix_path.dsv
[4.880s] -- Up-to-date: /root/master_ros2_ws/install/master_ros2_pkg/share/master_ros2_pkg/environment/path.sh
[4.880s] -- Up-to-date: /root/master_ros2_ws/install/master_ros2_pkg/share/master_ros2_pkg/environment/path.dsv
[4.880s] -- Up-to-date: /root/master_ros2_ws/install/master_ros2_pkg/share/master_ros2_pkg/local_setup.bash
[4.881s] -- Up-to-date: /root/master_ros2_ws/install/master_ros2_pkg/share/master_ros2_pkg/local_setup.sh
[4.881s] -- Up-to-date: /root/master_ros2_ws/install/master_ros2_pkg/share/master_ros2_pkg/local_setup.zsh
[4.881s] -- Up-to-date: /root/master_ros2_ws/install/master_ros2_pkg/share/master_ros2_pkg/local_setup.dsv
[4.881s] -- Installing: /root/master_ros2_ws/install/master_ros2_pkg/share/master_ros2_pkg/package.dsv
[4.881s] -- Up-to-date: /root/master_ros2_ws/install/master_ros2_pkg/share/ament_index/resource_index/packages/master_ros2_pkg
[4.881s] -- Up-to-date: /root/master_ros2_ws/install/master_ros2_pkg/share/master_ros2_pkg/cmake/master_ros2_pkgConfig.cmake
[4.881s] -- Up-to-date: /root/master_ros2_ws/install/master_ros2_pkg/share/master_ros2_pkg/cmake/master_ros2_pkgConfig-version.cmake
[4.881s] -- Up-to-date: /root/master_ros2_ws/install/master_ros2_pkg/share/master_ros2_pkg/package.xml
[4.882s] Invoked command in '/root/master_ros2_ws/build/master_ros2_pkg' returned '0': AMENT_PREFIX_PATH=/root/master_ros2_ws/install/master_ros2_interface:${AMENT_PREFIX_PATH} CMAKE_PREFIX_PATH=/root/master_ros2_ws/install/master_ros2_interface:/opt/ros/jazzy/opt/gz_sim_vendor:/opt/ros/jazzy/opt/gz_sensors_vendor:/opt/ros/jazzy/opt/gz_physics_vendor:/opt/ros/jazzy/opt/sdformat_vendor:/opt/ros/jazzy/opt/gz_gui_vendor:/opt/ros/jazzy/opt/gz_transport_vendor:/opt/ros/jazzy/opt/gz_rendering_vendor:/opt/ros/jazzy/opt/gz_plugin_vendor:/opt/ros/jazzy/opt/gz_fuel_tools_vendor:/opt/ros/jazzy/opt/gz_msgs_vendor:/opt/ros/jazzy/opt/gz_common_vendor:/opt/ros/jazzy/opt/gz_math_vendor:/opt/ros/jazzy/opt/gz_utils_vendor:/opt/ros/jazzy/opt/gz_tools_vendor:/opt/ros/jazzy/opt/gz_ogre_next_vendor:/opt/ros/jazzy/opt/gz_dartsim_vendor:/opt/ros/jazzy/opt/gz_cmake_vendor:/opt/ros/jazzy LD_LIBRARY_PATH=/root/master_ros2_ws/install/master_ros2_interface/lib:${LD_LIBRARY_PATH} PYTHONPATH=/root/master_ros2_ws/install/master_ros2_interface/lib/python3.12/site-packages:${PYTHONPATH} /usr/bin/cmake --install /root/master_ros2_ws/build/master_ros2_pkg
