-- Found ament_cmake: 2.5.4 (/opt/ros/jazzy/share/ament_cmake/cmake)
-- Found Python3: /usr/bin/python3 (found version "3.12.3") found components: Interpreter 
-- Found rosidl_default_generators: 1.6.0 (/opt/ros/jazzy/share/rosidl_default_generators/cmake)
-- Using all available rosidl_typesupport_c: rosidl_typesupport_fastrtps_c;rosidl_typesupport_introspection_c
-- Using all available rosidl_typesupport_cpp: rosidl_typesupport_fastrtps_cpp;rosidl_typesupport_introspection_cpp
-- Found rosidl_adapter: 4.6.6 (/opt/ros/jazzy/share/rosidl_adapter/cmake)
-- Found ament_cmake_ros: 0.12.0 (/opt/ros/jazzy/share/ament_cmake_ros/cmake)
-- Using all available rosidl_typesupport_c: rosidl_typesupport_fastrtps_c;rosidl_typesupport_introspection_c
-- Using all available rosidl_typesupport_cpp: rosidl_typesupport_fastrtps_cpp;rosidl_typesupport_introspection_cpp
-- Found python_cmake_module: 0.11.1 (/opt/ros/jazzy/share/python_cmake_module/cmake)
-- Found PythonExtra: /usr/bin/python3  
-- Found Python3: /usr/bin/python3 (found version "3.12.3") found components: Interpreter Development NumPy Development.Module Development.Embed 
-- Found ament_lint_auto: 0.17.3 (/opt/ros/jazzy/share/ament_lint_auto/cmake)
-- Added test 'lint_cmake' to check CMake code style
-- Added test 'xmllint' to check XML markup files
-- Configuring done (2.7s)
-- Generating done (0.0s)
-- Build files have been written to: /root/master_ros2_ws/build/master_ros2_interface
[  2%] Generating type hashes for ROS interfaces
[  2%] Built target ament_cmake_python_copy_master_ros2_interface
[  2%] Built target master_ros2_interface__rosidl_generator_type_description
[  5%] Generating C code for ROS interfaces
[  8%] Generating C++ code for ROS interfaces
running egg_info
creating master_ros2_interface.egg-info
writing master_ros2_interface.egg-info/PKG-INFO
writing dependency_links to master_ros2_interface.egg-info/dependency_links.txt
writing top-level names to master_ros2_interface.egg-info/top_level.txt
writing manifest file 'master_ros2_interface.egg-info/SOURCES.txt'
reading manifest file 'master_ros2_interface.egg-info/SOURCES.txt'
writing manifest file 'master_ros2_interface.egg-info/SOURCES.txt'
[  8%] Built target ament_cmake_python_build_master_ros2_interface_egg
[  8%] Built target master_ros2_interface__cpp
[ 17%] Building C object CMakeFiles/master_ros2_interface__rosidl_generator_c.dir/rosidl_generator_c/master_ros2_interface/msg/detail/custom_msg__functions.c.o
[ 17%] Building C object CMakeFiles/master_ros2_interface__rosidl_generator_c.dir/rosidl_generator_c/master_ros2_interface/msg/detail/custom_msg__type_support.c.o
[ 17%] Building C object CMakeFiles/master_ros2_interface__rosidl_generator_c.dir/rosidl_generator_c/master_ros2_interface/msg/detail/custom_msg__description.c.o
[ 20%] Linking C shared library libmaster_ros2_interface__rosidl_generator_c.so
[ 20%] Built target master_ros2_interface__rosidl_generator_c
[ 32%] Generating C type support for eProsima Fast-RTPS
[ 32%] Generating C++ type support dispatch for ROS interfaces
[ 32%] Generating C type support dispatch for ROS interfaces
[ 32%] Generating C++ type support for eProsima Fast-RTPS
[ 35%] Generating C++ introspection for ROS interfaces
[ 38%] Generating C introspection for ROS interfaces
[ 41%] Building CXX object CMakeFiles/master_ros2_interface__rosidl_typesupport_cpp.dir/rosidl_typesupport_cpp/master_ros2_interface/msg/custom_msg__type_support.cpp.o
[ 44%] Building CXX object CMakeFiles/master_ros2_interface__rosidl_typesupport_c.dir/rosidl_typesupport_c/master_ros2_interface/msg/custom_msg__type_support.cpp.o
[ 47%] Building C object CMakeFiles/master_ros2_interface__rosidl_typesupport_introspection_c.dir/rosidl_typesupport_introspection_c/master_ros2_interface/msg/detail/custom_msg__type_support.c.o
[ 50%] Building CXX object CMakeFiles/master_ros2_interface__rosidl_typesupport_introspection_cpp.dir/rosidl_typesupport_introspection_cpp/master_ros2_interface/msg/detail/custom_msg__type_support.cpp.o
[ 52%] Building CXX object CMakeFiles/master_ros2_interface__rosidl_typesupport_fastrtps_cpp.dir/rosidl_typesupport_fastrtps_cpp/master_ros2_interface/msg/detail/dds_fastrtps/custom_msg__type_support.cpp.o
[ 55%] Building CXX object CMakeFiles/master_ros2_interface__rosidl_typesupport_fastrtps_c.dir/rosidl_typesupport_fastrtps_c/master_ros2_interface/msg/detail/custom_msg__type_support_c.cpp.o
[ 61%] Linking C shared library libmaster_ros2_interface__rosidl_typesupport_introspection_c.so
[ 61%] Linking CXX shared library libmaster_ros2_interface__rosidl_typesupport_c.so
[ 61%] Built target master_ros2_interface__rosidl_typesupport_introspection_c
[ 61%] Built target master_ros2_interface__rosidl_typesupport_c
[ 64%] Linking CXX shared library libmaster_ros2_interface__rosidl_typesupport_cpp.so
[ 67%] Linking CXX shared library libmaster_ros2_interface__rosidl_typesupport_introspection_cpp.so
[ 67%] Built target master_ros2_interface__rosidl_typesupport_cpp
[ 67%] Built target master_ros2_interface__rosidl_typesupport_introspection_cpp
[ 70%] Linking CXX shared library libmaster_ros2_interface__rosidl_typesupport_fastrtps_cpp.so
[ 73%] Linking CXX shared library libmaster_ros2_interface__rosidl_typesupport_fastrtps_c.so
[ 73%] Built target master_ros2_interface__rosidl_typesupport_fastrtps_c
[ 73%] Built target master_ros2_interface__rosidl_typesupport_fastrtps_cpp
[ 73%] Built target master_ros2_interface
[ 76%] Generating Python code for ROS interfaces
[ 76%] Built target master_ros2_interface__py
[ 79%] Building C object CMakeFiles/master_ros2_interface__rosidl_generator_py.dir/rosidl_generator_py/master_ros2_interface/msg/_custom_msg_s.c.o
[ 82%] Linking C shared library libmaster_ros2_interface__rosidl_generator_py.so
[ 82%] Built target master_ros2_interface__rosidl_generator_py
[ 91%] Building C object CMakeFiles/master_ros2_interface_s__rosidl_typesupport_introspection_c.dir/rosidl_generator_py/master_ros2_interface/_master_ros2_interface_s.ep.rosidl_typesupport_introspection_c.c.o
[ 91%] Building C object CMakeFiles/master_ros2_interface_s__rosidl_typesupport_c.dir/rosidl_generator_py/master_ros2_interface/_master_ros2_interface_s.ep.rosidl_typesupport_c.c.o
[ 91%] Building C object CMakeFiles/master_ros2_interface_s__rosidl_typesupport_fastrtps_c.dir/rosidl_generator_py/master_ros2_interface/_master_ros2_interface_s.ep.rosidl_typesupport_fastrtps_c.c.o
[ 94%] Linking C shared module rosidl_generator_py/master_ros2_interface/master_ros2_interface_s__rosidl_typesupport_c.so
[ 97%] Linking C shared module rosidl_generator_py/master_ros2_interface/master_ros2_interface_s__rosidl_typesupport_introspection_c.so
[100%] Linking C shared module rosidl_generator_py/master_ros2_interface/master_ros2_interface_s__rosidl_typesupport_fastrtps_c.so
[100%] Built target master_ros2_interface_s__rosidl_typesupport_introspection_c
[100%] Built target master_ros2_interface_s__rosidl_typesupport_c
[100%] Built target master_ros2_interface_s__rosidl_typesupport_fastrtps_c
-- Install configuration: ""
-- Installing: /root/master_ros2_ws/install/master_ros2_interface/share/ament_index/resource_index/rosidl_interfaces/master_ros2_interface
-- Installing: /root/master_ros2_ws/install/master_ros2_interface/share/master_ros2_interface/msg/CustomMsg.json
-- Installing: /root/master_ros2_ws/install/master_ros2_interface/include/master_ros2_interface/master_ros2_interface
-- Installing: /root/master_ros2_ws/install/master_ros2_interface/include/master_ros2_interface/master_ros2_interface/msg
-- Installing: /root/master_ros2_ws/install/master_ros2_interface/include/master_ros2_interface/master_ros2_interface/msg/detail
-- Installing: /root/master_ros2_ws/install/master_ros2_interface/include/master_ros2_interface/master_ros2_interface/msg/detail/custom_msg__type_support.h
-- Installing: /root/master_ros2_ws/install/master_ros2_interface/include/master_ros2_interface/master_ros2_interface/msg/detail/custom_msg__functions.h
-- Installing: /root/master_ros2_ws/install/master_ros2_interface/include/master_ros2_interface/master_ros2_interface/msg/detail/custom_msg__type_support.c
-- Installing: /root/master_ros2_ws/install/master_ros2_interface/include/master_ros2_interface/master_ros2_interface/msg/detail/custom_msg__functions.c
-- Installing: /root/master_ros2_ws/install/master_ros2_interface/include/master_ros2_interface/master_ros2_interface/msg/detail/custom_msg__description.c
-- Installing: /root/master_ros2_ws/install/master_ros2_interface/include/master_ros2_interface/master_ros2_interface/msg/detail/custom_msg__struct.h
-- Installing: /root/master_ros2_ws/install/master_ros2_interface/include/master_ros2_interface/master_ros2_interface/msg/rosidl_generator_c__visibility_control.h
-- Installing: /root/master_ros2_ws/install/master_ros2_interface/include/master_ros2_interface/master_ros2_interface/msg/custom_msg.h
-- Installing: /root/master_ros2_ws/install/master_ros2_interface/share/master_ros2_interface/environment/library_path.sh
-- Installing: /root/master_ros2_ws/install/master_ros2_interface/share/master_ros2_interface/environment/library_path.dsv
-- Installing: /root/master_ros2_ws/install/master_ros2_interface/lib/libmaster_ros2_interface__rosidl_generator_c.so
-- Set non-toolchain portion of runtime path of "/root/master_ros2_ws/install/master_ros2_interface/lib/libmaster_ros2_interface__rosidl_generator_c.so" to ""
-- Up-to-date: /root/master_ros2_ws/install/master_ros2_interface/include/master_ros2_interface/master_ros2_interface
-- Up-to-date: /root/master_ros2_ws/install/master_ros2_interface/include/master_ros2_interface/master_ros2_interface/msg
-- Up-to-date: /root/master_ros2_ws/install/master_ros2_interface/include/master_ros2_interface/master_ros2_interface/msg/detail
-- Installing: /root/master_ros2_ws/install/master_ros2_interface/include/master_ros2_interface/master_ros2_interface/msg/detail/custom_msg__rosidl_typesupport_fastrtps_c.h
-- Installing: /root/master_ros2_ws/install/master_ros2_interface/include/master_ros2_interface/master_ros2_interface/msg/rosidl_typesupport_fastrtps_c__visibility_control.h
-- Installing: /root/master_ros2_ws/install/master_ros2_interface/lib/libmaster_ros2_interface__rosidl_typesupport_fastrtps_c.so
-- Set non-toolchain portion of runtime path of "/root/master_ros2_ws/install/master_ros2_interface/lib/libmaster_ros2_interface__rosidl_typesupport_fastrtps_c.so" to ""
-- Up-to-date: /root/master_ros2_ws/install/master_ros2_interface/include/master_ros2_interface/master_ros2_interface
-- Up-to-date: /root/master_ros2_ws/install/master_ros2_interface/include/master_ros2_interface/master_ros2_interface/msg
-- Up-to-date: /root/master_ros2_ws/install/master_ros2_interface/include/master_ros2_interface/master_ros2_interface/msg/detail
-- Up-to-date: /root/master_ros2_ws/install/master_ros2_interface/include/master_ros2_interface/master_ros2_interface/msg/detail/custom_msg__type_support.c
-- Installing: /root/master_ros2_ws/install/master_ros2_interface/include/master_ros2_interface/master_ros2_interface/msg/detail/custom_msg__rosidl_typesupport_introspection_c.h
-- Installing: /root/master_ros2_ws/install/master_ros2_interface/include/master_ros2_interface/master_ros2_interface/msg/rosidl_typesupport_introspection_c__visibility_control.h
-- Installing: /root/master_ros2_ws/install/master_ros2_interface/lib/libmaster_ros2_interface__rosidl_typesupport_introspection_c.so
-- Set non-toolchain portion of runtime path of "/root/master_ros2_ws/install/master_ros2_interface/lib/libmaster_ros2_interface__rosidl_typesupport_introspection_c.so" to ""
-- Installing: /root/master_ros2_ws/install/master_ros2_interface/lib/libmaster_ros2_interface__rosidl_typesupport_c.so
-- Set non-toolchain portion of runtime path of "/root/master_ros2_ws/install/master_ros2_interface/lib/libmaster_ros2_interface__rosidl_typesupport_c.so" to ""
-- Up-to-date: /root/master_ros2_ws/install/master_ros2_interface/include/master_ros2_interface/master_ros2_interface
-- Up-to-date: /root/master_ros2_ws/install/master_ros2_interface/include/master_ros2_interface/master_ros2_interface/msg
-- Installing: /root/master_ros2_ws/install/master_ros2_interface/include/master_ros2_interface/master_ros2_interface/msg/rosidl_generator_cpp__visibility_control.hpp
-- Up-to-date: /root/master_ros2_ws/install/master_ros2_interface/include/master_ros2_interface/master_ros2_interface/msg/detail
-- Installing: /root/master_ros2_ws/install/master_ros2_interface/include/master_ros2_interface/master_ros2_interface/msg/detail/custom_msg__struct.hpp
-- Installing: /root/master_ros2_ws/install/master_ros2_interface/include/master_ros2_interface/master_ros2_interface/msg/detail/custom_msg__type_support.hpp
-- Installing: /root/master_ros2_ws/install/master_ros2_interface/include/master_ros2_interface/master_ros2_interface/msg/detail/custom_msg__builder.hpp
-- Installing: /root/master_ros2_ws/install/master_ros2_interface/include/master_ros2_interface/master_ros2_interface/msg/detail/custom_msg__traits.hpp
-- Installing: /root/master_ros2_ws/install/master_ros2_interface/include/master_ros2_interface/master_ros2_interface/msg/custom_msg.hpp
-- Up-to-date: /root/master_ros2_ws/install/master_ros2_interface/include/master_ros2_interface/master_ros2_interface
-- Up-to-date: /root/master_ros2_ws/install/master_ros2_interface/include/master_ros2_interface/master_ros2_interface/msg
-- Up-to-date: /root/master_ros2_ws/install/master_ros2_interface/include/master_ros2_interface/master_ros2_interface/msg/detail
-- Installing: /root/master_ros2_ws/install/master_ros2_interface/include/master_ros2_interface/master_ros2_interface/msg/detail/custom_msg__rosidl_typesupport_fastrtps_cpp.hpp
-- Installing: /root/master_ros2_ws/install/master_ros2_interface/include/master_ros2_interface/master_ros2_interface/msg/detail/dds_fastrtps
-- Installing: /root/master_ros2_ws/install/master_ros2_interface/include/master_ros2_interface/master_ros2_interface/msg/rosidl_typesupport_fastrtps_cpp__visibility_control.h
-- Installing: /root/master_ros2_ws/install/master_ros2_interface/lib/libmaster_ros2_interface__rosidl_typesupport_fastrtps_cpp.so
-- Set non-toolchain portion of runtime path of "/root/master_ros2_ws/install/master_ros2_interface/lib/libmaster_ros2_interface__rosidl_typesupport_fastrtps_cpp.so" to ""
-- Up-to-date: /root/master_ros2_ws/install/master_ros2_interface/include/master_ros2_interface/master_ros2_interface
-- Up-to-date: /root/master_ros2_ws/install/master_ros2_interface/include/master_ros2_interface/master_ros2_interface/msg
-- Up-to-date: /root/master_ros2_ws/install/master_ros2_interface/include/master_ros2_interface/master_ros2_interface/msg/detail
-- Installing: /root/master_ros2_ws/install/master_ros2_interface/include/master_ros2_interface/master_ros2_interface/msg/detail/custom_msg__rosidl_typesupport_introspection_cpp.hpp
-- Installing: /root/master_ros2_ws/install/master_ros2_interface/include/master_ros2_interface/master_ros2_interface/msg/detail/custom_msg__type_support.cpp
-- Installing: /root/master_ros2_ws/install/master_ros2_interface/lib/libmaster_ros2_interface__rosidl_typesupport_introspection_cpp.so
-- Set non-toolchain portion of runtime path of "/root/master_ros2_ws/install/master_ros2_interface/lib/libmaster_ros2_interface__rosidl_typesupport_introspection_cpp.so" to ""
-- Installing: /root/master_ros2_ws/install/master_ros2_interface/lib/libmaster_ros2_interface__rosidl_typesupport_cpp.so
-- Set non-toolchain portion of runtime path of "/root/master_ros2_ws/install/master_ros2_interface/lib/libmaster_ros2_interface__rosidl_typesupport_cpp.so" to ""
-- Installing: /root/master_ros2_ws/install/master_ros2_interface/share/master_ros2_interface/environment/pythonpath.sh
-- Installing: /root/master_ros2_ws/install/master_ros2_interface/share/master_ros2_interface/environment/pythonpath.dsv
-- Installing: /root/master_ros2_ws/install/master_ros2_interface/lib/python3.12/site-packages/master_ros2_interface-0.0.0-py3.12.egg-info
-- Installing: /root/master_ros2_ws/install/master_ros2_interface/lib/python3.12/site-packages/master_ros2_interface-0.0.0-py3.12.egg-info/SOURCES.txt
-- Installing: /root/master_ros2_ws/install/master_ros2_interface/lib/python3.12/site-packages/master_ros2_interface-0.0.0-py3.12.egg-info/top_level.txt
-- Installing: /root/master_ros2_ws/install/master_ros2_interface/lib/python3.12/site-packages/master_ros2_interface-0.0.0-py3.12.egg-info/dependency_links.txt
-- Installing: /root/master_ros2_ws/install/master_ros2_interface/lib/python3.12/site-packages/master_ros2_interface-0.0.0-py3.12.egg-info/PKG-INFO
-- Installing: /root/master_ros2_ws/install/master_ros2_interface/lib/python3.12/site-packages/master_ros2_interface
-- Installing: /root/master_ros2_ws/install/master_ros2_interface/lib/python3.12/site-packages/master_ros2_interface/master_ros2_interface_s__rosidl_typesupport_introspection_c.so
-- Installing: /root/master_ros2_ws/install/master_ros2_interface/lib/python3.12/site-packages/master_ros2_interface/_master_ros2_interface_s.ep.rosidl_typesupport_c.c
-- Installing: /root/master_ros2_ws/install/master_ros2_interface/lib/python3.12/site-packages/master_ros2_interface/__init__.py
-- Installing: /root/master_ros2_ws/install/master_ros2_interface/lib/python3.12/site-packages/master_ros2_interface/master_ros2_interface_s__rosidl_typesupport_fastrtps_c.so
-- Installing: /root/master_ros2_ws/install/master_ros2_interface/lib/python3.12/site-packages/master_ros2_interface/_master_ros2_interface_s.ep.rosidl_typesupport_fastrtps_c.c
-- Installing: /root/master_ros2_ws/install/master_ros2_interface/lib/python3.12/site-packages/master_ros2_interface/master_ros2_interface_s__rosidl_typesupport_c.so
-- Installing: /root/master_ros2_ws/install/master_ros2_interface/lib/python3.12/site-packages/master_ros2_interface/msg
-- Installing: /root/master_ros2_ws/install/master_ros2_interface/lib/python3.12/site-packages/master_ros2_interface/msg/_custom_msg.py
-- Installing: /root/master_ros2_ws/install/master_ros2_interface/lib/python3.12/site-packages/master_ros2_interface/msg/__init__.py
-- Installing: /root/master_ros2_ws/install/master_ros2_interface/lib/python3.12/site-packages/master_ros2_interface/msg/_custom_msg_s.c
-- Installing: /root/master_ros2_ws/install/master_ros2_interface/lib/python3.12/site-packages/master_ros2_interface/_master_ros2_interface_s.ep.rosidl_typesupport_introspection_c.c
Listing '/root/master_ros2_ws/install/master_ros2_interface/lib/python3.12/site-packages/master_ros2_interface'...
Compiling '/root/master_ros2_ws/install/master_ros2_interface/lib/python3.12/site-packages/master_ros2_interface/__init__.py'...
Listing '/root/master_ros2_ws/install/master_ros2_interface/lib/python3.12/site-packages/master_ros2_interface/msg'...
Compiling '/root/master_ros2_ws/install/master_ros2_interface/lib/python3.12/site-packages/master_ros2_interface/msg/__init__.py'...
Compiling '/root/master_ros2_ws/install/master_ros2_interface/lib/python3.12/site-packages/master_ros2_interface/msg/_custom_msg.py'...
-- Installing: /root/master_ros2_ws/install/master_ros2_interface/lib/python3.12/site-packages/master_ros2_interface/master_ros2_interface_s__rosidl_typesupport_fastrtps_c.so
-- Set non-toolchain portion of runtime path of "/root/master_ros2_ws/install/master_ros2_interface/lib/python3.12/site-packages/master_ros2_interface/master_ros2_interface_s__rosidl_typesupport_fastrtps_c.so" to ""
-- Installing: /root/master_ros2_ws/install/master_ros2_interface/lib/python3.12/site-packages/master_ros2_interface/master_ros2_interface_s__rosidl_typesupport_introspection_c.so
-- Set non-toolchain portion of runtime path of "/root/master_ros2_ws/install/master_ros2_interface/lib/python3.12/site-packages/master_ros2_interface/master_ros2_interface_s__rosidl_typesupport_introspection_c.so" to ""
-- Installing: /root/master_ros2_ws/install/master_ros2_interface/lib/python3.12/site-packages/master_ros2_interface/master_ros2_interface_s__rosidl_typesupport_c.so
-- Set non-toolchain portion of runtime path of "/root/master_ros2_ws/install/master_ros2_interface/lib/python3.12/site-packages/master_ros2_interface/master_ros2_interface_s__rosidl_typesupport_c.so" to ""
-- Installing: /root/master_ros2_ws/install/master_ros2_interface/lib/libmaster_ros2_interface__rosidl_generator_py.so
-- Set non-toolchain portion of runtime path of "/root/master_ros2_ws/install/master_ros2_interface/lib/libmaster_ros2_interface__rosidl_generator_py.so" to ""
-- Installing: /root/master_ros2_ws/install/master_ros2_interface/share/master_ros2_interface/msg/CustomMsg.idl
-- Installing: /root/master_ros2_ws/install/master_ros2_interface/share/master_ros2_interface/msg/CustomMsg.msg
-- Installing: /root/master_ros2_ws/install/master_ros2_interface/share/ament_index/resource_index/package_run_dependencies/master_ros2_interface
-- Installing: /root/master_ros2_ws/install/master_ros2_interface/share/ament_index/resource_index/parent_prefix_path/master_ros2_interface
-- Installing: /root/master_ros2_ws/install/master_ros2_interface/share/master_ros2_interface/environment/ament_prefix_path.sh
-- Installing: /root/master_ros2_ws/install/master_ros2_interface/share/master_ros2_interface/environment/ament_prefix_path.dsv
-- Installing: /root/master_ros2_ws/install/master_ros2_interface/share/master_ros2_interface/environment/path.sh
-- Installing: /root/master_ros2_ws/install/master_ros2_interface/share/master_ros2_interface/environment/path.dsv
-- Installing: /root/master_ros2_ws/install/master_ros2_interface/share/master_ros2_interface/local_setup.bash
-- Installing: /root/master_ros2_ws/install/master_ros2_interface/share/master_ros2_interface/local_setup.sh
-- Installing: /root/master_ros2_ws/install/master_ros2_interface/share/master_ros2_interface/local_setup.zsh
-- Installing: /root/master_ros2_ws/install/master_ros2_interface/share/master_ros2_interface/local_setup.dsv
-- Installing: /root/master_ros2_ws/install/master_ros2_interface/share/master_ros2_interface/package.dsv
-- Installing: /root/master_ros2_ws/install/master_ros2_interface/share/ament_index/resource_index/packages/master_ros2_interface
-- Installing: /root/master_ros2_ws/install/master_ros2_interface/share/master_ros2_interface/cmake/export_master_ros2_interface__rosidl_generator_cExport.cmake
-- Installing: /root/master_ros2_ws/install/master_ros2_interface/share/master_ros2_interface/cmake/export_master_ros2_interface__rosidl_generator_cExport-noconfig.cmake
-- Installing: /root/master_ros2_ws/install/master_ros2_interface/share/master_ros2_interface/cmake/export_master_ros2_interface__rosidl_typesupport_fastrtps_cExport.cmake
-- Installing: /root/master_ros2_ws/install/master_ros2_interface/share/master_ros2_interface/cmake/export_master_ros2_interface__rosidl_typesupport_fastrtps_cExport-noconfig.cmake
-- Installing: /root/master_ros2_ws/install/master_ros2_interface/share/master_ros2_interface/cmake/master_ros2_interface__rosidl_typesupport_introspection_cExport.cmake
-- Installing: /root/master_ros2_ws/install/master_ros2_interface/share/master_ros2_interface/cmake/master_ros2_interface__rosidl_typesupport_introspection_cExport-noconfig.cmake
-- Installing: /root/master_ros2_ws/install/master_ros2_interface/share/master_ros2_interface/cmake/master_ros2_interface__rosidl_typesupport_cExport.cmake
-- Installing: /root/master_ros2_ws/install/master_ros2_interface/share/master_ros2_interface/cmake/master_ros2_interface__rosidl_typesupport_cExport-noconfig.cmake
-- Installing: /root/master_ros2_ws/install/master_ros2_interface/share/master_ros2_interface/cmake/export_master_ros2_interface__rosidl_generator_cppExport.cmake
-- Installing: /root/master_ros2_ws/install/master_ros2_interface/share/master_ros2_interface/cmake/export_master_ros2_interface__rosidl_typesupport_fastrtps_cppExport.cmake
-- Installing: /root/master_ros2_ws/install/master_ros2_interface/share/master_ros2_interface/cmake/export_master_ros2_interface__rosidl_typesupport_fastrtps_cppExport-noconfig.cmake
-- Installing: /root/master_ros2_ws/install/master_ros2_interface/share/master_ros2_interface/cmake/master_ros2_interface__rosidl_typesupport_introspection_cppExport.cmake
-- Installing: /root/master_ros2_ws/install/master_ros2_interface/share/master_ros2_interface/cmake/master_ros2_interface__rosidl_typesupport_introspection_cppExport-noconfig.cmake
-- Installing: /root/master_ros2_ws/install/master_ros2_interface/share/master_ros2_interface/cmake/master_ros2_interface__rosidl_typesupport_cppExport.cmake
-- Installing: /root/master_ros2_ws/install/master_ros2_interface/share/master_ros2_interface/cmake/master_ros2_interface__rosidl_typesupport_cppExport-noconfig.cmake
-- Installing: /root/master_ros2_ws/install/master_ros2_interface/share/master_ros2_interface/cmake/export_master_ros2_interface__rosidl_generator_pyExport.cmake
-- Installing: /root/master_ros2_ws/install/master_ros2_interface/share/master_ros2_interface/cmake/export_master_ros2_interface__rosidl_generator_pyExport-noconfig.cmake
-- Installing: /root/master_ros2_ws/install/master_ros2_interface/share/master_ros2_interface/cmake/rosidl_cmake-extras.cmake
-- Installing: /root/master_ros2_ws/install/master_ros2_interface/share/master_ros2_interface/cmake/ament_cmake_export_include_directories-extras.cmake
-- Installing: /root/master_ros2_ws/install/master_ros2_interface/share/master_ros2_interface/cmake/ament_cmake_export_libraries-extras.cmake
-- Installing: /root/master_ros2_ws/install/master_ros2_interface/share/master_ros2_interface/cmake/ament_cmake_export_targets-extras.cmake
-- Installing: /root/master_ros2_ws/install/master_ros2_interface/share/master_ros2_interface/cmake/rosidl_cmake_export_typesupport_targets-extras.cmake
-- Installing: /root/master_ros2_ws/install/master_ros2_interface/share/master_ros2_interface/cmake/ament_cmake_export_dependencies-extras.cmake
-- Installing: /root/master_ros2_ws/install/master_ros2_interface/share/master_ros2_interface/cmake/rosidl_cmake_export_typesupport_libraries-extras.cmake
-- Installing: /root/master_ros2_ws/install/master_ros2_interface/share/master_ros2_interface/cmake/master_ros2_interfaceConfig.cmake
-- Installing: /root/master_ros2_ws/install/master_ros2_interface/share/master_ros2_interface/cmake/master_ros2_interfaceConfig-version.cmake
-- Installing: /root/master_ros2_ws/install/master_ros2_interface/share/master_ros2_interface/package.xml
