[0.020s] Invoking command in '/root/master_ros2_ws/build/master_ros2_interface': CMAKE_PREFIX_PATH=${CMAKE_PREFIX_PATH}:/opt/ros/jazzy /usr/bin/cmake /root/master_ros2_ws/src/master_ros2_interface -DCMAKE_INSTALL_PREFIX=/root/master_ros2_ws/install/master_ros2_interface
[0.050s] -- Found ament_cmake: 2.5.4 (/opt/ros/jazzy/share/ament_cmake/cmake)
[0.204s] -- Found Python3: /usr/bin/python3 (found version "3.12.3") found components: Interpreter 
[0.380s] -- Found rosidl_default_generators: 1.6.0 (/opt/ros/jazzy/share/rosidl_default_generators/cmake)
[0.397s] -- Using all available rosidl_typesupport_c: rosidl_typesupport_fastrtps_c;rosidl_typesupport_introspection_c
[0.515s] -- Using all available rosidl_typesupport_cpp: rosidl_typesupport_fastrtps_cpp;rosidl_typesupport_introspection_cpp
[0.614s] -- Found rosidl_adapter: 4.6.6 (/opt/ros/jazzy/share/rosidl_adapter/cmake)
[1.119s] -- Found ament_cmake_ros: 0.12.0 (/opt/ros/jazzy/share/ament_cmake_ros/cmake)
[1.508s] -- Using all available rosidl_typesupport_c: rosidl_typesupport_fastrtps_c;rosidl_typesupport_introspection_c
[2.019s] -- Using all available rosidl_typesupport_cpp: rosidl_typesupport_fastrtps_cpp;rosidl_typesupport_introspection_cpp
[2.035s] -- Found python_cmake_module: 0.11.1 (/opt/ros/jazzy/share/python_cmake_module/cmake)
[2.154s] -- Found PythonExtra: /usr/bin/python3  
[2.597s] -- Found Python3: /usr/bin/python3 (found version "3.12.3") found components: Interpreter Development NumPy Development.Module Development.Embed 
[2.632s] -- Found ament_lint_auto: 0.17.3 (/opt/ros/jazzy/share/ament_lint_auto/cmake)
[2.697s] -- Added test 'lint_cmake' to check CMake code style
[2.700s] -- Added test 'xmllint' to check XML markup files
[2.704s] -- Configuring done (2.7s)
[2.741s] -- Generating done (0.0s)
[2.752s] -- Build files have been written to: /root/master_ros2_ws/build/master_ros2_interface
[2.757s] Invoked command in '/root/master_ros2_ws/build/master_ros2_interface' returned '0': CMAKE_PREFIX_PATH=${CMAKE_PREFIX_PATH}:/opt/ros/jazzy /usr/bin/cmake /root/master_ros2_ws/src/master_ros2_interface -DCMAKE_INSTALL_PREFIX=/root/master_ros2_ws/install/master_ros2_interface
[2.758s] Invoking command in '/root/master_ros2_ws/build/master_ros2_interface': CMAKE_PREFIX_PATH=${CMAKE_PREFIX_PATH}:/opt/ros/jazzy /usr/bin/cmake --build /root/master_ros2_ws/build/master_ros2_interface -- -j12 -l12
[2.814s] [  2%] Generating type hashes for ROS interfaces
[2.824s] [  2%] Built target ament_cmake_python_copy_master_ros2_interface
[2.985s] [  2%] Built target master_ros2_interface__rosidl_generator_type_description
[2.998s] [  5%] Generating C code for ROS interfaces
[3.010s] [  8%] Generating C++ code for ROS interfaces
[3.024s] running egg_info
[3.025s] creating master_ros2_interface.egg-info
[3.043s] writing master_ros2_interface.egg-info/PKG-INFO
[3.044s] writing dependency_links to master_ros2_interface.egg-info/dependency_links.txt
[3.044s] writing top-level names to master_ros2_interface.egg-info/top_level.txt
[3.044s] writing manifest file 'master_ros2_interface.egg-info/SOURCES.txt'
[3.098s] reading manifest file 'master_ros2_interface.egg-info/SOURCES.txt'
[3.099s] writing manifest file 'master_ros2_interface.egg-info/SOURCES.txt'
[3.128s] [  8%] Built target ament_cmake_python_build_master_ros2_interface_egg
[3.211s] [  8%] Built target master_ros2_interface__cpp
[3.228s] [ 17%] Building C object CMakeFiles/master_ros2_interface__rosidl_generator_c.dir/rosidl_generator_c/master_ros2_interface/msg/detail/custom_msg__functions.c.o
[3.228s] [ 17%] Building C object CMakeFiles/master_ros2_interface__rosidl_generator_c.dir/rosidl_generator_c/master_ros2_interface/msg/detail/custom_msg__type_support.c.o
[3.229s] [ 17%] Building C object CMakeFiles/master_ros2_interface__rosidl_generator_c.dir/rosidl_generator_c/master_ros2_interface/msg/detail/custom_msg__description.c.o
[3.292s] [ 20%] Linking C shared library libmaster_ros2_interface__rosidl_generator_c.so
[3.331s] [ 20%] Built target master_ros2_interface__rosidl_generator_c
[3.343s] [ 32%] Generating C type support for eProsima Fast-RTPS
[3.343s] [ 32%] Generating C++ type support dispatch for ROS interfaces
[3.343s] [ 32%] Generating C type support dispatch for ROS interfaces
[3.343s] [ 32%] Generating C++ type support for eProsima Fast-RTPS
[3.344s] [ 35%] Generating C++ introspection for ROS interfaces
[3.344s] [ 38%] Generating C introspection for ROS interfaces
[3.550s] [ 41%] Building CXX object CMakeFiles/master_ros2_interface__rosidl_typesupport_cpp.dir/rosidl_typesupport_cpp/master_ros2_interface/msg/custom_msg__type_support.cpp.o
[3.562s] [ 44%] Building CXX object CMakeFiles/master_ros2_interface__rosidl_typesupport_c.dir/rosidl_typesupport_c/master_ros2_interface/msg/custom_msg__type_support.cpp.o
[3.575s] [ 47%] Building C object CMakeFiles/master_ros2_interface__rosidl_typesupport_introspection_c.dir/rosidl_typesupport_introspection_c/master_ros2_interface/msg/detail/custom_msg__type_support.c.o
[3.575s] [ 50%] Building CXX object CMakeFiles/master_ros2_interface__rosidl_typesupport_introspection_cpp.dir/rosidl_typesupport_introspection_cpp/master_ros2_interface/msg/detail/custom_msg__type_support.cpp.o
[3.590s] [ 52%] Building CXX object CMakeFiles/master_ros2_interface__rosidl_typesupport_fastrtps_cpp.dir/rosidl_typesupport_fastrtps_cpp/master_ros2_interface/msg/detail/dds_fastrtps/custom_msg__type_support.cpp.o
[3.598s] [ 55%] Building CXX object CMakeFiles/master_ros2_interface__rosidl_typesupport_fastrtps_c.dir/rosidl_typesupport_fastrtps_c/master_ros2_interface/msg/detail/custom_msg__type_support_c.cpp.o
[3.618s] [ 61%] Linking C shared library libmaster_ros2_interface__rosidl_typesupport_introspection_c.so
[3.618s] [ 61%] Linking CXX shared library libmaster_ros2_interface__rosidl_typesupport_c.so
[3.654s] [ 61%] Built target master_ros2_interface__rosidl_typesupport_introspection_c
[3.662s] [ 61%] Built target master_ros2_interface__rosidl_typesupport_c
[3.846s] [ 64%] Linking CXX shared library libmaster_ros2_interface__rosidl_typesupport_cpp.so
[3.858s] [ 67%] Linking CXX shared library libmaster_ros2_interface__rosidl_typesupport_introspection_cpp.so
[3.894s] [ 67%] Built target master_ros2_interface__rosidl_typesupport_cpp
[3.932s] [ 67%] Built target master_ros2_interface__rosidl_typesupport_introspection_cpp
[3.993s] [ 70%] Linking CXX shared library libmaster_ros2_interface__rosidl_typesupport_fastrtps_cpp.so
[3.994s] [ 73%] Linking CXX shared library libmaster_ros2_interface__rosidl_typesupport_fastrtps_c.so
[4.059s] [ 73%] Built target master_ros2_interface__rosidl_typesupport_fastrtps_c
[4.069s] [ 73%] Built target master_ros2_interface__rosidl_typesupport_fastrtps_cpp
[4.092s] [ 73%] Built target master_ros2_interface
[4.116s] [ 76%] Generating Python code for ROS interfaces
[4.326s] [ 76%] Built target master_ros2_interface__py
[4.349s] [ 79%] Building C object CMakeFiles/master_ros2_interface__rosidl_generator_py.dir/rosidl_generator_py/master_ros2_interface/msg/_custom_msg_s.c.o
[4.470s] [ 82%] Linking C shared library libmaster_ros2_interface__rosidl_generator_py.so
[4.511s] [ 82%] Built target master_ros2_interface__rosidl_generator_py
[4.535s] [ 91%] Building C object CMakeFiles/master_ros2_interface_s__rosidl_typesupport_introspection_c.dir/rosidl_generator_py/master_ros2_interface/_master_ros2_interface_s.ep.rosidl_typesupport_introspection_c.c.o
[4.535s] [ 91%] Building C object CMakeFiles/master_ros2_interface_s__rosidl_typesupport_c.dir/rosidl_generator_py/master_ros2_interface/_master_ros2_interface_s.ep.rosidl_typesupport_c.c.o
[4.535s] [ 91%] Building C object CMakeFiles/master_ros2_interface_s__rosidl_typesupport_fastrtps_c.dir/rosidl_generator_py/master_ros2_interface/_master_ros2_interface_s.ep.rosidl_typesupport_fastrtps_c.c.o
[4.621s] [ 94%] Linking C shared module rosidl_generator_py/master_ros2_interface/master_ros2_interface_s__rosidl_typesupport_c.so
[4.623s] [ 97%] Linking C shared module rosidl_generator_py/master_ros2_interface/master_ros2_interface_s__rosidl_typesupport_introspection_c.so
[4.626s] [100%] Linking C shared module rosidl_generator_py/master_ros2_interface/master_ros2_interface_s__rosidl_typesupport_fastrtps_c.so
[4.654s] [100%] Built target master_ros2_interface_s__rosidl_typesupport_introspection_c
[4.654s] [100%] Built target master_ros2_interface_s__rosidl_typesupport_c
[4.659s] [100%] Built target master_ros2_interface_s__rosidl_typesupport_fastrtps_c
[4.672s] Invoked command in '/root/master_ros2_ws/build/master_ros2_interface' returned '0': CMAKE_PREFIX_PATH=${CMAKE_PREFIX_PATH}:/opt/ros/jazzy /usr/bin/cmake --build /root/master_ros2_ws/build/master_ros2_interface -- -j12 -l12
[4.683s] Invoking command in '/root/master_ros2_ws/build/master_ros2_interface': CMAKE_PREFIX_PATH=${CMAKE_PREFIX_PATH}:/opt/ros/jazzy /usr/bin/cmake --install /root/master_ros2_ws/build/master_ros2_interface
[4.693s] -- Install configuration: ""
[4.693s] -- Installing: /root/master_ros2_ws/install/master_ros2_interface/share/ament_index/resource_index/rosidl_interfaces/master_ros2_interface
[4.693s] -- Installing: /root/master_ros2_ws/install/master_ros2_interface/share/master_ros2_interface/msg/CustomMsg.json
[4.693s] -- Installing: /root/master_ros2_ws/install/master_ros2_interface/include/master_ros2_interface/master_ros2_interface
[4.693s] -- Installing: /root/master_ros2_ws/install/master_ros2_interface/include/master_ros2_interface/master_ros2_interface/msg
[4.694s] -- Installing: /root/master_ros2_ws/install/master_ros2_interface/include/master_ros2_interface/master_ros2_interface/msg/detail
[4.694s] -- Installing: /root/master_ros2_ws/install/master_ros2_interface/include/master_ros2_interface/master_ros2_interface/msg/detail/custom_msg__type_support.h
[4.694s] -- Installing: /root/master_ros2_ws/install/master_ros2_interface/include/master_ros2_interface/master_ros2_interface/msg/detail/custom_msg__functions.h
[4.694s] -- Installing: /root/master_ros2_ws/install/master_ros2_interface/include/master_ros2_interface/master_ros2_interface/msg/detail/custom_msg__type_support.c
[4.694s] -- Installing: /root/master_ros2_ws/install/master_ros2_interface/include/master_ros2_interface/master_ros2_interface/msg/detail/custom_msg__functions.c
[4.694s] -- Installing: /root/master_ros2_ws/install/master_ros2_interface/include/master_ros2_interface/master_ros2_interface/msg/detail/custom_msg__description.c
[4.694s] -- Installing: /root/master_ros2_ws/install/master_ros2_interface/include/master_ros2_interface/master_ros2_interface/msg/detail/custom_msg__struct.h
[4.695s] -- Installing: /root/master_ros2_ws/install/master_ros2_interface/include/master_ros2_interface/master_ros2_interface/msg/rosidl_generator_c__visibility_control.h
[4.695s] -- Installing: /root/master_ros2_ws/install/master_ros2_interface/include/master_ros2_interface/master_ros2_interface/msg/custom_msg.h
[4.695s] -- Installing: /root/master_ros2_ws/install/master_ros2_interface/share/master_ros2_interface/environment/library_path.sh
[4.695s] -- Installing: /root/master_ros2_ws/install/master_ros2_interface/share/master_ros2_interface/environment/library_path.dsv
[4.695s] -- Installing: /root/master_ros2_ws/install/master_ros2_interface/lib/libmaster_ros2_interface__rosidl_generator_c.so
[4.696s] -- Set non-toolchain portion of runtime path of "/root/master_ros2_ws/install/master_ros2_interface/lib/libmaster_ros2_interface__rosidl_generator_c.so" to ""
[4.696s] -- Up-to-date: /root/master_ros2_ws/install/master_ros2_interface/include/master_ros2_interface/master_ros2_interface
[4.696s] -- Up-to-date: /root/master_ros2_ws/install/master_ros2_interface/include/master_ros2_interface/master_ros2_interface/msg
[4.696s] -- Up-to-date: /root/master_ros2_ws/install/master_ros2_interface/include/master_ros2_interface/master_ros2_interface/msg/detail
[4.696s] -- Installing: /root/master_ros2_ws/install/master_ros2_interface/include/master_ros2_interface/master_ros2_interface/msg/detail/custom_msg__rosidl_typesupport_fastrtps_c.h
[4.696s] -- Installing: /root/master_ros2_ws/install/master_ros2_interface/include/master_ros2_interface/master_ros2_interface/msg/rosidl_typesupport_fastrtps_c__visibility_control.h
[4.696s] -- Installing: /root/master_ros2_ws/install/master_ros2_interface/lib/libmaster_ros2_interface__rosidl_typesupport_fastrtps_c.so
[4.697s] -- Set non-toolchain portion of runtime path of "/root/master_ros2_ws/install/master_ros2_interface/lib/libmaster_ros2_interface__rosidl_typesupport_fastrtps_c.so" to ""
[4.697s] -- Up-to-date: /root/master_ros2_ws/install/master_ros2_interface/include/master_ros2_interface/master_ros2_interface
[4.697s] -- Up-to-date: /root/master_ros2_ws/install/master_ros2_interface/include/master_ros2_interface/master_ros2_interface/msg
[4.697s] -- Up-to-date: /root/master_ros2_ws/install/master_ros2_interface/include/master_ros2_interface/master_ros2_interface/msg/detail
[4.697s] -- Up-to-date: /root/master_ros2_ws/install/master_ros2_interface/include/master_ros2_interface/master_ros2_interface/msg/detail/custom_msg__type_support.c
[4.697s] -- Installing: /root/master_ros2_ws/install/master_ros2_interface/include/master_ros2_interface/master_ros2_interface/msg/detail/custom_msg__rosidl_typesupport_introspection_c.h
[4.697s] -- Installing: /root/master_ros2_ws/install/master_ros2_interface/include/master_ros2_interface/master_ros2_interface/msg/rosidl_typesupport_introspection_c__visibility_control.h
[4.698s] -- Installing: /root/master_ros2_ws/install/master_ros2_interface/lib/libmaster_ros2_interface__rosidl_typesupport_introspection_c.so
[4.698s] -- Set non-toolchain portion of runtime path of "/root/master_ros2_ws/install/master_ros2_interface/lib/libmaster_ros2_interface__rosidl_typesupport_introspection_c.so" to ""
[4.698s] -- Installing: /root/master_ros2_ws/install/master_ros2_interface/lib/libmaster_ros2_interface__rosidl_typesupport_c.so
[4.698s] -- Set non-toolchain portion of runtime path of "/root/master_ros2_ws/install/master_ros2_interface/lib/libmaster_ros2_interface__rosidl_typesupport_c.so" to ""
[4.699s] -- Up-to-date: /root/master_ros2_ws/install/master_ros2_interface/include/master_ros2_interface/master_ros2_interface
[4.699s] -- Up-to-date: /root/master_ros2_ws/install/master_ros2_interface/include/master_ros2_interface/master_ros2_interface/msg
[4.699s] -- Installing: /root/master_ros2_ws/install/master_ros2_interface/include/master_ros2_interface/master_ros2_interface/msg/rosidl_generator_cpp__visibility_control.hpp
[4.699s] -- Up-to-date: /root/master_ros2_ws/install/master_ros2_interface/include/master_ros2_interface/master_ros2_interface/msg/detail
[4.699s] -- Installing: /root/master_ros2_ws/install/master_ros2_interface/include/master_ros2_interface/master_ros2_interface/msg/detail/custom_msg__struct.hpp
[4.699s] -- Installing: /root/master_ros2_ws/install/master_ros2_interface/include/master_ros2_interface/master_ros2_interface/msg/detail/custom_msg__type_support.hpp
[4.699s] -- Installing: /root/master_ros2_ws/install/master_ros2_interface/include/master_ros2_interface/master_ros2_interface/msg/detail/custom_msg__builder.hpp
[4.699s] -- Installing: /root/master_ros2_ws/install/master_ros2_interface/include/master_ros2_interface/master_ros2_interface/msg/detail/custom_msg__traits.hpp
[4.699s] -- Installing: /root/master_ros2_ws/install/master_ros2_interface/include/master_ros2_interface/master_ros2_interface/msg/custom_msg.hpp
[4.700s] -- Up-to-date: /root/master_ros2_ws/install/master_ros2_interface/include/master_ros2_interface/master_ros2_interface
[4.700s] -- Up-to-date: /root/master_ros2_ws/install/master_ros2_interface/include/master_ros2_interface/master_ros2_interface/msg
[4.700s] -- Up-to-date: /root/master_ros2_ws/install/master_ros2_interface/include/master_ros2_interface/master_ros2_interface/msg/detail
[4.700s] -- Installing: /root/master_ros2_ws/install/master_ros2_interface/include/master_ros2_interface/master_ros2_interface/msg/detail/custom_msg__rosidl_typesupport_fastrtps_cpp.hpp
[4.700s] -- Installing: /root/master_ros2_ws/install/master_ros2_interface/include/master_ros2_interface/master_ros2_interface/msg/detail/dds_fastrtps
[4.700s] -- Installing: /root/master_ros2_ws/install/master_ros2_interface/include/master_ros2_interface/master_ros2_interface/msg/rosidl_typesupport_fastrtps_cpp__visibility_control.h
[4.700s] -- Installing: /root/master_ros2_ws/install/master_ros2_interface/lib/libmaster_ros2_interface__rosidl_typesupport_fastrtps_cpp.so
[4.701s] -- Set non-toolchain portion of runtime path of "/root/master_ros2_ws/install/master_ros2_interface/lib/libmaster_ros2_interface__rosidl_typesupport_fastrtps_cpp.so" to ""
[4.701s] -- Up-to-date: /root/master_ros2_ws/install/master_ros2_interface/include/master_ros2_interface/master_ros2_interface
[4.701s] -- Up-to-date: /root/master_ros2_ws/install/master_ros2_interface/include/master_ros2_interface/master_ros2_interface/msg
[4.701s] -- Up-to-date: /root/master_ros2_ws/install/master_ros2_interface/include/master_ros2_interface/master_ros2_interface/msg/detail
[4.701s] -- Installing: /root/master_ros2_ws/install/master_ros2_interface/include/master_ros2_interface/master_ros2_interface/msg/detail/custom_msg__rosidl_typesupport_introspection_cpp.hpp
[4.701s] -- Installing: /root/master_ros2_ws/install/master_ros2_interface/include/master_ros2_interface/master_ros2_interface/msg/detail/custom_msg__type_support.cpp
[4.701s] -- Installing: /root/master_ros2_ws/install/master_ros2_interface/lib/libmaster_ros2_interface__rosidl_typesupport_introspection_cpp.so
[4.702s] -- Set non-toolchain portion of runtime path of "/root/master_ros2_ws/install/master_ros2_interface/lib/libmaster_ros2_interface__rosidl_typesupport_introspection_cpp.so" to ""
[4.702s] -- Installing: /root/master_ros2_ws/install/master_ros2_interface/lib/libmaster_ros2_interface__rosidl_typesupport_cpp.so
[4.702s] -- Set non-toolchain portion of runtime path of "/root/master_ros2_ws/install/master_ros2_interface/lib/libmaster_ros2_interface__rosidl_typesupport_cpp.so" to ""
[4.702s] -- Installing: /root/master_ros2_ws/install/master_ros2_interface/share/master_ros2_interface/environment/pythonpath.sh
[4.702s] -- Installing: /root/master_ros2_ws/install/master_ros2_interface/share/master_ros2_interface/environment/pythonpath.dsv
[4.703s] -- Installing: /root/master_ros2_ws/install/master_ros2_interface/lib/python3.12/site-packages/master_ros2_interface-0.0.0-py3.12.egg-info
[4.703s] -- Installing: /root/master_ros2_ws/install/master_ros2_interface/lib/python3.12/site-packages/master_ros2_interface-0.0.0-py3.12.egg-info/SOURCES.txt
[4.703s] -- Installing: /root/master_ros2_ws/install/master_ros2_interface/lib/python3.12/site-packages/master_ros2_interface-0.0.0-py3.12.egg-info/top_level.txt
[4.703s] -- Installing: /root/master_ros2_ws/install/master_ros2_interface/lib/python3.12/site-packages/master_ros2_interface-0.0.0-py3.12.egg-info/dependency_links.txt
[4.703s] -- Installing: /root/master_ros2_ws/install/master_ros2_interface/lib/python3.12/site-packages/master_ros2_interface-0.0.0-py3.12.egg-info/PKG-INFO
[4.703s] -- Installing: /root/master_ros2_ws/install/master_ros2_interface/lib/python3.12/site-packages/master_ros2_interface
[4.704s] -- Installing: /root/master_ros2_ws/install/master_ros2_interface/lib/python3.12/site-packages/master_ros2_interface/master_ros2_interface_s__rosidl_typesupport_introspection_c.so
[4.704s] -- Installing: /root/master_ros2_ws/install/master_ros2_interface/lib/python3.12/site-packages/master_ros2_interface/_master_ros2_interface_s.ep.rosidl_typesupport_c.c
[4.704s] -- Installing: /root/master_ros2_ws/install/master_ros2_interface/lib/python3.12/site-packages/master_ros2_interface/__init__.py
[4.704s] -- Installing: /root/master_ros2_ws/install/master_ros2_interface/lib/python3.12/site-packages/master_ros2_interface/master_ros2_interface_s__rosidl_typesupport_fastrtps_c.so
[4.704s] -- Installing: /root/master_ros2_ws/install/master_ros2_interface/lib/python3.12/site-packages/master_ros2_interface/_master_ros2_interface_s.ep.rosidl_typesupport_fastrtps_c.c
[4.704s] -- Installing: /root/master_ros2_ws/install/master_ros2_interface/lib/python3.12/site-packages/master_ros2_interface/master_ros2_interface_s__rosidl_typesupport_c.so
[4.704s] -- Installing: /root/master_ros2_ws/install/master_ros2_interface/lib/python3.12/site-packages/master_ros2_interface/msg
[4.705s] -- Installing: /root/master_ros2_ws/install/master_ros2_interface/lib/python3.12/site-packages/master_ros2_interface/msg/_custom_msg.py
[4.705s] -- Installing: /root/master_ros2_ws/install/master_ros2_interface/lib/python3.12/site-packages/master_ros2_interface/msg/__init__.py
[4.705s] -- Installing: /root/master_ros2_ws/install/master_ros2_interface/lib/python3.12/site-packages/master_ros2_interface/msg/_custom_msg_s.c
[4.705s] -- Installing: /root/master_ros2_ws/install/master_ros2_interface/lib/python3.12/site-packages/master_ros2_interface/_master_ros2_interface_s.ep.rosidl_typesupport_introspection_c.c
[4.738s] Listing '/root/master_ros2_ws/install/master_ros2_interface/lib/python3.12/site-packages/master_ros2_interface'...
[4.738s] Compiling '/root/master_ros2_ws/install/master_ros2_interface/lib/python3.12/site-packages/master_ros2_interface/__init__.py'...
[4.738s] Listing '/root/master_ros2_ws/install/master_ros2_interface/lib/python3.12/site-packages/master_ros2_interface/msg'...
[4.738s] Compiling '/root/master_ros2_ws/install/master_ros2_interface/lib/python3.12/site-packages/master_ros2_interface/msg/__init__.py'...
[4.738s] Compiling '/root/master_ros2_ws/install/master_ros2_interface/lib/python3.12/site-packages/master_ros2_interface/msg/_custom_msg.py'...
[4.742s] -- Installing: /root/master_ros2_ws/install/master_ros2_interface/lib/python3.12/site-packages/master_ros2_interface/master_ros2_interface_s__rosidl_typesupport_fastrtps_c.so
[4.743s] -- Set non-toolchain portion of runtime path of "/root/master_ros2_ws/install/master_ros2_interface/lib/python3.12/site-packages/master_ros2_interface/master_ros2_interface_s__rosidl_typesupport_fastrtps_c.so" to ""
[4.743s] -- Installing: /root/master_ros2_ws/install/master_ros2_interface/lib/python3.12/site-packages/master_ros2_interface/master_ros2_interface_s__rosidl_typesupport_introspection_c.so
[4.743s] -- Set non-toolchain portion of runtime path of "/root/master_ros2_ws/install/master_ros2_interface/lib/python3.12/site-packages/master_ros2_interface/master_ros2_interface_s__rosidl_typesupport_introspection_c.so" to ""
[4.743s] -- Installing: /root/master_ros2_ws/install/master_ros2_interface/lib/python3.12/site-packages/master_ros2_interface/master_ros2_interface_s__rosidl_typesupport_c.so
[4.744s] -- Set non-toolchain portion of runtime path of "/root/master_ros2_ws/install/master_ros2_interface/lib/python3.12/site-packages/master_ros2_interface/master_ros2_interface_s__rosidl_typesupport_c.so" to ""
[4.744s] -- Installing: /root/master_ros2_ws/install/master_ros2_interface/lib/libmaster_ros2_interface__rosidl_generator_py.so
[4.744s] -- Set non-toolchain portion of runtime path of "/root/master_ros2_ws/install/master_ros2_interface/lib/libmaster_ros2_interface__rosidl_generator_py.so" to ""
[4.745s] -- Installing: /root/master_ros2_ws/install/master_ros2_interface/share/master_ros2_interface/msg/CustomMsg.idl
[4.745s] -- Installing: /root/master_ros2_ws/install/master_ros2_interface/share/master_ros2_interface/msg/CustomMsg.msg
[4.745s] -- Installing: /root/master_ros2_ws/install/master_ros2_interface/share/ament_index/resource_index/package_run_dependencies/master_ros2_interface
[4.745s] -- Installing: /root/master_ros2_ws/install/master_ros2_interface/share/ament_index/resource_index/parent_prefix_path/master_ros2_interface
[4.746s] -- Installing: /root/master_ros2_ws/install/master_ros2_interface/share/master_ros2_interface/environment/ament_prefix_path.sh
[4.746s] -- Installing: /root/master_ros2_ws/install/master_ros2_interface/share/master_ros2_interface/environment/ament_prefix_path.dsv
[4.746s] -- Installing: /root/master_ros2_ws/install/master_ros2_interface/share/master_ros2_interface/environment/path.sh
[4.746s] -- Installing: /root/master_ros2_ws/install/master_ros2_interface/share/master_ros2_interface/environment/path.dsv
[4.746s] -- Installing: /root/master_ros2_ws/install/master_ros2_interface/share/master_ros2_interface/local_setup.bash
[4.746s] -- Installing: /root/master_ros2_ws/install/master_ros2_interface/share/master_ros2_interface/local_setup.sh
[4.747s] -- Installing: /root/master_ros2_ws/install/master_ros2_interface/share/master_ros2_interface/local_setup.zsh
[4.747s] -- Installing: /root/master_ros2_ws/install/master_ros2_interface/share/master_ros2_interface/local_setup.dsv
[4.747s] -- Installing: /root/master_ros2_ws/install/master_ros2_interface/share/master_ros2_interface/package.dsv
[4.747s] -- Installing: /root/master_ros2_ws/install/master_ros2_interface/share/ament_index/resource_index/packages/master_ros2_interface
[4.748s] -- Installing: /root/master_ros2_ws/install/master_ros2_interface/share/master_ros2_interface/cmake/export_master_ros2_interface__rosidl_generator_cExport.cmake
[4.748s] -- Installing: /root/master_ros2_ws/install/master_ros2_interface/share/master_ros2_interface/cmake/export_master_ros2_interface__rosidl_generator_cExport-noconfig.cmake
[4.748s] -- Installing: /root/master_ros2_ws/install/master_ros2_interface/share/master_ros2_interface/cmake/export_master_ros2_interface__rosidl_typesupport_fastrtps_cExport.cmake
[4.748s] -- Installing: /root/master_ros2_ws/install/master_ros2_interface/share/master_ros2_interface/cmake/export_master_ros2_interface__rosidl_typesupport_fastrtps_cExport-noconfig.cmake
[4.749s] -- Installing: /root/master_ros2_ws/install/master_ros2_interface/share/master_ros2_interface/cmake/master_ros2_interface__rosidl_typesupport_introspection_cExport.cmake
[4.749s] -- Installing: /root/master_ros2_ws/install/master_ros2_interface/share/master_ros2_interface/cmake/master_ros2_interface__rosidl_typesupport_introspection_cExport-noconfig.cmake
[4.749s] -- Installing: /root/master_ros2_ws/install/master_ros2_interface/share/master_ros2_interface/cmake/master_ros2_interface__rosidl_typesupport_cExport.cmake
[4.749s] -- Installing: /root/master_ros2_ws/install/master_ros2_interface/share/master_ros2_interface/cmake/master_ros2_interface__rosidl_typesupport_cExport-noconfig.cmake
[4.749s] -- Installing: /root/master_ros2_ws/install/master_ros2_interface/share/master_ros2_interface/cmake/export_master_ros2_interface__rosidl_generator_cppExport.cmake
[4.750s] -- Installing: /root/master_ros2_ws/install/master_ros2_interface/share/master_ros2_interface/cmake/export_master_ros2_interface__rosidl_typesupport_fastrtps_cppExport.cmake
[4.750s] -- Installing: /root/master_ros2_ws/install/master_ros2_interface/share/master_ros2_interface/cmake/export_master_ros2_interface__rosidl_typesupport_fastrtps_cppExport-noconfig.cmake
[4.750s] -- Installing: /root/master_ros2_ws/install/master_ros2_interface/share/master_ros2_interface/cmake/master_ros2_interface__rosidl_typesupport_introspection_cppExport.cmake
[4.750s] -- Installing: /root/master_ros2_ws/install/master_ros2_interface/share/master_ros2_interface/cmake/master_ros2_interface__rosidl_typesupport_introspection_cppExport-noconfig.cmake
[4.750s] -- Installing: /root/master_ros2_ws/install/master_ros2_interface/share/master_ros2_interface/cmake/master_ros2_interface__rosidl_typesupport_cppExport.cmake
[4.751s] -- Installing: /root/master_ros2_ws/install/master_ros2_interface/share/master_ros2_interface/cmake/master_ros2_interface__rosidl_typesupport_cppExport-noconfig.cmake
[4.751s] -- Installing: /root/master_ros2_ws/install/master_ros2_interface/share/master_ros2_interface/cmake/export_master_ros2_interface__rosidl_generator_pyExport.cmake
[4.751s] -- Installing: /root/master_ros2_ws/install/master_ros2_interface/share/master_ros2_interface/cmake/export_master_ros2_interface__rosidl_generator_pyExport-noconfig.cmake
[4.751s] -- Installing: /root/master_ros2_ws/install/master_ros2_interface/share/master_ros2_interface/cmake/rosidl_cmake-extras.cmake
[4.751s] -- Installing: /root/master_ros2_ws/install/master_ros2_interface/share/master_ros2_interface/cmake/ament_cmake_export_include_directories-extras.cmake
[4.752s] -- Installing: /root/master_ros2_ws/install/master_ros2_interface/share/master_ros2_interface/cmake/ament_cmake_export_libraries-extras.cmake
[4.752s] -- Installing: /root/master_ros2_ws/install/master_ros2_interface/share/master_ros2_interface/cmake/ament_cmake_export_targets-extras.cmake
[4.752s] -- Installing: /root/master_ros2_ws/install/master_ros2_interface/share/master_ros2_interface/cmake/rosidl_cmake_export_typesupport_targets-extras.cmake
[4.752s] -- Installing: /root/master_ros2_ws/install/master_ros2_interface/share/master_ros2_interface/cmake/ament_cmake_export_dependencies-extras.cmake
[4.753s] -- Installing: /root/master_ros2_ws/install/master_ros2_interface/share/master_ros2_interface/cmake/rosidl_cmake_export_typesupport_libraries-extras.cmake
[4.753s] -- Installing: /root/master_ros2_ws/install/master_ros2_interface/share/master_ros2_interface/cmake/master_ros2_interfaceConfig.cmake
[4.753s] -- Installing: /root/master_ros2_ws/install/master_ros2_interface/share/master_ros2_interface/cmake/master_ros2_interfaceConfig-version.cmake
[4.753s] -- Installing: /root/master_ros2_ws/install/master_ros2_interface/share/master_ros2_interface/package.xml
[4.755s] Invoked command in '/root/master_ros2_ws/build/master_ros2_interface' returned '0': CMAKE_PREFIX_PATH=${CMAKE_PREFIX_PATH}:/opt/ros/jazzy /usr/bin/cmake --install /root/master_ros2_ws/build/master_ros2_interface
