[ 50%] Built target subscriber_node
[100%] Built target publisher_node
-- Install configuration: ""
-- Up-to-date: /root/master_ros2_ws/install/master_ros2_pkg/lib/master_ros2_pkg/publisher_node
-- Up-to-date: /root/master_ros2_ws/install/master_ros2_pkg/lib/master_ros2_pkg/subscriber_node
-- Up-to-date: /root/master_ros2_ws/install/master_ros2_pkg/share/ament_index/resource_index/package_run_dependencies/master_ros2_pkg
-- Up-to-date: /root/master_ros2_ws/install/master_ros2_pkg/share/ament_index/resource_index/parent_prefix_path/master_ros2_pkg
-- Up-to-date: /root/master_ros2_ws/install/master_ros2_pkg/share/master_ros2_pkg/environment/ament_prefix_path.sh
-- Up-to-date: /root/master_ros2_ws/install/master_ros2_pkg/share/master_ros2_pkg/environment/ament_prefix_path.dsv
-- Up-to-date: /root/master_ros2_ws/install/master_ros2_pkg/share/master_ros2_pkg/environment/path.sh
-- Up-to-date: /root/master_ros2_ws/install/master_ros2_pkg/share/master_ros2_pkg/environment/path.dsv
-- Up-to-date: /root/master_ros2_ws/install/master_ros2_pkg/share/master_ros2_pkg/local_setup.bash
-- Up-to-date: /root/master_ros2_ws/install/master_ros2_pkg/share/master_ros2_pkg/local_setup.sh
-- Up-to-date: /root/master_ros2_ws/install/master_ros2_pkg/share/master_ros2_pkg/local_setup.zsh
-- Up-to-date: /root/master_ros2_ws/install/master_ros2_pkg/share/master_ros2_pkg/local_setup.dsv
-- Installing: /root/master_ros2_ws/install/master_ros2_pkg/share/master_ros2_pkg/package.dsv
-- Up-to-date: /root/master_ros2_ws/install/master_ros2_pkg/share/ament_index/resource_index/packages/master_ros2_pkg
-- Up-to-date: /root/master_ros2_ws/install/master_ros2_pkg/share/master_ros2_pkg/cmake/master_ros2_pkgConfig.cmake
-- Up-to-date: /root/master_ros2_ws/install/master_ros2_pkg/share/master_ros2_pkg/cmake/master_ros2_pkgConfig-version.cmake
-- Up-to-date: /root/master_ros2_ws/install/master_ros2_pkg/share/master_ros2_pkg/package.xml
