[0.015s] Invoking command in '/root/master_ros2_ws/build/master_ros2_pkg': CMAKE_PREFIX_PATH=/root/master_ros2_ws/install/master_ros2_interface:/root/master_ros2_ws/install/master_ros2_pkg:/opt/ros/jazzy/opt/gz_sim_vendor:/opt/ros/jazzy/opt/gz_sensors_vendor:/opt/ros/jazzy/opt/gz_physics_vendor:/opt/ros/jazzy/opt/sdformat_vendor:/opt/ros/jazzy/opt/gz_gui_vendor:/opt/ros/jazzy/opt/gz_transport_vendor:/opt/ros/jazzy/opt/gz_rendering_vendor:/opt/ros/jazzy/opt/gz_plugin_vendor:/opt/ros/jazzy/opt/gz_fuel_tools_vendor:/opt/ros/jazzy/opt/gz_msgs_vendor:/opt/ros/jazzy/opt/gz_common_vendor:/opt/ros/jazzy/opt/gz_math_vendor:/opt/ros/jazzy/opt/gz_utils_vendor:/opt/ros/jazzy/opt/gz_tools_vendor:/opt/ros/jazzy/opt/gz_ogre_next_vendor:/opt/ros/jazzy/opt/gz_dartsim_vendor:/opt/ros/jazzy/opt/gz_cmake_vendor:/opt/ros/jazzy /usr/bin/cmake --build /root/master_ros2_ws/build/master_ros2_pkg -- -j12 -l12
[0.083s] [ 50%] Built target subscriber_node
[0.089s] [100%] Built target publisher_node
[0.100s] Invoked command in '/root/master_ros2_ws/build/master_ros2_pkg' returned '0': CMAKE_PREFIX_PATH=/root/master_ros2_ws/install/master_ros2_interface:/root/master_ros2_ws/install/master_ros2_pkg:/opt/ros/jazzy/opt/gz_sim_vendor:/opt/ros/jazzy/opt/gz_sensors_vendor:/opt/ros/jazzy/opt/gz_physics_vendor:/opt/ros/jazzy/opt/sdformat_vendor:/opt/ros/jazzy/opt/gz_gui_vendor:/opt/ros/jazzy/opt/gz_transport_vendor:/opt/ros/jazzy/opt/gz_rendering_vendor:/opt/ros/jazzy/opt/gz_plugin_vendor:/opt/ros/jazzy/opt/gz_fuel_tools_vendor:/opt/ros/jazzy/opt/gz_msgs_vendor:/opt/ros/jazzy/opt/gz_common_vendor:/opt/ros/jazzy/opt/gz_math_vendor:/opt/ros/jazzy/opt/gz_utils_vendor:/opt/ros/jazzy/opt/gz_tools_vendor:/opt/ros/jazzy/opt/gz_ogre_next_vendor:/opt/ros/jazzy/opt/gz_dartsim_vendor:/opt/ros/jazzy/opt/gz_cmake_vendor:/opt/ros/jazzy /usr/bin/cmake --build /root/master_ros2_ws/build/master_ros2_pkg -- -j12 -l12
[0.101s] Invoking command in '/root/master_ros2_ws/build/master_ros2_pkg': CMAKE_PREFIX_PATH=/root/master_ros2_ws/install/master_ros2_interface:/root/master_ros2_ws/install/master_ros2_pkg:/opt/ros/jazzy/opt/gz_sim_vendor:/opt/ros/jazzy/opt/gz_sensors_vendor:/opt/ros/jazzy/opt/gz_physics_vendor:/opt/ros/jazzy/opt/sdformat_vendor:/opt/ros/jazzy/opt/gz_gui_vendor:/opt/ros/jazzy/opt/gz_transport_vendor:/opt/ros/jazzy/opt/gz_rendering_vendor:/opt/ros/jazzy/opt/gz_plugin_vendor:/opt/ros/jazzy/opt/gz_fuel_tools_vendor:/opt/ros/jazzy/opt/gz_msgs_vendor:/opt/ros/jazzy/opt/gz_common_vendor:/opt/ros/jazzy/opt/gz_math_vendor:/opt/ros/jazzy/opt/gz_utils_vendor:/opt/ros/jazzy/opt/gz_tools_vendor:/opt/ros/jazzy/opt/gz_ogre_next_vendor:/opt/ros/jazzy/opt/gz_dartsim_vendor:/opt/ros/jazzy/opt/gz_cmake_vendor:/opt/ros/jazzy /usr/bin/cmake --install /root/master_ros2_ws/build/master_ros2_pkg
[0.110s] -- Install configuration: ""
[0.110s] -- Up-to-date: /root/master_ros2_ws/install/master_ros2_pkg/lib/master_ros2_pkg/publisher_node
[0.111s] -- Up-to-date: /root/master_ros2_ws/install/master_ros2_pkg/lib/master_ros2_pkg/subscriber_node
[0.111s] -- Up-to-date: /root/master_ros2_ws/install/master_ros2_pkg/share/ament_index/resource_index/package_run_dependencies/master_ros2_pkg
[0.111s] -- Up-to-date: /root/master_ros2_ws/install/master_ros2_pkg/share/ament_index/resource_index/parent_prefix_path/master_ros2_pkg
[0.111s] -- Up-to-date: /root/master_ros2_ws/install/master_ros2_pkg/share/master_ros2_pkg/environment/ament_prefix_path.sh
[0.111s] -- Up-to-date: /root/master_ros2_ws/install/master_ros2_pkg/share/master_ros2_pkg/environment/ament_prefix_path.dsv
[0.111s] -- Up-to-date: /root/master_ros2_ws/install/master_ros2_pkg/share/master_ros2_pkg/environment/path.sh
[0.111s] -- Up-to-date: /root/master_ros2_ws/install/master_ros2_pkg/share/master_ros2_pkg/environment/path.dsv
[0.111s] -- Up-to-date: /root/master_ros2_ws/install/master_ros2_pkg/share/master_ros2_pkg/local_setup.bash
[0.112s] -- Up-to-date: /root/master_ros2_ws/install/master_ros2_pkg/share/master_ros2_pkg/local_setup.sh
[0.112s] -- Up-to-date: /root/master_ros2_ws/install/master_ros2_pkg/share/master_ros2_pkg/local_setup.zsh
[0.112s] -- Up-to-date: /root/master_ros2_ws/install/master_ros2_pkg/share/master_ros2_pkg/local_setup.dsv
[0.112s] -- Installing: /root/master_ros2_ws/install/master_ros2_pkg/share/master_ros2_pkg/package.dsv
[0.112s] -- Up-to-date: /root/master_ros2_ws/install/master_ros2_pkg/share/ament_index/resource_index/packages/master_ros2_pkg
[0.112s] -- Up-to-date: /root/master_ros2_ws/install/master_ros2_pkg/share/master_ros2_pkg/cmake/master_ros2_pkgConfig.cmake
[0.112s] -- Up-to-date: /root/master_ros2_ws/install/master_ros2_pkg/share/master_ros2_pkg/cmake/master_ros2_pkgConfig-version.cmake
[0.112s] -- Up-to-date: /root/master_ros2_ws/install/master_ros2_pkg/share/master_ros2_pkg/package.xml
[0.114s] Invoked command in '/root/master_ros2_ws/build/master_ros2_pkg' returned '0': CMAKE_PREFIX_PATH=/root/master_ros2_ws/install/master_ros2_interface:/root/master_ros2_ws/install/master_ros2_pkg:/opt/ros/jazzy/opt/gz_sim_vendor:/opt/ros/jazzy/opt/gz_sensors_vendor:/opt/ros/jazzy/opt/gz_physics_vendor:/opt/ros/jazzy/opt/sdformat_vendor:/opt/ros/jazzy/opt/gz_gui_vendor:/opt/ros/jazzy/opt/gz_transport_vendor:/opt/ros/jazzy/opt/gz_rendering_vendor:/opt/ros/jazzy/opt/gz_plugin_vendor:/opt/ros/jazzy/opt/gz_fuel_tools_vendor:/opt/ros/jazzy/opt/gz_msgs_vendor:/opt/ros/jazzy/opt/gz_common_vendor:/opt/ros/jazzy/opt/gz_math_vendor:/opt/ros/jazzy/opt/gz_utils_vendor:/opt/ros/jazzy/opt/gz_tools_vendor:/opt/ros/jazzy/opt/gz_ogre_next_vendor:/opt/ros/jazzy/opt/gz_dartsim_vendor:/opt/ros/jazzy/opt/gz_cmake_vendor:/opt/ros/jazzy /usr/bin/cmake --install /root/master_ros2_ws/build/master_ros2_pkg
