[0.012s] Invoking command in '/root/master_ros2_ws/build/master_ros2_pkg': AMENT_PREFIX_PATH=/root/master_ros2_ws/install/master_ros2_interface:${AMENT_PREFIX_PATH} CMAKE_PREFIX_PATH=/root/master_ros2_ws/install/master_ros2_interface:/opt/ros/jazzy/opt/gz_sim_vendor:/opt/ros/jazzy/opt/gz_sensors_vendor:/opt/ros/jazzy/opt/gz_physics_vendor:/opt/ros/jazzy/opt/sdformat_vendor:/opt/ros/jazzy/opt/gz_gui_vendor:/opt/ros/jazzy/opt/gz_transport_vendor:/opt/ros/jazzy/opt/gz_rendering_vendor:/opt/ros/jazzy/opt/gz_plugin_vendor:/opt/ros/jazzy/opt/gz_fuel_tools_vendor:/opt/ros/jazzy/opt/gz_msgs_vendor:/opt/ros/jazzy/opt/gz_common_vendor:/opt/ros/jazzy/opt/gz_math_vendor:/opt/ros/jazzy/opt/gz_utils_vendor:/opt/ros/jazzy/opt/gz_tools_vendor:/opt/ros/jazzy/opt/gz_ogre_next_vendor:/opt/ros/jazzy/opt/gz_dartsim_vendor:/opt/ros/jazzy/opt/gz_cmake_vendor:/opt/ros/jazzy LD_LIBRARY_PATH=/root/master_ros2_ws/install/master_ros2_interface/lib:${LD_LIBRARY_PATH} PYTHONPATH=/root/master_ros2_ws/install/master_ros2_interface/lib/python3.12/site-packages:${PYTHONPATH} /usr/bin/cmake /root/master_ros2_ws/src/master_ros2_pkg -DCMAKE_INSTALL_PREFIX=/root/master_ros2_ws/install/master_ros2_pkg
[0.027s] -- Found ament_cmake: 2.5.4 (/opt/ros/jazzy/share/ament_cmake/cmake)
[0.233s] -- Found rclcpp: 28.1.13 (/opt/ros/jazzy/share/rclcpp/cmake)
[0.263s] -- Found rosidl_generator_c: 4.6.6 (/opt/ros/jazzy/share/rosidl_generator_c/cmake)
[0.271s] -- Found rosidl_generator_cpp: 4.6.6 (/opt/ros/jazzy/share/rosidl_generator_cpp/cmake)
[0.282s] -- Using all available rosidl_typesupport_c: rosidl_typesupport_fastrtps_c;rosidl_typesupport_introspection_c
[0.294s] -- Using all available rosidl_typesupport_cpp: rosidl_typesupport_fastrtps_cpp;rosidl_typesupport_introspection_cpp
[0.370s] -- Found rmw_implementation_cmake: 7.3.2 (/opt/ros/jazzy/share/rmw_implementation_cmake/cmake)
[0.372s] -- Found rmw_fastrtps_cpp: 8.4.3 (/opt/ros/jazzy/share/rmw_fastrtps_cpp/cmake)
[0.447s] -- Using RMW implementation 'rmw_fastrtps_cpp' as default
[0.521s] -- Found std_msgs: 5.3.6 (/opt/ros/jazzy/share/std_msgs/cmake)
[0.536s] -- Found master_ros2_interface: 0.0.0 (/root/master_ros2_ws/install/master_ros2_interface/share/master_ros2_interface/cmake)
[0.547s] -- Found ament_lint_auto: 0.17.3 (/opt/ros/jazzy/share/ament_lint_auto/cmake)
[0.631s] -- Added test 'cppcheck' to perform static code analysis on C / C++ code
[0.631s] -- Configured cppcheck include dirs: 
[0.631s] -- Configured cppcheck exclude dirs and/or files: 
[0.631s] -- Added test 'lint_cmake' to check CMake code style
[0.632s] -- Added test 'uncrustify' to check C / C++ code style
[0.632s] -- Configured uncrustify additional arguments: 
[0.632s] -- Added test 'xmllint' to check XML markup files
[0.634s] -- Configuring done (0.6s)
[0.650s] -- Generating done (0.0s)
[0.655s] -- Build files have been written to: /root/master_ros2_ws/build/master_ros2_pkg
[0.662s] Invoked command in '/root/master_ros2_ws/build/master_ros2_pkg' returned '0': AMENT_PREFIX_PATH=/root/master_ros2_ws/install/master_ros2_interface:${AMENT_PREFIX_PATH} CMAKE_PREFIX_PATH=/root/master_ros2_ws/install/master_ros2_interface:/opt/ros/jazzy/opt/gz_sim_vendor:/opt/ros/jazzy/opt/gz_sensors_vendor:/opt/ros/jazzy/opt/gz_physics_vendor:/opt/ros/jazzy/opt/sdformat_vendor:/opt/ros/jazzy/opt/gz_gui_vendor:/opt/ros/jazzy/opt/gz_transport_vendor:/opt/ros/jazzy/opt/gz_rendering_vendor:/opt/ros/jazzy/opt/gz_plugin_vendor:/opt/ros/jazzy/opt/gz_fuel_tools_vendor:/opt/ros/jazzy/opt/gz_msgs_vendor:/opt/ros/jazzy/opt/gz_common_vendor:/opt/ros/jazzy/opt/gz_math_vendor:/opt/ros/jazzy/opt/gz_utils_vendor:/opt/ros/jazzy/opt/gz_tools_vendor:/opt/ros/jazzy/opt/gz_ogre_next_vendor:/opt/ros/jazzy/opt/gz_dartsim_vendor:/opt/ros/jazzy/opt/gz_cmake_vendor:/opt/ros/jazzy LD_LIBRARY_PATH=/root/master_ros2_ws/install/master_ros2_interface/lib:${LD_LIBRARY_PATH} PYTHONPATH=/root/master_ros2_ws/install/master_ros2_interface/lib/python3.12/site-packages:${PYTHONPATH} /usr/bin/cmake /root/master_ros2_ws/src/master_ros2_pkg -DCMAKE_INSTALL_PREFIX=/root/master_ros2_ws/install/master_ros2_pkg
[0.663s] Invoking command in '/root/master_ros2_ws/build/master_ros2_pkg': AMENT_PREFIX_PATH=/root/master_ros2_ws/install/master_ros2_interface:${AMENT_PREFIX_PATH} CMAKE_PREFIX_PATH=/root/master_ros2_ws/install/master_ros2_interface:/opt/ros/jazzy/opt/gz_sim_vendor:/opt/ros/jazzy/opt/gz_sensors_vendor:/opt/ros/jazzy/opt/gz_physics_vendor:/opt/ros/jazzy/opt/sdformat_vendor:/opt/ros/jazzy/opt/gz_gui_vendor:/opt/ros/jazzy/opt/gz_transport_vendor:/opt/ros/jazzy/opt/gz_rendering_vendor:/opt/ros/jazzy/opt/gz_plugin_vendor:/opt/ros/jazzy/opt/gz_fuel_tools_vendor:/opt/ros/jazzy/opt/gz_msgs_vendor:/opt/ros/jazzy/opt/gz_common_vendor:/opt/ros/jazzy/opt/gz_math_vendor:/opt/ros/jazzy/opt/gz_utils_vendor:/opt/ros/jazzy/opt/gz_tools_vendor:/opt/ros/jazzy/opt/gz_ogre_next_vendor:/opt/ros/jazzy/opt/gz_dartsim_vendor:/opt/ros/jazzy/opt/gz_cmake_vendor:/opt/ros/jazzy LD_LIBRARY_PATH=/root/master_ros2_ws/install/master_ros2_interface/lib:${LD_LIBRARY_PATH} PYTHONPATH=/root/master_ros2_ws/install/master_ros2_interface/lib/python3.12/site-packages:${PYTHONPATH} /usr/bin/cmake --build /root/master_ros2_ws/build/master_ros2_pkg -- -j12 -l12
[0.725s] [ 25%] Building CXX object CMakeFiles/subscriber_node.dir/src/subscriber_node.cpp.o
[0.735s] [ 50%] Building CXX object CMakeFiles/publisher_node.dir/src/publisher_node.cpp.o
[2.664s] /root/master_ros2_ws/src/master_ros2_pkg/src/publisher_node.cpp:49:2: error: expected ‘;’ after class definition
[2.665s]    49 | }
[2.665s]       |  ^
[2.665s]       |  ;
[2.665s] /root/master_ros2_ws/src/master_ros2_pkg/src/publisher_node.cpp: In constructor ‘PublisherNode::PublisherNode()’:
[2.665s] /root/master_ros2_ws/src/master_ros2_pkg/src/publisher_node.cpp:10:73: error: ‘class rclcpp::QoS’ has no member named ‘transient_’; did you mean ‘transient_local’?
[2.665s]    10 |         auto qos_profile = rclcpp::QoS(rclcpp::KeepLast(10)).reliable().transient_ local();
[2.665s]       |                                                                         ^~~~~~~~~~
[2.665s]       |                                                                         transient_local
[3.381s] gmake[2]: *** [CMakeFiles/publisher_node.dir/build.make:76: CMakeFiles/publisher_node.dir/src/publisher_node.cpp.o] Error 1
[3.381s] gmake[1]: *** [CMakeFiles/Makefile2:139: CMakeFiles/publisher_node.dir/all] Error 2
[3.381s] gmake[1]: *** Waiting for unfinished jobs....
[8.556s] [ 75%] Linking CXX executable subscriber_node
[8.925s] [ 75%] Built target subscriber_node
[8.926s] gmake: *** [Makefile:146: all] Error 2
[8.928s] Invoked command in '/root/master_ros2_ws/build/master_ros2_pkg' returned '2': AMENT_PREFIX_PATH=/root/master_ros2_ws/install/master_ros2_interface:${AMENT_PREFIX_PATH} CMAKE_PREFIX_PATH=/root/master_ros2_ws/install/master_ros2_interface:/opt/ros/jazzy/opt/gz_sim_vendor:/opt/ros/jazzy/opt/gz_sensors_vendor:/opt/ros/jazzy/opt/gz_physics_vendor:/opt/ros/jazzy/opt/sdformat_vendor:/opt/ros/jazzy/opt/gz_gui_vendor:/opt/ros/jazzy/opt/gz_transport_vendor:/opt/ros/jazzy/opt/gz_rendering_vendor:/opt/ros/jazzy/opt/gz_plugin_vendor:/opt/ros/jazzy/opt/gz_fuel_tools_vendor:/opt/ros/jazzy/opt/gz_msgs_vendor:/opt/ros/jazzy/opt/gz_common_vendor:/opt/ros/jazzy/opt/gz_math_vendor:/opt/ros/jazzy/opt/gz_utils_vendor:/opt/ros/jazzy/opt/gz_tools_vendor:/opt/ros/jazzy/opt/gz_ogre_next_vendor:/opt/ros/jazzy/opt/gz_dartsim_vendor:/opt/ros/jazzy/opt/gz_cmake_vendor:/opt/ros/jazzy LD_LIBRARY_PATH=/root/master_ros2_ws/install/master_ros2_interface/lib:${LD_LIBRARY_PATH} PYTHONPATH=/root/master_ros2_ws/install/master_ros2_interface/lib/python3.12/site-packages:${PYTHONPATH} /usr/bin/cmake --build /root/master_ros2_ws/build/master_ros2_pkg -- -j12 -l12
