[0.000000] (-) TimerEvent: {}
[0.000458] (master_ros2_interface) JobQueued: {'identifier': 'master_ros2_interface', 'dependencies': OrderedDict()}
[0.000577] (master_ros2_pkg) JobQueued: {'identifier': 'master_ros2_pkg', 'dependencies': OrderedDict({'master_ros2_interface': '/root/master_ros2_ws/install/master_ros2_interface'})}
[0.000695] (master_ros2_interface) JobStarted: {'identifier': 'master_ros2_interface'}
[0.010232] (master_ros2_interface) JobProgress: {'identifier': 'master_ros2_interface', 'progress': 'cmake'}
[0.010677] (master_ros2_interface) JobProgress: {'identifier': 'master_ros2_interface', 'progress': 'build'}
[0.011094] (master_ros2_interface) Command: {'cmd': ['/usr/bin/cmake', '--build', '/root/master_ros2_ws/build/master_ros2_interface', '--', '-j12', '-l12'], 'cwd': '/root/master_ros2_ws/build/master_ros2_interface', 'env': OrderedDict({'GZ_SIM_RESOURCE_PATH': '/opt/ros/jazzy/share', 'GZ_CONFIG_PATH': '/opt/ros/jazzy/opt/gz_sim_vendor/share/gz:/opt/ros/jazzy/opt/sdformat_vendor/share/gz:/opt/ros/jazzy/opt/gz_gui_vendor/share/gz:/opt/ros/jazzy/opt/gz_transport_vendor/share/gz:/opt/ros/jazzy/opt/gz_rendering_vendor/share/gz:/opt/ros/jazzy/opt/gz_plugin_vendor/share/gz:/opt/ros/jazzy/opt/gz_fuel_tools_vendor/share/gz:/opt/ros/jazzy/opt/gz_msgs_vendor/share/gz:/opt/ros/jazzy/opt/gz_common_vendor/share/gz', 'HOSTNAME': 'archy-ideapad', 'SHLVL': '1', 'LD_LIBRARY_PATH': '/root/master_ros2_ws/install/master_ros2_interface/lib:/opt/ros/jazzy/opt/gz_sim_vendor/lib:/opt/ros/jazzy/opt/gz_sensors_vendor/lib:/opt/ros/jazzy/opt/gz_physics_vendor/lib:/opt/ros/jazzy/opt/sdformat_vendor/lib:/opt/ros/jazzy/opt/rviz_ogre_vendor/lib:/opt/ros/jazzy/lib/x86_64-linux-gnu:/opt/ros/jazzy/opt/gz_gui_vendor/lib:/opt/ros/jazzy/opt/gz_transport_vendor/lib:/opt/ros/jazzy/opt/gz_rendering_vendor/lib:/opt/ros/jazzy/opt/gz_plugin_vendor/lib:/opt/ros/jazzy/opt/gz_fuel_tools_vendor/lib:/opt/ros/jazzy/opt/gz_msgs_vendor/lib:/opt/ros/jazzy/opt/gz_common_vendor/lib:/opt/ros/jazzy/opt/gz_math_vendor/lib:/opt/ros/jazzy/opt/gz_utils_vendor/lib:/opt/ros/jazzy/opt/gz_tools_vendor/lib:/opt/ros/jazzy/opt/gz_ogre_next_vendor/lib:/opt/ros/jazzy/opt/gz_dartsim_vendor/lib:/opt/ros/jazzy/opt/gz_cmake_vendor/lib:/opt/ros/jazzy/lib', 'HOME': '/root', 'OLDPWD': '/root/master_ros2_ws/src/master_ros2_interface', 'ROS_PYTHON_VERSION': '3', 'COLCON_PREFIX_PATH': '/root/master_ros2_ws/install', 'ROS_DISTRO': 'jazzy', '_': '/usr/bin/colcon', 'ROS_VERSION': '2', 'TERM': 'xterm', 'QT_X11_NO_MITSHM': '1', 'PATH': '/opt/ros/jazzy/opt/gz_msgs_vendor/bin:/opt/ros/jazzy/opt/gz_tools_vendor/bin:/opt/ros/jazzy/opt/gz_ogre_next_vendor/bin:/opt/ros/jazzy/bin:/usr/local/sbin:/usr/local/bin:/usr/sbin:/usr/bin:/sbin:/bin', 'DISPLAY': ':0', 'LANG': 'C.UTF-8', 'AMENT_PREFIX_PATH': '/root/master_ros2_ws/install/master_ros2_pkg:/root/master_ros2_ws/install/master_ros2_interface:/opt/ros/jazzy', 'ROS_AUTOMATIC_DISCOVERY_RANGE': 'SUBNET', 'PWD': '/root/master_ros2_ws/build/master_ros2_interface', 'TURTLEBOT3_MODEL': 'burger', 'LC_ALL': 'C.UTF-8', 'PYTHONPATH': '/root/master_ros2_ws/install/master_ros2_interface/lib/python3.12/site-packages:/opt/ros/jazzy/lib/python3.12/site-packages', 'COLCON': '1', 'CMAKE_PREFIX_PATH': '/root/master_ros2_ws/install/master_ros2_pkg:/root/master_ros2_ws/install/master_ros2_interface:/opt/ros/jazzy/opt/gz_sim_vendor:/opt/ros/jazzy/opt/gz_sensors_vendor:/opt/ros/jazzy/opt/gz_physics_vendor:/opt/ros/jazzy/opt/sdformat_vendor:/opt/ros/jazzy/opt/gz_gui_vendor:/opt/ros/jazzy/opt/gz_transport_vendor:/opt/ros/jazzy/opt/gz_rendering_vendor:/opt/ros/jazzy/opt/gz_plugin_vendor:/opt/ros/jazzy/opt/gz_fuel_tools_vendor:/opt/ros/jazzy/opt/gz_msgs_vendor:/opt/ros/jazzy/opt/gz_common_vendor:/opt/ros/jazzy/opt/gz_math_vendor:/opt/ros/jazzy/opt/gz_utils_vendor:/opt/ros/jazzy/opt/gz_tools_vendor:/opt/ros/jazzy/opt/gz_ogre_next_vendor:/opt/ros/jazzy/opt/gz_dartsim_vendor:/opt/ros/jazzy/opt/gz_cmake_vendor:/opt/ros/jazzy'}), 'shell': False}
[0.065125] (master_ros2_interface) StdoutLine: {'line': b'[  2%] Built target master_ros2_interface__rosidl_generator_type_description\n'}
[0.075506] (master_ros2_interface) StdoutLine: {'line': b'[  2%] Built target ament_cmake_python_copy_master_ros2_interface\n'}
[0.086123] (master_ros2_interface) StdoutLine: {'line': b'[  5%] Built target master_ros2_interface__cpp\n'}
[0.086596] (master_ros2_interface) StdoutLine: {'line': b'[ 20%] Built target master_ros2_interface__rosidl_generator_c\n'}
[0.099859] (-) TimerEvent: {}
[0.114213] (master_ros2_interface) StdoutLine: {'line': b'[ 29%] Built target master_ros2_interface__rosidl_typesupport_c\n'}
[0.114620] (master_ros2_interface) StdoutLine: {'line': b'[ 38%] Built target master_ros2_interface__rosidl_typesupport_introspection_c\n'}
[0.115189] (master_ros2_interface) StdoutLine: {'line': b'[ 47%] Built target master_ros2_interface__rosidl_typesupport_introspection_cpp\n'}
[0.116737] (master_ros2_interface) StdoutLine: {'line': b'[ 55%] Built target master_ros2_interface__rosidl_typesupport_fastrtps_c\n'}
[0.118095] (master_ros2_interface) StdoutLine: {'line': b'[ 64%] Built target master_ros2_interface__rosidl_typesupport_cpp\n'}
[0.119274] (master_ros2_interface) StdoutLine: {'line': b'[ 73%] Built target master_ros2_interface__rosidl_typesupport_fastrtps_cpp\n'}
[0.145362] (master_ros2_interface) StdoutLine: {'line': b'[ 73%] Built target master_ros2_interface\n'}
[0.170745] (master_ros2_interface) StdoutLine: {'line': b'[ 76%] Built target master_ros2_interface__py\n'}
[0.196840] (master_ros2_interface) StdoutLine: {'line': b'[ 82%] Built target master_ros2_interface__rosidl_generator_py\n'}
[0.199962] (-) TimerEvent: {}
[0.224290] (master_ros2_interface) StdoutLine: {'line': b'[100%] Built target master_ros2_interface_s__rosidl_typesupport_fastrtps_c\n'}
[0.224678] (master_ros2_interface) StdoutLine: {'line': b'[100%] Built target master_ros2_interface_s__rosidl_typesupport_introspection_c\n'}
[0.224839] (master_ros2_interface) StdoutLine: {'line': b'[100%] Built target master_ros2_interface_s__rosidl_typesupport_c\n'}
[0.297361] (master_ros2_interface) StdoutLine: {'line': b'running egg_info\n'}
[0.300028] (-) TimerEvent: {}
[0.315977] (master_ros2_interface) StdoutLine: {'line': b'writing master_ros2_interface.egg-info/PKG-INFO\n'}
[0.316190] (master_ros2_interface) StdoutLine: {'line': b'writing dependency_links to master_ros2_interface.egg-info/dependency_links.txt\n'}
[0.316367] (master_ros2_interface) StdoutLine: {'line': b'writing top-level names to master_ros2_interface.egg-info/top_level.txt\n'}
[0.373830] (master_ros2_interface) StdoutLine: {'line': b"reading manifest file 'master_ros2_interface.egg-info/SOURCES.txt'\n"}
[0.374524] (master_ros2_interface) StdoutLine: {'line': b"writing manifest file 'master_ros2_interface.egg-info/SOURCES.txt'\n"}
[0.400139] (-) TimerEvent: {}
[0.403870] (master_ros2_interface) StdoutLine: {'line': b'[100%] Built target ament_cmake_python_build_master_ros2_interface_egg\n'}
[0.419799] (master_ros2_interface) CommandEnded: {'returncode': 0}
[0.420305] (master_ros2_interface) JobProgress: {'identifier': 'master_ros2_interface', 'progress': 'install'}
[0.430683] (master_ros2_interface) Command: {'cmd': ['/usr/bin/cmake', '--install', '/root/master_ros2_ws/build/master_ros2_interface'], 'cwd': '/root/master_ros2_ws/build/master_ros2_interface', 'env': OrderedDict({'GZ_SIM_RESOURCE_PATH': '/opt/ros/jazzy/share', 'GZ_CONFIG_PATH': '/opt/ros/jazzy/opt/gz_sim_vendor/share/gz:/opt/ros/jazzy/opt/sdformat_vendor/share/gz:/opt/ros/jazzy/opt/gz_gui_vendor/share/gz:/opt/ros/jazzy/opt/gz_transport_vendor/share/gz:/opt/ros/jazzy/opt/gz_rendering_vendor/share/gz:/opt/ros/jazzy/opt/gz_plugin_vendor/share/gz:/opt/ros/jazzy/opt/gz_fuel_tools_vendor/share/gz:/opt/ros/jazzy/opt/gz_msgs_vendor/share/gz:/opt/ros/jazzy/opt/gz_common_vendor/share/gz', 'HOSTNAME': 'archy-ideapad', 'SHLVL': '1', 'LD_LIBRARY_PATH': '/root/master_ros2_ws/install/master_ros2_interface/lib:/opt/ros/jazzy/opt/gz_sim_vendor/lib:/opt/ros/jazzy/opt/gz_sensors_vendor/lib:/opt/ros/jazzy/opt/gz_physics_vendor/lib:/opt/ros/jazzy/opt/sdformat_vendor/lib:/opt/ros/jazzy/opt/rviz_ogre_vendor/lib:/opt/ros/jazzy/lib/x86_64-linux-gnu:/opt/ros/jazzy/opt/gz_gui_vendor/lib:/opt/ros/jazzy/opt/gz_transport_vendor/lib:/opt/ros/jazzy/opt/gz_rendering_vendor/lib:/opt/ros/jazzy/opt/gz_plugin_vendor/lib:/opt/ros/jazzy/opt/gz_fuel_tools_vendor/lib:/opt/ros/jazzy/opt/gz_msgs_vendor/lib:/opt/ros/jazzy/opt/gz_common_vendor/lib:/opt/ros/jazzy/opt/gz_math_vendor/lib:/opt/ros/jazzy/opt/gz_utils_vendor/lib:/opt/ros/jazzy/opt/gz_tools_vendor/lib:/opt/ros/jazzy/opt/gz_ogre_next_vendor/lib:/opt/ros/jazzy/opt/gz_dartsim_vendor/lib:/opt/ros/jazzy/opt/gz_cmake_vendor/lib:/opt/ros/jazzy/lib', 'HOME': '/root', 'OLDPWD': '/root/master_ros2_ws/src/master_ros2_interface', 'ROS_PYTHON_VERSION': '3', 'COLCON_PREFIX_PATH': '/root/master_ros2_ws/install', 'ROS_DISTRO': 'jazzy', '_': '/usr/bin/colcon', 'ROS_VERSION': '2', 'TERM': 'xterm', 'QT_X11_NO_MITSHM': '1', 'PATH': '/opt/ros/jazzy/opt/gz_msgs_vendor/bin:/opt/ros/jazzy/opt/gz_tools_vendor/bin:/opt/ros/jazzy/opt/gz_ogre_next_vendor/bin:/opt/ros/jazzy/bin:/usr/local/sbin:/usr/local/bin:/usr/sbin:/usr/bin:/sbin:/bin', 'DISPLAY': ':0', 'LANG': 'C.UTF-8', 'AMENT_PREFIX_PATH': '/root/master_ros2_ws/install/master_ros2_pkg:/root/master_ros2_ws/install/master_ros2_interface:/opt/ros/jazzy', 'ROS_AUTOMATIC_DISCOVERY_RANGE': 'SUBNET', 'PWD': '/root/master_ros2_ws/build/master_ros2_interface', 'TURTLEBOT3_MODEL': 'burger', 'LC_ALL': 'C.UTF-8', 'PYTHONPATH': '/root/master_ros2_ws/install/master_ros2_interface/lib/python3.12/site-packages:/opt/ros/jazzy/lib/python3.12/site-packages', 'COLCON': '1', 'CMAKE_PREFIX_PATH': '/root/master_ros2_ws/install/master_ros2_pkg:/root/master_ros2_ws/install/master_ros2_interface:/opt/ros/jazzy/opt/gz_sim_vendor:/opt/ros/jazzy/opt/gz_sensors_vendor:/opt/ros/jazzy/opt/gz_physics_vendor:/opt/ros/jazzy/opt/sdformat_vendor:/opt/ros/jazzy/opt/gz_gui_vendor:/opt/ros/jazzy/opt/gz_transport_vendor:/opt/ros/jazzy/opt/gz_rendering_vendor:/opt/ros/jazzy/opt/gz_plugin_vendor:/opt/ros/jazzy/opt/gz_fuel_tools_vendor:/opt/ros/jazzy/opt/gz_msgs_vendor:/opt/ros/jazzy/opt/gz_common_vendor:/opt/ros/jazzy/opt/gz_math_vendor:/opt/ros/jazzy/opt/gz_utils_vendor:/opt/ros/jazzy/opt/gz_tools_vendor:/opt/ros/jazzy/opt/gz_ogre_next_vendor:/opt/ros/jazzy/opt/gz_dartsim_vendor:/opt/ros/jazzy/opt/gz_cmake_vendor:/opt/ros/jazzy'}), 'shell': False}
[0.439421] (master_ros2_interface) StdoutLine: {'line': b'-- Install configuration: ""\n'}
[0.439662] (master_ros2_interface) StdoutLine: {'line': b'-- Up-to-date: /root/master_ros2_ws/install/master_ros2_interface/share/ament_index/resource_index/rosidl_interfaces/master_ros2_interface\n'}
[0.439883] (master_ros2_interface) StdoutLine: {'line': b'-- Up-to-date: /root/master_ros2_ws/install/master_ros2_interface/share/master_ros2_interface/msg/CustomMsg.json\n'}
[0.440045] (master_ros2_interface) StdoutLine: {'line': b'-- Up-to-date: /root/master_ros2_ws/install/master_ros2_interface/include/master_ros2_interface/master_ros2_interface\n'}
[0.440132] (master_ros2_interface) StdoutLine: {'line': b'-- Up-to-date: /root/master_ros2_ws/install/master_ros2_interface/include/master_ros2_interface/master_ros2_interface/msg\n'}
[0.440195] (master_ros2_interface) StdoutLine: {'line': b'-- Up-to-date: /root/master_ros2_ws/install/master_ros2_interface/include/master_ros2_interface/master_ros2_interface/msg/detail\n'}
[0.440287] (master_ros2_interface) StdoutLine: {'line': b'-- Up-to-date: /root/master_ros2_ws/install/master_ros2_interface/include/master_ros2_interface/master_ros2_interface/msg/detail/custom_msg__type_support.h\n'}
[0.440350] (master_ros2_interface) StdoutLine: {'line': b'-- Up-to-date: /root/master_ros2_ws/install/master_ros2_interface/include/master_ros2_interface/master_ros2_interface/msg/detail/custom_msg__functions.h\n'}
[0.440413] (master_ros2_interface) StdoutLine: {'line': b'-- Up-to-date: /root/master_ros2_ws/install/master_ros2_interface/include/master_ros2_interface/master_ros2_interface/msg/detail/custom_msg__type_support.c\n'}
[0.440550] (master_ros2_interface) StdoutLine: {'line': b'-- Up-to-date: /root/master_ros2_ws/install/master_ros2_interface/include/master_ros2_interface/master_ros2_interface/msg/detail/custom_msg__functions.c\n'}
[0.440661] (master_ros2_interface) StdoutLine: {'line': b'-- Up-to-date: /root/master_ros2_ws/install/master_ros2_interface/include/master_ros2_interface/master_ros2_interface/msg/detail/custom_msg__description.c\n'}
[0.440722] (master_ros2_interface) StdoutLine: {'line': b'-- Up-to-date: /root/master_ros2_ws/install/master_ros2_interface/include/master_ros2_interface/master_ros2_interface/msg/detail/custom_msg__struct.h\n'}
[0.440808] (master_ros2_interface) StdoutLine: {'line': b'-- Up-to-date: /root/master_ros2_ws/install/master_ros2_interface/include/master_ros2_interface/master_ros2_interface/msg/rosidl_generator_c__visibility_control.h\n'}
[0.440882] (master_ros2_interface) StdoutLine: {'line': b'-- Up-to-date: /root/master_ros2_ws/install/master_ros2_interface/include/master_ros2_interface/master_ros2_interface/msg/custom_msg.h\n'}
[0.440944] (master_ros2_interface) StdoutLine: {'line': b'-- Up-to-date: /root/master_ros2_ws/install/master_ros2_interface/share/master_ros2_interface/environment/library_path.sh\n'}
[0.441039] (master_ros2_interface) StdoutLine: {'line': b'-- Up-to-date: /root/master_ros2_ws/install/master_ros2_interface/share/master_ros2_interface/environment/library_path.dsv\n'}
[0.441165] (master_ros2_interface) StdoutLine: {'line': b'-- Up-to-date: /root/master_ros2_ws/install/master_ros2_interface/lib/libmaster_ros2_interface__rosidl_generator_c.so\n'}
[0.441248] (master_ros2_interface) StdoutLine: {'line': b'-- Up-to-date: /root/master_ros2_ws/install/master_ros2_interface/include/master_ros2_interface/master_ros2_interface\n'}
[0.441308] (master_ros2_interface) StdoutLine: {'line': b'-- Up-to-date: /root/master_ros2_ws/install/master_ros2_interface/include/master_ros2_interface/master_ros2_interface/msg\n'}
[0.441387] (master_ros2_interface) StdoutLine: {'line': b'-- Up-to-date: /root/master_ros2_ws/install/master_ros2_interface/include/master_ros2_interface/master_ros2_interface/msg/detail\n'}
[0.441447] (master_ros2_interface) StdoutLine: {'line': b'-- Up-to-date: /root/master_ros2_ws/install/master_ros2_interface/include/master_ros2_interface/master_ros2_interface/msg/detail/custom_msg__rosidl_typesupport_fastrtps_c.h\n'}
[0.441527] (master_ros2_interface) StdoutLine: {'line': b'-- Up-to-date: /root/master_ros2_ws/install/master_ros2_interface/include/master_ros2_interface/master_ros2_interface/msg/rosidl_typesupport_fastrtps_c__visibility_control.h\n'}
[0.441605] (master_ros2_interface) StdoutLine: {'line': b'-- Up-to-date: /root/master_ros2_ws/install/master_ros2_interface/lib/libmaster_ros2_interface__rosidl_typesupport_fastrtps_c.so\n'}
[0.441692] (master_ros2_interface) StdoutLine: {'line': b'-- Up-to-date: /root/master_ros2_ws/install/master_ros2_interface/include/master_ros2_interface/master_ros2_interface\n'}
[0.441759] (master_ros2_interface) StdoutLine: {'line': b'-- Up-to-date: /root/master_ros2_ws/install/master_ros2_interface/include/master_ros2_interface/master_ros2_interface/msg\n'}
[0.441817] (master_ros2_interface) StdoutLine: {'line': b'-- Up-to-date: /root/master_ros2_ws/install/master_ros2_interface/include/master_ros2_interface/master_ros2_interface/msg/detail\n'}
[0.441932] (master_ros2_interface) StdoutLine: {'line': b'-- Up-to-date: /root/master_ros2_ws/install/master_ros2_interface/include/master_ros2_interface/master_ros2_interface/msg/detail/custom_msg__type_support.c\n'}
[0.442070] (master_ros2_interface) StdoutLine: {'line': b'-- Up-to-date: /root/master_ros2_ws/install/master_ros2_interface/include/master_ros2_interface/master_ros2_interface/msg/detail/custom_msg__rosidl_typesupport_introspection_c.h\n'}
[0.442200] (master_ros2_interface) StdoutLine: {'line': b'-- Up-to-date: /root/master_ros2_ws/install/master_ros2_interface/include/master_ros2_interface/master_ros2_interface/msg/rosidl_typesupport_introspection_c__visibility_control.h\n'}
[0.442340] (master_ros2_interface) StdoutLine: {'line': b'-- Up-to-date: /root/master_ros2_ws/install/master_ros2_interface/lib/libmaster_ros2_interface__rosidl_typesupport_introspection_c.so\n'}
[0.442424] (master_ros2_interface) StdoutLine: {'line': b'-- Up-to-date: /root/master_ros2_ws/install/master_ros2_interface/lib/libmaster_ros2_interface__rosidl_typesupport_c.so\n'}
[0.442487] (master_ros2_interface) StdoutLine: {'line': b'-- Up-to-date: /root/master_ros2_ws/install/master_ros2_interface/include/master_ros2_interface/master_ros2_interface\n'}
[0.442570] (master_ros2_interface) StdoutLine: {'line': b'-- Up-to-date: /root/master_ros2_ws/install/master_ros2_interface/include/master_ros2_interface/master_ros2_interface/msg\n'}
[0.442661] (master_ros2_interface) StdoutLine: {'line': b'-- Up-to-date: /root/master_ros2_ws/install/master_ros2_interface/include/master_ros2_interface/master_ros2_interface/msg/rosidl_generator_cpp__visibility_control.hpp\n'}
[0.442723] (master_ros2_interface) StdoutLine: {'line': b'-- Up-to-date: /root/master_ros2_ws/install/master_ros2_interface/include/master_ros2_interface/master_ros2_interface/msg/detail\n'}
[0.442820] (master_ros2_interface) StdoutLine: {'line': b'-- Up-to-date: /root/master_ros2_ws/install/master_ros2_interface/include/master_ros2_interface/master_ros2_interface/msg/detail/custom_msg__struct.hpp\n'}
[0.442948] (master_ros2_interface) StdoutLine: {'line': b'-- Up-to-date: /root/master_ros2_ws/install/master_ros2_interface/include/master_ros2_interface/master_ros2_interface/msg/detail/custom_msg__type_support.hpp\n'}
[0.443015] (master_ros2_interface) StdoutLine: {'line': b'-- Up-to-date: /root/master_ros2_ws/install/master_ros2_interface/include/master_ros2_interface/master_ros2_interface/msg/detail/custom_msg__builder.hpp\n'}
[0.443076] (master_ros2_interface) StdoutLine: {'line': b'-- Up-to-date: /root/master_ros2_ws/install/master_ros2_interface/include/master_ros2_interface/master_ros2_interface/msg/detail/custom_msg__traits.hpp\n'}
[0.443161] (master_ros2_interface) StdoutLine: {'line': b'-- Up-to-date: /root/master_ros2_ws/install/master_ros2_interface/include/master_ros2_interface/master_ros2_interface/msg/custom_msg.hpp\n'}
[0.443227] (master_ros2_interface) StdoutLine: {'line': b'-- Up-to-date: /root/master_ros2_ws/install/master_ros2_interface/include/master_ros2_interface/master_ros2_interface\n'}
[0.443289] (master_ros2_interface) StdoutLine: {'line': b'-- Up-to-date: /root/master_ros2_ws/install/master_ros2_interface/include/master_ros2_interface/master_ros2_interface/msg\n'}
[0.443351] (master_ros2_interface) StdoutLine: {'line': b'-- Up-to-date: /root/master_ros2_ws/install/master_ros2_interface/include/master_ros2_interface/master_ros2_interface/msg/detail\n'}
[0.443412] (master_ros2_interface) StdoutLine: {'line': b'-- Up-to-date: /root/master_ros2_ws/install/master_ros2_interface/include/master_ros2_interface/master_ros2_interface/msg/detail/custom_msg__rosidl_typesupport_fastrtps_cpp.hpp\n'}
[0.443502] (master_ros2_interface) StdoutLine: {'line': b'-- Up-to-date: /root/master_ros2_ws/install/master_ros2_interface/include/master_ros2_interface/master_ros2_interface/msg/detail/dds_fastrtps\n'}
[0.443577] (master_ros2_interface) StdoutLine: {'line': b'-- Up-to-date: /root/master_ros2_ws/install/master_ros2_interface/include/master_ros2_interface/master_ros2_interface/msg/rosidl_typesupport_fastrtps_cpp__visibility_control.h\n'}
[0.443702] (master_ros2_interface) StdoutLine: {'line': b'-- Up-to-date: /root/master_ros2_ws/install/master_ros2_interface/lib/libmaster_ros2_interface__rosidl_typesupport_fastrtps_cpp.so\n'}
[0.443819] (master_ros2_interface) StdoutLine: {'line': b'-- Up-to-date: /root/master_ros2_ws/install/master_ros2_interface/include/master_ros2_interface/master_ros2_interface\n'}
[0.443895] (master_ros2_interface) StdoutLine: {'line': b'-- Up-to-date: /root/master_ros2_ws/install/master_ros2_interface/include/master_ros2_interface/master_ros2_interface/msg\n'}
[0.443969] (master_ros2_interface) StdoutLine: {'line': b'-- Up-to-date: /root/master_ros2_ws/install/master_ros2_interface/include/master_ros2_interface/master_ros2_interface/msg/detail\n'}
[0.444054] (master_ros2_interface) StdoutLine: {'line': b'-- Up-to-date: /root/master_ros2_ws/install/master_ros2_interface/include/master_ros2_interface/master_ros2_interface/msg/detail/custom_msg__rosidl_typesupport_introspection_cpp.hpp\n'}
[0.444153] (master_ros2_interface) StdoutLine: {'line': b'-- Up-to-date: /root/master_ros2_ws/install/master_ros2_interface/include/master_ros2_interface/master_ros2_interface/msg/detail/custom_msg__type_support.cpp\n'}
[0.444234] (master_ros2_interface) StdoutLine: {'line': b'-- Up-to-date: /root/master_ros2_ws/install/master_ros2_interface/lib/libmaster_ros2_interface__rosidl_typesupport_introspection_cpp.so\n'}
[0.444294] (master_ros2_interface) StdoutLine: {'line': b'-- Up-to-date: /root/master_ros2_ws/install/master_ros2_interface/lib/libmaster_ros2_interface__rosidl_typesupport_cpp.so\n'}
[0.444356] (master_ros2_interface) StdoutLine: {'line': b'-- Up-to-date: /root/master_ros2_ws/install/master_ros2_interface/share/master_ros2_interface/environment/pythonpath.sh\n'}
[0.444416] (master_ros2_interface) StdoutLine: {'line': b'-- Up-to-date: /root/master_ros2_ws/install/master_ros2_interface/share/master_ros2_interface/environment/pythonpath.dsv\n'}
[0.444515] (master_ros2_interface) StdoutLine: {'line': b'-- Up-to-date: /root/master_ros2_ws/install/master_ros2_interface/lib/python3.12/site-packages/master_ros2_interface-0.0.0-py3.12.egg-info\n'}
[0.444716] (master_ros2_interface) StdoutLine: {'line': b'-- Installing: /root/master_ros2_ws/install/master_ros2_interface/lib/python3.12/site-packages/master_ros2_interface-0.0.0-py3.12.egg-info/SOURCES.txt\n'}
[0.444926] (master_ros2_interface) StdoutLine: {'line': b'-- Installing: /root/master_ros2_ws/install/master_ros2_interface/lib/python3.12/site-packages/master_ros2_interface-0.0.0-py3.12.egg-info/top_level.txt\n'}
[0.445011] (master_ros2_interface) StdoutLine: {'line': b'-- Installing: /root/master_ros2_ws/install/master_ros2_interface/lib/python3.12/site-packages/master_ros2_interface-0.0.0-py3.12.egg-info/dependency_links.txt\n'}
[0.445083] (master_ros2_interface) StdoutLine: {'line': b'-- Installing: /root/master_ros2_ws/install/master_ros2_interface/lib/python3.12/site-packages/master_ros2_interface-0.0.0-py3.12.egg-info/PKG-INFO\n'}
[0.445149] (master_ros2_interface) StdoutLine: {'line': b'-- Up-to-date: /root/master_ros2_ws/install/master_ros2_interface/lib/python3.12/site-packages/master_ros2_interface\n'}
[0.445210] (master_ros2_interface) StdoutLine: {'line': b'-- Up-to-date: /root/master_ros2_ws/install/master_ros2_interface/lib/python3.12/site-packages/master_ros2_interface/master_ros2_interface_s__rosidl_typesupport_introspection_c.so\n'}
[0.445267] (master_ros2_interface) StdoutLine: {'line': b'-- Up-to-date: /root/master_ros2_ws/install/master_ros2_interface/lib/python3.12/site-packages/master_ros2_interface/_master_ros2_interface_s.ep.rosidl_typesupport_c.c\n'}
[0.445331] (master_ros2_interface) StdoutLine: {'line': b'-- Up-to-date: /root/master_ros2_ws/install/master_ros2_interface/lib/python3.12/site-packages/master_ros2_interface/__init__.py\n'}
[0.445391] (master_ros2_interface) StdoutLine: {'line': b'-- Up-to-date: /root/master_ros2_ws/install/master_ros2_interface/lib/python3.12/site-packages/master_ros2_interface/master_ros2_interface_s__rosidl_typesupport_fastrtps_c.so\n'}
[0.445451] (master_ros2_interface) StdoutLine: {'line': b'-- Up-to-date: /root/master_ros2_ws/install/master_ros2_interface/lib/python3.12/site-packages/master_ros2_interface/_master_ros2_interface_s.ep.rosidl_typesupport_fastrtps_c.c\n'}
[0.445520] (master_ros2_interface) StdoutLine: {'line': b'-- Up-to-date: /root/master_ros2_ws/install/master_ros2_interface/lib/python3.12/site-packages/master_ros2_interface/master_ros2_interface_s__rosidl_typesupport_c.so\n'}
[0.445593] (master_ros2_interface) StdoutLine: {'line': b'-- Up-to-date: /root/master_ros2_ws/install/master_ros2_interface/lib/python3.12/site-packages/master_ros2_interface/msg\n'}
[0.445656] (master_ros2_interface) StdoutLine: {'line': b'-- Up-to-date: /root/master_ros2_ws/install/master_ros2_interface/lib/python3.12/site-packages/master_ros2_interface/msg/_custom_msg.py\n'}
[0.445726] (master_ros2_interface) StdoutLine: {'line': b'-- Up-to-date: /root/master_ros2_ws/install/master_ros2_interface/lib/python3.12/site-packages/master_ros2_interface/msg/__init__.py\n'}
[0.445796] (master_ros2_interface) StdoutLine: {'line': b'-- Up-to-date: /root/master_ros2_ws/install/master_ros2_interface/lib/python3.12/site-packages/master_ros2_interface/msg/_custom_msg_s.c\n'}
[0.445857] (master_ros2_interface) StdoutLine: {'line': b'-- Up-to-date: /root/master_ros2_ws/install/master_ros2_interface/lib/python3.12/site-packages/master_ros2_interface/_master_ros2_interface_s.ep.rosidl_typesupport_introspection_c.c\n'}
[0.472918] (master_ros2_interface) StdoutLine: {'line': b"Listing '/root/master_ros2_ws/install/master_ros2_interface/lib/python3.12/site-packages/master_ros2_interface'...\n"}
[0.473100] (master_ros2_interface) StdoutLine: {'line': b"Listing '/root/master_ros2_ws/install/master_ros2_interface/lib/python3.12/site-packages/master_ros2_interface/msg'...\n"}
[0.476883] (master_ros2_interface) StdoutLine: {'line': b'-- Up-to-date: /root/master_ros2_ws/install/master_ros2_interface/lib/python3.12/site-packages/master_ros2_interface/master_ros2_interface_s__rosidl_typesupport_fastrtps_c.so\n'}
[0.477233] (master_ros2_interface) StdoutLine: {'line': b'-- Up-to-date: /root/master_ros2_ws/install/master_ros2_interface/lib/python3.12/site-packages/master_ros2_interface/master_ros2_interface_s__rosidl_typesupport_introspection_c.so\n'}
[0.477563] (master_ros2_interface) StdoutLine: {'line': b'-- Up-to-date: /root/master_ros2_ws/install/master_ros2_interface/lib/python3.12/site-packages/master_ros2_interface/master_ros2_interface_s__rosidl_typesupport_c.so\n'}
[0.477910] (master_ros2_interface) StdoutLine: {'line': b'-- Up-to-date: /root/master_ros2_ws/install/master_ros2_interface/lib/libmaster_ros2_interface__rosidl_generator_py.so\n'}
[0.478135] (master_ros2_interface) StdoutLine: {'line': b'-- Up-to-date: /root/master_ros2_ws/install/master_ros2_interface/share/master_ros2_interface/msg/CustomMsg.idl\n'}
[0.478248] (master_ros2_interface) StdoutLine: {'line': b'-- Up-to-date: /root/master_ros2_ws/install/master_ros2_interface/share/master_ros2_interface/msg/CustomMsg.msg\n'}
[0.478346] (master_ros2_interface) StdoutLine: {'line': b'-- Up-to-date: /root/master_ros2_ws/install/master_ros2_interface/share/ament_index/resource_index/package_run_dependencies/master_ros2_interface\n'}
[0.478434] (master_ros2_interface) StdoutLine: {'line': b'-- Up-to-date: /root/master_ros2_ws/install/master_ros2_interface/share/ament_index/resource_index/parent_prefix_path/master_ros2_interface\n'}
[0.478525] (master_ros2_interface) StdoutLine: {'line': b'-- Up-to-date: /root/master_ros2_ws/install/master_ros2_interface/share/master_ros2_interface/environment/ament_prefix_path.sh\n'}
[0.478739] (master_ros2_interface) StdoutLine: {'line': b'-- Up-to-date: /root/master_ros2_ws/install/master_ros2_interface/share/master_ros2_interface/environment/ament_prefix_path.dsv\n'}
[0.478826] (master_ros2_interface) StdoutLine: {'line': b'-- Up-to-date: /root/master_ros2_ws/install/master_ros2_interface/share/master_ros2_interface/environment/path.sh\n'}
[0.478889] (master_ros2_interface) StdoutLine: {'line': b'-- Up-to-date: /root/master_ros2_ws/install/master_ros2_interface/share/master_ros2_interface/environment/path.dsv\n'}
[0.478947] (master_ros2_interface) StdoutLine: {'line': b'-- Up-to-date: /root/master_ros2_ws/install/master_ros2_interface/share/master_ros2_interface/local_setup.bash\n'}
[0.479025] (master_ros2_interface) StdoutLine: {'line': b'-- Up-to-date: /root/master_ros2_ws/install/master_ros2_interface/share/master_ros2_interface/local_setup.sh\n'}
[0.479102] (master_ros2_interface) StdoutLine: {'line': b'-- Up-to-date: /root/master_ros2_ws/install/master_ros2_interface/share/master_ros2_interface/local_setup.zsh\n'}
[0.479181] (master_ros2_interface) StdoutLine: {'line': b'-- Up-to-date: /root/master_ros2_ws/install/master_ros2_interface/share/master_ros2_interface/local_setup.dsv\n'}
[0.479273] (master_ros2_interface) StdoutLine: {'line': b'-- Installing: /root/master_ros2_ws/install/master_ros2_interface/share/master_ros2_interface/package.dsv\n'}
[0.479332] (master_ros2_interface) StdoutLine: {'line': b'-- Up-to-date: /root/master_ros2_ws/install/master_ros2_interface/share/ament_index/resource_index/packages/master_ros2_interface\n'}
[0.479419] (master_ros2_interface) StdoutLine: {'line': b'-- Up-to-date: /root/master_ros2_ws/install/master_ros2_interface/share/master_ros2_interface/cmake/export_master_ros2_interface__rosidl_generator_cExport.cmake\n'}
[0.479491] (master_ros2_interface) StdoutLine: {'line': b'-- Up-to-date: /root/master_ros2_ws/install/master_ros2_interface/share/master_ros2_interface/cmake/export_master_ros2_interface__rosidl_generator_cExport-noconfig.cmake\n'}
[0.479579] (master_ros2_interface) StdoutLine: {'line': b'-- Up-to-date: /root/master_ros2_ws/install/master_ros2_interface/share/master_ros2_interface/cmake/export_master_ros2_interface__rosidl_typesupport_fastrtps_cExport.cmake\n'}
[0.479659] (master_ros2_interface) StdoutLine: {'line': b'-- Up-to-date: /root/master_ros2_ws/install/master_ros2_interface/share/master_ros2_interface/cmake/export_master_ros2_interface__rosidl_typesupport_fastrtps_cExport-noconfig.cmake\n'}
[0.479730] (master_ros2_interface) StdoutLine: {'line': b'-- Up-to-date: /root/master_ros2_ws/install/master_ros2_interface/share/master_ros2_interface/cmake/master_ros2_interface__rosidl_typesupport_introspection_cExport.cmake\n'}
[0.479801] (master_ros2_interface) StdoutLine: {'line': b'-- Up-to-date: /root/master_ros2_ws/install/master_ros2_interface/share/master_ros2_interface/cmake/master_ros2_interface__rosidl_typesupport_introspection_cExport-noconfig.cmake\n'}
[0.479874] (master_ros2_interface) StdoutLine: {'line': b'-- Up-to-date: /root/master_ros2_ws/install/master_ros2_interface/share/master_ros2_interface/cmake/master_ros2_interface__rosidl_typesupport_cExport.cmake\n'}
[0.479956] (master_ros2_interface) StdoutLine: {'line': b'-- Up-to-date: /root/master_ros2_ws/install/master_ros2_interface/share/master_ros2_interface/cmake/master_ros2_interface__rosidl_typesupport_cExport-noconfig.cmake\n'}
[0.480030] (master_ros2_interface) StdoutLine: {'line': b'-- Up-to-date: /root/master_ros2_ws/install/master_ros2_interface/share/master_ros2_interface/cmake/export_master_ros2_interface__rosidl_generator_cppExport.cmake\n'}
[0.480102] (master_ros2_interface) StdoutLine: {'line': b'-- Up-to-date: /root/master_ros2_ws/install/master_ros2_interface/share/master_ros2_interface/cmake/export_master_ros2_interface__rosidl_typesupport_fastrtps_cppExport.cmake\n'}
[0.480175] (master_ros2_interface) StdoutLine: {'line': b'-- Up-to-date: /root/master_ros2_ws/install/master_ros2_interface/share/master_ros2_interface/cmake/export_master_ros2_interface__rosidl_typesupport_fastrtps_cppExport-noconfig.cmake\n'}
[0.480251] (master_ros2_interface) StdoutLine: {'line': b'-- Up-to-date: /root/master_ros2_ws/install/master_ros2_interface/share/master_ros2_interface/cmake/master_ros2_interface__rosidl_typesupport_introspection_cppExport.cmake\n'}
[0.480336] (master_ros2_interface) StdoutLine: {'line': b'-- Up-to-date: /root/master_ros2_ws/install/master_ros2_interface/share/master_ros2_interface/cmake/master_ros2_interface__rosidl_typesupport_introspection_cppExport-noconfig.cmake\n'}
[0.480408] (master_ros2_interface) StdoutLine: {'line': b'-- Up-to-date: /root/master_ros2_ws/install/master_ros2_interface/share/master_ros2_interface/cmake/master_ros2_interface__rosidl_typesupport_cppExport.cmake\n'}
[0.480491] (master_ros2_interface) StdoutLine: {'line': b'-- Up-to-date: /root/master_ros2_ws/install/master_ros2_interface/share/master_ros2_interface/cmake/master_ros2_interface__rosidl_typesupport_cppExport-noconfig.cmake\n'}
[0.480604] (master_ros2_interface) StdoutLine: {'line': b'-- Up-to-date: /root/master_ros2_ws/install/master_ros2_interface/share/master_ros2_interface/cmake/export_master_ros2_interface__rosidl_generator_pyExport.cmake\n'}
[0.480674] (master_ros2_interface) StdoutLine: {'line': b'-- Up-to-date: /root/master_ros2_ws/install/master_ros2_interface/share/master_ros2_interface/cmake/export_master_ros2_interface__rosidl_generator_pyExport-noconfig.cmake\n'}
[0.480735] (master_ros2_interface) StdoutLine: {'line': b'-- Up-to-date: /root/master_ros2_ws/install/master_ros2_interface/share/master_ros2_interface/cmake/rosidl_cmake-extras.cmake\n'}
[0.480794] (master_ros2_interface) StdoutLine: {'line': b'-- Up-to-date: /root/master_ros2_ws/install/master_ros2_interface/share/master_ros2_interface/cmake/ament_cmake_export_include_directories-extras.cmake\n'}
[0.480849] (master_ros2_interface) StdoutLine: {'line': b'-- Up-to-date: /root/master_ros2_ws/install/master_ros2_interface/share/master_ros2_interface/cmake/ament_cmake_export_libraries-extras.cmake\n'}
[0.480907] (master_ros2_interface) StdoutLine: {'line': b'-- Up-to-date: /root/master_ros2_ws/install/master_ros2_interface/share/master_ros2_interface/cmake/ament_cmake_export_targets-extras.cmake\n'}
[0.480963] (master_ros2_interface) StdoutLine: {'line': b'-- Up-to-date: /root/master_ros2_ws/install/master_ros2_interface/share/master_ros2_interface/cmake/rosidl_cmake_export_typesupport_targets-extras.cmake\n'}
[0.481018] (master_ros2_interface) StdoutLine: {'line': b'-- Up-to-date: /root/master_ros2_ws/install/master_ros2_interface/share/master_ros2_interface/cmake/ament_cmake_export_dependencies-extras.cmake\n'}
[0.481073] (master_ros2_interface) StdoutLine: {'line': b'-- Up-to-date: /root/master_ros2_ws/install/master_ros2_interface/share/master_ros2_interface/cmake/rosidl_cmake_export_typesupport_libraries-extras.cmake\n'}
[0.481127] (master_ros2_interface) StdoutLine: {'line': b'-- Up-to-date: /root/master_ros2_ws/install/master_ros2_interface/share/master_ros2_interface/cmake/master_ros2_interfaceConfig.cmake\n'}
[0.481185] (master_ros2_interface) StdoutLine: {'line': b'-- Up-to-date: /root/master_ros2_ws/install/master_ros2_interface/share/master_ros2_interface/cmake/master_ros2_interfaceConfig-version.cmake\n'}
[0.481242] (master_ros2_interface) StdoutLine: {'line': b'-- Up-to-date: /root/master_ros2_ws/install/master_ros2_interface/share/master_ros2_interface/package.xml\n'}
[0.482483] (master_ros2_interface) CommandEnded: {'returncode': 0}
[0.500529] (-) TimerEvent: {}
[0.502411] (master_ros2_interface) JobEnded: {'identifier': 'master_ros2_interface', 'rc': 0}
[0.503238] (master_ros2_pkg) JobStarted: {'identifier': 'master_ros2_pkg'}
[0.515838] (master_ros2_pkg) JobProgress: {'identifier': 'master_ros2_pkg', 'progress': 'cmake'}
[0.516515] (master_ros2_pkg) JobProgress: {'identifier': 'master_ros2_pkg', 'progress': 'build'}
[0.516791] (master_ros2_pkg) Command: {'cmd': ['/usr/bin/cmake', '--build', '/root/master_ros2_ws/build/master_ros2_pkg', '--', '-j12', '-l12'], 'cwd': '/root/master_ros2_ws/build/master_ros2_pkg', 'env': OrderedDict({'GZ_SIM_RESOURCE_PATH': '/opt/ros/jazzy/share', 'GZ_CONFIG_PATH': '/opt/ros/jazzy/opt/gz_sim_vendor/share/gz:/opt/ros/jazzy/opt/sdformat_vendor/share/gz:/opt/ros/jazzy/opt/gz_gui_vendor/share/gz:/opt/ros/jazzy/opt/gz_transport_vendor/share/gz:/opt/ros/jazzy/opt/gz_rendering_vendor/share/gz:/opt/ros/jazzy/opt/gz_plugin_vendor/share/gz:/opt/ros/jazzy/opt/gz_fuel_tools_vendor/share/gz:/opt/ros/jazzy/opt/gz_msgs_vendor/share/gz:/opt/ros/jazzy/opt/gz_common_vendor/share/gz', 'HOSTNAME': 'archy-ideapad', 'SHLVL': '1', 'LD_LIBRARY_PATH': '/root/master_ros2_ws/install/master_ros2_interface/lib:/opt/ros/jazzy/opt/gz_sim_vendor/lib:/opt/ros/jazzy/opt/gz_sensors_vendor/lib:/opt/ros/jazzy/opt/gz_physics_vendor/lib:/opt/ros/jazzy/opt/sdformat_vendor/lib:/opt/ros/jazzy/opt/rviz_ogre_vendor/lib:/opt/ros/jazzy/lib/x86_64-linux-gnu:/opt/ros/jazzy/opt/gz_gui_vendor/lib:/opt/ros/jazzy/opt/gz_transport_vendor/lib:/opt/ros/jazzy/opt/gz_rendering_vendor/lib:/opt/ros/jazzy/opt/gz_plugin_vendor/lib:/opt/ros/jazzy/opt/gz_fuel_tools_vendor/lib:/opt/ros/jazzy/opt/gz_msgs_vendor/lib:/opt/ros/jazzy/opt/gz_common_vendor/lib:/opt/ros/jazzy/opt/gz_math_vendor/lib:/opt/ros/jazzy/opt/gz_utils_vendor/lib:/opt/ros/jazzy/opt/gz_tools_vendor/lib:/opt/ros/jazzy/opt/gz_ogre_next_vendor/lib:/opt/ros/jazzy/opt/gz_dartsim_vendor/lib:/opt/ros/jazzy/opt/gz_cmake_vendor/lib:/opt/ros/jazzy/lib', 'HOME': '/root', 'OLDPWD': '/root/master_ros2_ws/src/master_ros2_interface', 'ROS_PYTHON_VERSION': '3', 'COLCON_PREFIX_PATH': '/root/master_ros2_ws/install', 'ROS_DISTRO': 'jazzy', '_': '/usr/bin/colcon', 'ROS_VERSION': '2', 'TERM': 'xterm', 'QT_X11_NO_MITSHM': '1', 'PATH': '/opt/ros/jazzy/opt/gz_msgs_vendor/bin:/opt/ros/jazzy/opt/gz_tools_vendor/bin:/opt/ros/jazzy/opt/gz_ogre_next_vendor/bin:/opt/ros/jazzy/bin:/usr/local/sbin:/usr/local/bin:/usr/sbin:/usr/bin:/sbin:/bin', 'DISPLAY': ':0', 'LANG': 'C.UTF-8', 'AMENT_PREFIX_PATH': '/root/master_ros2_ws/install/master_ros2_pkg:/root/master_ros2_ws/install/master_ros2_interface:/opt/ros/jazzy', 'ROS_AUTOMATIC_DISCOVERY_RANGE': 'SUBNET', 'PWD': '/root/master_ros2_ws/build/master_ros2_pkg', 'TURTLEBOT3_MODEL': 'burger', 'LC_ALL': 'C.UTF-8', 'PYTHONPATH': '/root/master_ros2_ws/install/master_ros2_interface/lib/python3.12/site-packages:/opt/ros/jazzy/lib/python3.12/site-packages', 'COLCON': '1', 'CMAKE_PREFIX_PATH': '/root/master_ros2_ws/install/master_ros2_interface:/root/master_ros2_ws/install/master_ros2_pkg:/opt/ros/jazzy/opt/gz_sim_vendor:/opt/ros/jazzy/opt/gz_sensors_vendor:/opt/ros/jazzy/opt/gz_physics_vendor:/opt/ros/jazzy/opt/sdformat_vendor:/opt/ros/jazzy/opt/gz_gui_vendor:/opt/ros/jazzy/opt/gz_transport_vendor:/opt/ros/jazzy/opt/gz_rendering_vendor:/opt/ros/jazzy/opt/gz_plugin_vendor:/opt/ros/jazzy/opt/gz_fuel_tools_vendor:/opt/ros/jazzy/opt/gz_msgs_vendor:/opt/ros/jazzy/opt/gz_common_vendor:/opt/ros/jazzy/opt/gz_math_vendor:/opt/ros/jazzy/opt/gz_utils_vendor:/opt/ros/jazzy/opt/gz_tools_vendor:/opt/ros/jazzy/opt/gz_ogre_next_vendor:/opt/ros/jazzy/opt/gz_dartsim_vendor:/opt/ros/jazzy/opt/gz_cmake_vendor:/opt/ros/jazzy'}), 'shell': False}
[0.586156] (master_ros2_pkg) StdoutLine: {'line': b'[ 50%] Built target subscriber_node\n'}
[0.592191] (master_ros2_pkg) StdoutLine: {'line': b'[100%] Built target publisher_node\n'}
[0.600603] (-) TimerEvent: {}
[0.602855] (master_ros2_pkg) CommandEnded: {'returncode': 0}
[0.603340] (master_ros2_pkg) JobProgress: {'identifier': 'master_ros2_pkg', 'progress': 'install'}
[0.603502] (master_ros2_pkg) Command: {'cmd': ['/usr/bin/cmake', '--install', '/root/master_ros2_ws/build/master_ros2_pkg'], 'cwd': '/root/master_ros2_ws/build/master_ros2_pkg', 'env': OrderedDict({'GZ_SIM_RESOURCE_PATH': '/opt/ros/jazzy/share', 'GZ_CONFIG_PATH': '/opt/ros/jazzy/opt/gz_sim_vendor/share/gz:/opt/ros/jazzy/opt/sdformat_vendor/share/gz:/opt/ros/jazzy/opt/gz_gui_vendor/share/gz:/opt/ros/jazzy/opt/gz_transport_vendor/share/gz:/opt/ros/jazzy/opt/gz_rendering_vendor/share/gz:/opt/ros/jazzy/opt/gz_plugin_vendor/share/gz:/opt/ros/jazzy/opt/gz_fuel_tools_vendor/share/gz:/opt/ros/jazzy/opt/gz_msgs_vendor/share/gz:/opt/ros/jazzy/opt/gz_common_vendor/share/gz', 'HOSTNAME': 'archy-ideapad', 'SHLVL': '1', 'LD_LIBRARY_PATH': '/root/master_ros2_ws/install/master_ros2_interface/lib:/opt/ros/jazzy/opt/gz_sim_vendor/lib:/opt/ros/jazzy/opt/gz_sensors_vendor/lib:/opt/ros/jazzy/opt/gz_physics_vendor/lib:/opt/ros/jazzy/opt/sdformat_vendor/lib:/opt/ros/jazzy/opt/rviz_ogre_vendor/lib:/opt/ros/jazzy/lib/x86_64-linux-gnu:/opt/ros/jazzy/opt/gz_gui_vendor/lib:/opt/ros/jazzy/opt/gz_transport_vendor/lib:/opt/ros/jazzy/opt/gz_rendering_vendor/lib:/opt/ros/jazzy/opt/gz_plugin_vendor/lib:/opt/ros/jazzy/opt/gz_fuel_tools_vendor/lib:/opt/ros/jazzy/opt/gz_msgs_vendor/lib:/opt/ros/jazzy/opt/gz_common_vendor/lib:/opt/ros/jazzy/opt/gz_math_vendor/lib:/opt/ros/jazzy/opt/gz_utils_vendor/lib:/opt/ros/jazzy/opt/gz_tools_vendor/lib:/opt/ros/jazzy/opt/gz_ogre_next_vendor/lib:/opt/ros/jazzy/opt/gz_dartsim_vendor/lib:/opt/ros/jazzy/opt/gz_cmake_vendor/lib:/opt/ros/jazzy/lib', 'HOME': '/root', 'OLDPWD': '/root/master_ros2_ws/src/master_ros2_interface', 'ROS_PYTHON_VERSION': '3', 'COLCON_PREFIX_PATH': '/root/master_ros2_ws/install', 'ROS_DISTRO': 'jazzy', '_': '/usr/bin/colcon', 'ROS_VERSION': '2', 'TERM': 'xterm', 'QT_X11_NO_MITSHM': '1', 'PATH': '/opt/ros/jazzy/opt/gz_msgs_vendor/bin:/opt/ros/jazzy/opt/gz_tools_vendor/bin:/opt/ros/jazzy/opt/gz_ogre_next_vendor/bin:/opt/ros/jazzy/bin:/usr/local/sbin:/usr/local/bin:/usr/sbin:/usr/bin:/sbin:/bin', 'DISPLAY': ':0', 'LANG': 'C.UTF-8', 'AMENT_PREFIX_PATH': '/root/master_ros2_ws/install/master_ros2_pkg:/root/master_ros2_ws/install/master_ros2_interface:/opt/ros/jazzy', 'ROS_AUTOMATIC_DISCOVERY_RANGE': 'SUBNET', 'PWD': '/root/master_ros2_ws/build/master_ros2_pkg', 'TURTLEBOT3_MODEL': 'burger', 'LC_ALL': 'C.UTF-8', 'PYTHONPATH': '/root/master_ros2_ws/install/master_ros2_interface/lib/python3.12/site-packages:/opt/ros/jazzy/lib/python3.12/site-packages', 'COLCON': '1', 'CMAKE_PREFIX_PATH': '/root/master_ros2_ws/install/master_ros2_interface:/root/master_ros2_ws/install/master_ros2_pkg:/opt/ros/jazzy/opt/gz_sim_vendor:/opt/ros/jazzy/opt/gz_sensors_vendor:/opt/ros/jazzy/opt/gz_physics_vendor:/opt/ros/jazzy/opt/sdformat_vendor:/opt/ros/jazzy/opt/gz_gui_vendor:/opt/ros/jazzy/opt/gz_transport_vendor:/opt/ros/jazzy/opt/gz_rendering_vendor:/opt/ros/jazzy/opt/gz_plugin_vendor:/opt/ros/jazzy/opt/gz_fuel_tools_vendor:/opt/ros/jazzy/opt/gz_msgs_vendor:/opt/ros/jazzy/opt/gz_common_vendor:/opt/ros/jazzy/opt/gz_math_vendor:/opt/ros/jazzy/opt/gz_utils_vendor:/opt/ros/jazzy/opt/gz_tools_vendor:/opt/ros/jazzy/opt/gz_ogre_next_vendor:/opt/ros/jazzy/opt/gz_dartsim_vendor:/opt/ros/jazzy/opt/gz_cmake_vendor:/opt/ros/jazzy'}), 'shell': False}
[0.612939] (master_ros2_pkg) StdoutLine: {'line': b'-- Install configuration: ""\n'}
[0.613227] (master_ros2_pkg) StdoutLine: {'line': b'-- Up-to-date: /root/master_ros2_ws/install/master_ros2_pkg/lib/master_ros2_pkg/publisher_node\n'}
[0.613757] (master_ros2_pkg) StdoutLine: {'line': b'-- Up-to-date: /root/master_ros2_ws/install/master_ros2_pkg/lib/master_ros2_pkg/subscriber_node\n'}
[0.614058] (master_ros2_pkg) StdoutLine: {'line': b'-- Up-to-date: /root/master_ros2_ws/install/master_ros2_pkg/share/ament_index/resource_index/package_run_dependencies/master_ros2_pkg\n'}
[0.614164] (master_ros2_pkg) StdoutLine: {'line': b'-- Up-to-date: /root/master_ros2_ws/install/master_ros2_pkg/share/ament_index/resource_index/parent_prefix_path/master_ros2_pkg\n'}
[0.614268] (master_ros2_pkg) StdoutLine: {'line': b'-- Up-to-date: /root/master_ros2_ws/install/master_ros2_pkg/share/master_ros2_pkg/environment/ament_prefix_path.sh\n'}
[0.614372] (master_ros2_pkg) StdoutLine: {'line': b'-- Up-to-date: /root/master_ros2_ws/install/master_ros2_pkg/share/master_ros2_pkg/environment/ament_prefix_path.dsv\n'}
[0.614487] (master_ros2_pkg) StdoutLine: {'line': b'-- Up-to-date: /root/master_ros2_ws/install/master_ros2_pkg/share/master_ros2_pkg/environment/path.sh\n'}
[0.614568] (master_ros2_pkg) StdoutLine: {'line': b'-- Up-to-date: /root/master_ros2_ws/install/master_ros2_pkg/share/master_ros2_pkg/environment/path.dsv\n'}
[0.614657] (master_ros2_pkg) StdoutLine: {'line': b'-- Up-to-date: /root/master_ros2_ws/install/master_ros2_pkg/share/master_ros2_pkg/local_setup.bash\n'}
[0.614725] (master_ros2_pkg) StdoutLine: {'line': b'-- Up-to-date: /root/master_ros2_ws/install/master_ros2_pkg/share/master_ros2_pkg/local_setup.sh\n'}
[0.614789] (master_ros2_pkg) StdoutLine: {'line': b'-- Up-to-date: /root/master_ros2_ws/install/master_ros2_pkg/share/master_ros2_pkg/local_setup.zsh\n'}
[0.614860] (master_ros2_pkg) StdoutLine: {'line': b'-- Up-to-date: /root/master_ros2_ws/install/master_ros2_pkg/share/master_ros2_pkg/local_setup.dsv\n'}
[0.614945] (master_ros2_pkg) StdoutLine: {'line': b'-- Installing: /root/master_ros2_ws/install/master_ros2_pkg/share/master_ros2_pkg/package.dsv\n'}
[0.615037] (master_ros2_pkg) StdoutLine: {'line': b'-- Up-to-date: /root/master_ros2_ws/install/master_ros2_pkg/share/ament_index/resource_index/packages/master_ros2_pkg\n'}
[0.615113] (master_ros2_pkg) StdoutLine: {'line': b'-- Up-to-date: /root/master_ros2_ws/install/master_ros2_pkg/share/master_ros2_pkg/cmake/master_ros2_pkgConfig.cmake\n'}
[0.615174] (master_ros2_pkg) StdoutLine: {'line': b'-- Up-to-date: /root/master_ros2_ws/install/master_ros2_pkg/share/master_ros2_pkg/cmake/master_ros2_pkgConfig-version.cmake\n'}
[0.615286] (master_ros2_pkg) StdoutLine: {'line': b'-- Up-to-date: /root/master_ros2_ws/install/master_ros2_pkg/share/master_ros2_pkg/package.xml\n'}
[0.616715] (master_ros2_pkg) CommandEnded: {'returncode': 0}
[0.626497] (master_ros2_pkg) JobEnded: {'identifier': 'master_ros2_pkg', 'rc': 0}
[0.627151] (-) EventReactorShutdown: {}
