[0.097s] DEBUG:colcon:Command line arguments: ['/usr/bin/colcon', 'build', '--packages-select', 'master_ros2_interface']
[0.097s] DEBUG:colcon:Parsed command line arguments: Namespace(log_base=None, log_level=None, verb_name='build', build_base='build', install_base='install', merge_install=False, symlink_install=False, test_result_base=None, continue_on_error=False, executor='parallel', parallel_workers=12, event_handlers=None, ignore_user_meta=False, metas=['./colcon.meta'], base_paths=['.'], packages_ignore=None, packages_ignore_regex=None, paths=None, packages_up_to=None, packages_up_to_regex=None, packages_above=None, packages_above_and_dependencies=None, packages_above_depth=None, packages_select_by_dep=None, packages_skip_by_dep=None, packages_skip_up_to=None, packages_select_build_failed=False, packages_skip_build_finished=False, packages_select_test_failures=False, packages_skip_test_passed=False, packages_select=['master_ros2_interface'], packages_skip=None, packages_select_regex=None, packages_skip_regex=None, packages_start=None, packages_end=None, cmake_args=None, cmake_target=None, cmake_target_skip_unavailable=False, cmake_clean_cache=False, cmake_clean_first=False, cmake_force_configure=False, ament_cmake_args=None, catkin_cmake_args=None, catkin_skip_building_tests=False, mixin_files=None, mixin=None, verb_parser=<colcon_mixin.mixin.mixin_argument.MixinArgumentDecorator object at 0x7fe1a9736660>, verb_extension=<colcon_core.verb.build.BuildVerb object at 0x7fe1a9896990>, main=<bound method BuildVerb.main of <colcon_core.verb.build.BuildVerb object at 0x7fe1a9896990>>, mixin_verb=('build',))
[0.131s] Level 1:colcon.colcon_core.package_discovery:discover_packages(colcon_meta) check parameters
[0.132s] INFO:colcon.colcon_metadata.package_discovery.colcon_meta:Using configuration from '/root/.colcon/metadata/default/Gazebo.meta'
[0.132s] INFO:colcon.colcon_metadata.package_discovery.colcon_meta:Using configuration from '/root/.colcon/metadata/default/fastdds.meta'
[0.133s] INFO:colcon.colcon_metadata.package_discovery.colcon_meta:Using configuration from '/root/.colcon/metadata/default/fastrtps.meta'
[0.133s] Level 1:colcon.colcon_core.package_discovery:discover_packages(recursive) check parameters
[0.133s] Level 1:colcon.colcon_core.package_discovery:discover_packages(ignore) check parameters
[0.133s] Level 1:colcon.colcon_core.package_discovery:discover_packages(path) check parameters
[0.133s] Level 1:colcon.colcon_core.package_discovery:discover_packages(colcon_meta) discover
[0.133s] Level 1:colcon.colcon_core.package_discovery:discover_packages(recursive) discover
[0.133s] INFO:colcon.colcon_core.package_discovery:Crawling recursively for packages in '/root/master_ros2_ws'
[0.133s] Level 1:colcon.colcon_core.package_identification:_identify(.) by extensions ['ignore', 'ignore_ament_install']
[0.133s] Level 1:colcon.colcon_core.package_identification:_identify(.) by extension 'ignore'
[0.133s] Level 1:colcon.colcon_core.package_identification:_identify(.) by extension 'ignore_ament_install'
[0.133s] Level 1:colcon.colcon_core.package_identification:_identify(.) by extensions ['colcon_pkg']
[0.133s] Level 1:colcon.colcon_core.package_identification:_identify(.) by extension 'colcon_pkg'
[0.133s] Level 1:colcon.colcon_core.package_identification:_identify(.) by extensions ['colcon_meta']
[0.133s] Level 1:colcon.colcon_core.package_identification:_identify(.) by extension 'colcon_meta'
[0.134s] Level 1:colcon.colcon_core.package_identification:_identify(.) by extensions ['ros']
[0.134s] Level 1:colcon.colcon_core.package_identification:_identify(.) by extension 'ros'
[0.154s] Level 1:colcon.colcon_core.package_identification:_identify(.) by extensions ['cmake', 'python']
[0.154s] Level 1:colcon.colcon_core.package_identification:_identify(.) by extension 'cmake'
[0.154s] Level 1:colcon.colcon_core.package_identification:_identify(.) by extension 'python'
[0.154s] Level 1:colcon.colcon_core.package_identification:_identify(.) by extensions ['python_setup_py']
[0.154s] Level 1:colcon.colcon_core.package_identification:_identify(.) by extension 'python_setup_py'
[0.155s] Level 1:colcon.colcon_core.package_identification:_identify(build) by extensions ['ignore', 'ignore_ament_install']
[0.155s] Level 1:colcon.colcon_core.package_identification:_identify(build) by extension 'ignore'
[0.155s] Level 1:colcon.colcon_core.package_identification:_identify(build) ignored
[0.155s] Level 1:colcon.colcon_core.package_identification:_identify(install) by extensions ['ignore', 'ignore_ament_install']
[0.155s] Level 1:colcon.colcon_core.package_identification:_identify(install) by extension 'ignore'
[0.155s] Level 1:colcon.colcon_core.package_identification:_identify(install) ignored
[0.155s] Level 1:colcon.colcon_core.package_identification:_identify(log) by extensions ['ignore', 'ignore_ament_install']
[0.155s] Level 1:colcon.colcon_core.package_identification:_identify(log) by extension 'ignore'
[0.155s] Level 1:colcon.colcon_core.package_identification:_identify(log) ignored
[0.155s] Level 1:colcon.colcon_core.package_identification:_identify(src) by extensions ['ignore', 'ignore_ament_install']
[0.155s] Level 1:colcon.colcon_core.package_identification:_identify(src) by extension 'ignore'
[0.155s] Level 1:colcon.colcon_core.package_identification:_identify(src) by extension 'ignore_ament_install'
[0.155s] Level 1:colcon.colcon_core.package_identification:_identify(src) by extensions ['colcon_pkg']
[0.155s] Level 1:colcon.colcon_core.package_identification:_identify(src) by extension 'colcon_pkg'
[0.155s] Level 1:colcon.colcon_core.package_identification:_identify(src) by extensions ['colcon_meta']
[0.155s] Level 1:colcon.colcon_core.package_identification:_identify(src) by extension 'colcon_meta'
[0.155s] Level 1:colcon.colcon_core.package_identification:_identify(src) by extensions ['ros']
[0.155s] Level 1:colcon.colcon_core.package_identification:_identify(src) by extension 'ros'
[0.156s] Level 1:colcon.colcon_core.package_identification:_identify(src) by extensions ['cmake', 'python']
[0.156s] Level 1:colcon.colcon_core.package_identification:_identify(src) by extension 'cmake'
[0.156s] Level 1:colcon.colcon_core.package_identification:_identify(src) by extension 'python'
[0.156s] Level 1:colcon.colcon_core.package_identification:_identify(src) by extensions ['python_setup_py']
[0.156s] Level 1:colcon.colcon_core.package_identification:_identify(src) by extension 'python_setup_py'
[0.156s] Level 1:colcon.colcon_core.package_identification:_identify(src/master_ros2_interface) by extensions ['ignore', 'ignore_ament_install']
[0.156s] Level 1:colcon.colcon_core.package_identification:_identify(src/master_ros2_interface) by extension 'ignore'
[0.156s] Level 1:colcon.colcon_core.package_identification:_identify(src/master_ros2_interface) by extension 'ignore_ament_install'
[0.156s] Level 1:colcon.colcon_core.package_identification:_identify(src/master_ros2_interface) by extensions ['colcon_pkg']
[0.156s] Level 1:colcon.colcon_core.package_identification:_identify(src/master_ros2_interface) by extension 'colcon_pkg'
[0.156s] Level 1:colcon.colcon_core.package_identification:_identify(src/master_ros2_interface) by extensions ['colcon_meta']
[0.156s] Level 1:colcon.colcon_core.package_identification:_identify(src/master_ros2_interface) by extension 'colcon_meta'
[0.156s] Level 1:colcon.colcon_core.package_identification:_identify(src/master_ros2_interface) by extensions ['ros']
[0.156s] Level 1:colcon.colcon_core.package_identification:_identify(src/master_ros2_interface) by extension 'ros'
[0.158s] DEBUG:colcon.colcon_core.package_identification:Package 'src/master_ros2_interface' with type 'ros.ament_cmake' and name 'master_ros2_interface'
[0.158s] Level 1:colcon.colcon_core.package_discovery:discover_packages(recursive) using defaults
[0.158s] Level 1:colcon.colcon_core.package_discovery:discover_packages(ignore) discover
[0.158s] Level 1:colcon.colcon_core.package_discovery:discover_packages(ignore) using defaults
[0.158s] Level 1:colcon.colcon_core.package_discovery:discover_packages(path) discover
[0.158s] Level 1:colcon.colcon_core.package_discovery:discover_packages(path) using defaults
[0.173s] Level 5:colcon.colcon_core.verb:set package 'master_ros2_interface' build argument 'cmake_args' from command line to 'None'
[0.173s] Level 5:colcon.colcon_core.verb:set package 'master_ros2_interface' build argument 'cmake_target' from command line to 'None'
[0.173s] Level 5:colcon.colcon_core.verb:set package 'master_ros2_interface' build argument 'cmake_target_skip_unavailable' from command line to 'False'
[0.173s] Level 5:colcon.colcon_core.verb:set package 'master_ros2_interface' build argument 'cmake_clean_cache' from command line to 'False'
[0.173s] Level 5:colcon.colcon_core.verb:set package 'master_ros2_interface' build argument 'cmake_clean_first' from command line to 'False'
[0.173s] Level 5:colcon.colcon_core.verb:set package 'master_ros2_interface' build argument 'cmake_force_configure' from command line to 'False'
[0.173s] Level 5:colcon.colcon_core.verb:set package 'master_ros2_interface' build argument 'ament_cmake_args' from command line to 'None'
[0.173s] Level 5:colcon.colcon_core.verb:set package 'master_ros2_interface' build argument 'catkin_cmake_args' from command line to 'None'
[0.173s] Level 5:colcon.colcon_core.verb:set package 'master_ros2_interface' build argument 'catkin_skip_building_tests' from command line to 'False'
[0.173s] DEBUG:colcon.colcon_core.verb:Building package 'master_ros2_interface' with the following arguments: {'ament_cmake_args': None, 'build_base': '/root/master_ros2_ws/build/master_ros2_interface', 'catkin_cmake_args': None, 'catkin_skip_building_tests': False, 'cmake_args': None, 'cmake_clean_cache': False, 'cmake_clean_first': False, 'cmake_force_configure': False, 'cmake_target': None, 'cmake_target_skip_unavailable': False, 'install_base': '/root/master_ros2_ws/install/master_ros2_interface', 'merge_install': False, 'path': '/root/master_ros2_ws/src/master_ros2_interface', 'symlink_install': False, 'test_result_base': None}
[0.173s] INFO:colcon.colcon_core.executor:Executing jobs using 'parallel' executor
[0.174s] DEBUG:colcon.colcon_parallel_executor.executor.parallel:run_until_complete
[0.174s] INFO:colcon.colcon_ros.task.ament_cmake.build:Building ROS package in '/root/master_ros2_ws/src/master_ros2_interface' with build type 'ament_cmake'
[0.174s] INFO:colcon.colcon_cmake.task.cmake.build:Building CMake package in '/root/master_ros2_ws/src/master_ros2_interface'
[0.176s] INFO:colcon.colcon_core.plugin_system:Skipping extension 'colcon_core.shell.bat': Not used on non-Windows systems
[0.176s] INFO:colcon.colcon_core.shell:Skip shell extension 'powershell' for command environment: Not usable outside of PowerShell
[0.176s] DEBUG:colcon.colcon_core.shell:Skip shell extension 'dsv' for command environment
[0.194s] DEBUG:colcon.colcon_core.event_handler.log_command:Invoking command in '/root/master_ros2_ws/build/master_ros2_interface': CMAKE_PREFIX_PATH=${CMAKE_PREFIX_PATH}:/opt/ros/jazzy /usr/bin/cmake /root/master_ros2_ws/src/master_ros2_interface -DCMAKE_INSTALL_PREFIX=/root/master_ros2_ws/install/master_ros2_interface
[2.931s] DEBUG:colcon.colcon_core.event_handler.log_command:Invoked command in '/root/master_ros2_ws/build/master_ros2_interface' returned '0': CMAKE_PREFIX_PATH=${CMAKE_PREFIX_PATH}:/opt/ros/jazzy /usr/bin/cmake /root/master_ros2_ws/src/master_ros2_interface -DCMAKE_INSTALL_PREFIX=/root/master_ros2_ws/install/master_ros2_interface
[2.932s] DEBUG:colcon.colcon_core.event_handler.log_command:Invoking command in '/root/master_ros2_ws/build/master_ros2_interface': CMAKE_PREFIX_PATH=${CMAKE_PREFIX_PATH}:/opt/ros/jazzy /usr/bin/cmake --build /root/master_ros2_ws/build/master_ros2_interface -- -j12 -l12
[4.847s] DEBUG:colcon.colcon_core.event_handler.log_command:Invoked command in '/root/master_ros2_ws/build/master_ros2_interface' returned '0': CMAKE_PREFIX_PATH=${CMAKE_PREFIX_PATH}:/opt/ros/jazzy /usr/bin/cmake --build /root/master_ros2_ws/build/master_ros2_interface -- -j12 -l12
[4.857s] DEBUG:colcon.colcon_core.event_handler.log_command:Invoking command in '/root/master_ros2_ws/build/master_ros2_interface': CMAKE_PREFIX_PATH=${CMAKE_PREFIX_PATH}:/opt/ros/jazzy /usr/bin/cmake --install /root/master_ros2_ws/build/master_ros2_interface
[4.929s] Level 1:colcon.colcon_core.environment:create_environment_scripts_only(master_ros2_interface)
[4.930s] DEBUG:colcon.colcon_core.event_handler.log_command:Invoked command in '/root/master_ros2_ws/build/master_ros2_interface' returned '0': CMAKE_PREFIX_PATH=${CMAKE_PREFIX_PATH}:/opt/ros/jazzy /usr/bin/cmake --install /root/master_ros2_ws/build/master_ros2_interface
[4.932s] Level 1:colcon.colcon_core.environment:checking '/root/master_ros2_ws/install/master_ros2_interface' for CMake module files
[4.932s] Level 1:colcon.colcon_core.environment:checking '/root/master_ros2_ws/install/master_ros2_interface' for CMake config files
[4.933s] Level 1:colcon.colcon_core.shell:create_environment_hook('master_ros2_interface', 'cmake_prefix_path')
[4.933s] INFO:colcon.colcon_core.shell:Creating environment hook '/root/master_ros2_ws/install/master_ros2_interface/share/master_ros2_interface/hook/cmake_prefix_path.ps1'
[4.934s] INFO:colcon.colcon_core.shell:Creating environment descriptor '/root/master_ros2_ws/install/master_ros2_interface/share/master_ros2_interface/hook/cmake_prefix_path.dsv'
[4.934s] INFO:colcon.colcon_core.shell:Creating environment hook '/root/master_ros2_ws/install/master_ros2_interface/share/master_ros2_interface/hook/cmake_prefix_path.sh'
[4.935s] Level 1:colcon.colcon_core.environment:checking '/root/master_ros2_ws/install/master_ros2_interface/lib'
[4.935s] Level 1:colcon.colcon_core.shell:create_environment_hook('master_ros2_interface', 'ld_library_path_lib')
[4.935s] INFO:colcon.colcon_core.shell:Creating environment hook '/root/master_ros2_ws/install/master_ros2_interface/share/master_ros2_interface/hook/ld_library_path_lib.ps1'
[4.936s] INFO:colcon.colcon_core.shell:Creating environment descriptor '/root/master_ros2_ws/install/master_ros2_interface/share/master_ros2_interface/hook/ld_library_path_lib.dsv'
[4.936s] INFO:colcon.colcon_core.shell:Creating environment hook '/root/master_ros2_ws/install/master_ros2_interface/share/master_ros2_interface/hook/ld_library_path_lib.sh'
[4.936s] Level 1:colcon.colcon_core.environment:checking '/root/master_ros2_ws/install/master_ros2_interface/bin'
[4.936s] Level 1:colcon.colcon_core.environment:checking '/root/master_ros2_ws/install/master_ros2_interface/lib/pkgconfig/master_ros2_interface.pc'
[4.937s] Level 1:colcon.colcon_core.environment:checking '/root/master_ros2_ws/install/master_ros2_interface/lib/python3.12/site-packages'
[4.937s] Level 1:colcon.colcon_core.shell:create_environment_hook('master_ros2_interface', 'pythonpath')
[4.938s] INFO:colcon.colcon_core.shell:Creating environment hook '/root/master_ros2_ws/install/master_ros2_interface/share/master_ros2_interface/hook/pythonpath.ps1'
[4.938s] INFO:colcon.colcon_core.shell:Creating environment descriptor '/root/master_ros2_ws/install/master_ros2_interface/share/master_ros2_interface/hook/pythonpath.dsv'
[4.938s] INFO:colcon.colcon_core.shell:Creating environment hook '/root/master_ros2_ws/install/master_ros2_interface/share/master_ros2_interface/hook/pythonpath.sh'
[4.939s] Level 1:colcon.colcon_core.environment:checking '/root/master_ros2_ws/install/master_ros2_interface/bin'
[4.939s] INFO:colcon.colcon_core.shell:Creating package script '/root/master_ros2_ws/install/master_ros2_interface/share/master_ros2_interface/package.ps1'
[4.940s] INFO:colcon.colcon_core.shell:Creating package descriptor '/root/master_ros2_ws/install/master_ros2_interface/share/master_ros2_interface/package.dsv'
[4.940s] INFO:colcon.colcon_core.shell:Creating package script '/root/master_ros2_ws/install/master_ros2_interface/share/master_ros2_interface/package.sh'
[4.941s] INFO:colcon.colcon_core.shell:Creating package script '/root/master_ros2_ws/install/master_ros2_interface/share/master_ros2_interface/package.bash'
[4.941s] INFO:colcon.colcon_core.shell:Creating package script '/root/master_ros2_ws/install/master_ros2_interface/share/master_ros2_interface/package.zsh'
[4.942s] Level 1:colcon.colcon_core.environment:create_file_with_runtime_dependencies(/root/master_ros2_ws/install/master_ros2_interface/share/colcon-core/packages/master_ros2_interface)
[4.942s] Level 1:colcon.colcon_core.environment:create_environment_scripts_only(master_ros2_interface)
[4.942s] Level 1:colcon.colcon_core.environment:checking '/root/master_ros2_ws/install/master_ros2_interface' for CMake module files
[4.943s] Level 1:colcon.colcon_core.environment:checking '/root/master_ros2_ws/install/master_ros2_interface' for CMake config files
[4.943s] Level 1:colcon.colcon_core.shell:create_environment_hook('master_ros2_interface', 'cmake_prefix_path')
[4.943s] INFO:colcon.colcon_core.shell:Creating environment hook '/root/master_ros2_ws/install/master_ros2_interface/share/master_ros2_interface/hook/cmake_prefix_path.ps1'
[4.944s] INFO:colcon.colcon_core.shell:Creating environment descriptor '/root/master_ros2_ws/install/master_ros2_interface/share/master_ros2_interface/hook/cmake_prefix_path.dsv'
[4.944s] INFO:colcon.colcon_core.shell:Creating environment hook '/root/master_ros2_ws/install/master_ros2_interface/share/master_ros2_interface/hook/cmake_prefix_path.sh'
[4.944s] Level 1:colcon.colcon_core.environment:checking '/root/master_ros2_ws/install/master_ros2_interface/lib'
[4.945s] Level 1:colcon.colcon_core.shell:create_environment_hook('master_ros2_interface', 'ld_library_path_lib')
[4.945s] INFO:colcon.colcon_core.shell:Creating environment hook '/root/master_ros2_ws/install/master_ros2_interface/share/master_ros2_interface/hook/ld_library_path_lib.ps1'
[4.945s] INFO:colcon.colcon_core.shell:Creating environment descriptor '/root/master_ros2_ws/install/master_ros2_interface/share/master_ros2_interface/hook/ld_library_path_lib.dsv'
[4.945s] INFO:colcon.colcon_core.shell:Creating environment hook '/root/master_ros2_ws/install/master_ros2_interface/share/master_ros2_interface/hook/ld_library_path_lib.sh'
[4.946s] Level 1:colcon.colcon_core.environment:checking '/root/master_ros2_ws/install/master_ros2_interface/bin'
[4.946s] Level 1:colcon.colcon_core.environment:checking '/root/master_ros2_ws/install/master_ros2_interface/lib/pkgconfig/master_ros2_interface.pc'
[4.946s] Level 1:colcon.colcon_core.environment:checking '/root/master_ros2_ws/install/master_ros2_interface/lib/python3.12/site-packages'
[4.946s] Level 1:colcon.colcon_core.shell:create_environment_hook('master_ros2_interface', 'pythonpath')
[4.946s] INFO:colcon.colcon_core.shell:Creating environment hook '/root/master_ros2_ws/install/master_ros2_interface/share/master_ros2_interface/hook/pythonpath.ps1'
[4.946s] INFO:colcon.colcon_core.shell:Creating environment descriptor '/root/master_ros2_ws/install/master_ros2_interface/share/master_ros2_interface/hook/pythonpath.dsv'
[4.946s] INFO:colcon.colcon_core.shell:Creating environment hook '/root/master_ros2_ws/install/master_ros2_interface/share/master_ros2_interface/hook/pythonpath.sh'
[4.947s] Level 1:colcon.colcon_core.environment:checking '/root/master_ros2_ws/install/master_ros2_interface/bin'
[4.947s] INFO:colcon.colcon_core.shell:Creating package script '/root/master_ros2_ws/install/master_ros2_interface/share/master_ros2_interface/package.ps1'
[4.948s] INFO:colcon.colcon_core.shell:Creating package descriptor '/root/master_ros2_ws/install/master_ros2_interface/share/master_ros2_interface/package.dsv'
[4.948s] INFO:colcon.colcon_core.shell:Creating package script '/root/master_ros2_ws/install/master_ros2_interface/share/master_ros2_interface/package.sh'
[4.949s] INFO:colcon.colcon_core.shell:Creating package script '/root/master_ros2_ws/install/master_ros2_interface/share/master_ros2_interface/package.bash'
[4.949s] INFO:colcon.colcon_core.shell:Creating package script '/root/master_ros2_ws/install/master_ros2_interface/share/master_ros2_interface/package.zsh'
[4.949s] Level 1:colcon.colcon_core.environment:create_file_with_runtime_dependencies(/root/master_ros2_ws/install/master_ros2_interface/share/colcon-core/packages/master_ros2_interface)
[4.950s] DEBUG:colcon.colcon_parallel_executor.executor.parallel:closing loop
[4.950s] DEBUG:colcon.colcon_parallel_executor.executor.parallel:loop closed
[4.950s] DEBUG:colcon.colcon_parallel_executor.executor.parallel:run_until_complete finished with '0'
[4.950s] DEBUG:colcon.colcon_core.event_reactor:joining thread
[4.957s] INFO:colcon.colcon_core.plugin_system:Skipping extension 'colcon_notification.desktop_notification.notify_send': Could not find 'notify-send'
[4.957s] INFO:colcon.colcon_core.plugin_system:Skipping extension 'colcon_notification.desktop_notification.terminal_notifier': Not used on non-Darwin systems
[4.957s] INFO:colcon.colcon_core.plugin_system:Skipping extension 'colcon_notification.desktop_notification.win32': Not used on non-Windows systems
[4.957s] INFO:colcon.colcon_notification.desktop_notification:Sending desktop notification using 'notify2'
[4.959s] DEBUG:colcon.colcon_notification.desktop_notification.notify2:Failed to initialize notify2: org.freedesktop.DBus.Error.Spawn.ExecFailed: /usr/bin/dbus-launch terminated abnormally without any error message
[4.959s] DEBUG:colcon.colcon_core.event_reactor:joined thread
[4.960s] INFO:colcon.colcon_core.shell:Creating prefix script '/root/master_ros2_ws/install/local_setup.ps1'
[4.961s] INFO:colcon.colcon_core.shell:Creating prefix util module '/root/master_ros2_ws/install/_local_setup_util_ps1.py'
[4.961s] INFO:colcon.colcon_core.shell:Creating prefix chain script '/root/master_ros2_ws/install/setup.ps1'
[4.962s] INFO:colcon.colcon_core.shell:Creating prefix script '/root/master_ros2_ws/install/local_setup.sh'
[4.963s] INFO:colcon.colcon_core.shell:Creating prefix util module '/root/master_ros2_ws/install/_local_setup_util_sh.py'
[4.963s] INFO:colcon.colcon_core.shell:Creating prefix chain script '/root/master_ros2_ws/install/setup.sh'
[4.964s] INFO:colcon.colcon_core.shell:Creating prefix script '/root/master_ros2_ws/install/local_setup.bash'
[4.964s] INFO:colcon.colcon_core.shell:Creating prefix chain script '/root/master_ros2_ws/install/setup.bash'
[4.965s] INFO:colcon.colcon_core.shell:Creating prefix script '/root/master_ros2_ws/install/local_setup.zsh'
[4.965s] INFO:colcon.colcon_core.shell:Creating prefix chain script '/root/master_ros2_ws/install/setup.zsh'
