[0.012s] Invoking command in '/root/master_ros2_ws/build/master_ros2_interface': CMAKE_PREFIX_PATH=${CMAKE_PREFIX_PATH}:/opt/ros/jazzy /usr/bin/cmake --build /root/master_ros2_ws/build/master_ros2_interface -- -j12 -l12
[0.041s] -- Found ament_cmake: 2.5.4 (/opt/ros/jazzy/share/ament_cmake/cmake)
[0.135s] -- Found rosidl_default_generators: 1.6.0 (/opt/ros/jazzy/share/rosidl_default_generators/cmake)
[0.137s] -- Using all available rosidl_typesupport_c: rosidl_typesupport_fastrtps_c;rosidl_typesupport_introspection_c
[0.170s] -- Using all available rosidl_typesupport_cpp: rosidl_typesupport_fastrtps_cpp;rosidl_typesupport_introspection_cpp
[0.195s] -- Found rosidl_adapter: 4.6.6 (/opt/ros/jazzy/share/rosidl_adapter/cmake)
[0.395s] -- Found ament_cmake_ros: 0.12.0 (/opt/ros/jazzy/share/ament_cmake_ros/cmake)
[0.474s] -- Using all available rosidl_typesupport_c: rosidl_typesupport_fastrtps_c;rosidl_typesupport_introspection_c
[0.573s] -- Using all available rosidl_typesupport_cpp: rosidl_typesupport_fastrtps_cpp;rosidl_typesupport_introspection_cpp
[0.574s] -- Found python_cmake_module: 0.11.1 (/opt/ros/jazzy/share/python_cmake_module/cmake)
[0.793s] -- Found Python3: /usr/bin/python3 (found version "3.12.3") found components: Interpreter Development NumPy Development.Module Development.Embed 
[0.800s] -- Found ament_lint_auto: 0.17.3 (/opt/ros/jazzy/share/ament_lint_auto/cmake)
[0.809s] -- Added test 'lint_cmake' to check CMake code style
[0.810s] -- Added test 'xmllint' to check XML markup files
[0.812s] -- Configuring done (0.8s)
[0.846s] -- Generating done (0.0s)
[0.857s] -- Build files have been written to: /root/master_ros2_ws/build/master_ros2_interface
[0.892s] [  2%] Built target master_ros2_interface__rosidl_generator_type_description
[0.902s] [  2%] Built target ament_cmake_python_copy_master_ros2_interface
[0.913s] [  5%] Built target master_ros2_interface__cpp
[0.916s] [ 20%] Built target master_ros2_interface__rosidl_generator_c
[0.946s] [ 47%] Built target master_ros2_interface__rosidl_typesupport_cpp
[0.946s] [ 47%] Built target master_ros2_interface__rosidl_typesupport_fastrtps_cpp
[0.946s] [ 47%] Built target master_ros2_interface__rosidl_typesupport_introspection_c
[0.948s] [ 55%] Built target master_ros2_interface__rosidl_typesupport_introspection_cpp
[0.949s] [ 64%] Built target master_ros2_interface__rosidl_typesupport_c
[0.953s] [ 73%] Built target master_ros2_interface__rosidl_typesupport_fastrtps_c
[0.975s] [ 73%] Built target master_ros2_interface
[0.998s] [ 76%] Built target master_ros2_interface__py
[1.027s] [ 82%] Built target master_ros2_interface__rosidl_generator_py
[1.059s] [100%] Built target master_ros2_interface_s__rosidl_typesupport_introspection_c
[1.059s] [100%] Built target master_ros2_interface_s__rosidl_typesupport_fastrtps_c
[1.059s] [100%] Built target master_ros2_interface_s__rosidl_typesupport_c
[1.125s] running egg_info
[1.143s] writing master_ros2_interface.egg-info/PKG-INFO
[1.143s] writing dependency_links to master_ros2_interface.egg-info/dependency_links.txt
[1.143s] writing top-level names to master_ros2_interface.egg-info/top_level.txt
[1.194s] reading manifest file 'master_ros2_interface.egg-info/SOURCES.txt'
[1.194s] writing manifest file 'master_ros2_interface.egg-info/SOURCES.txt'
[1.223s] [100%] Built target ament_cmake_python_build_master_ros2_interface_egg
[1.237s] Invoked command in '/root/master_ros2_ws/build/master_ros2_interface' returned '0': CMAKE_PREFIX_PATH=${CMAKE_PREFIX_PATH}:/opt/ros/jazzy /usr/bin/cmake --build /root/master_ros2_ws/build/master_ros2_interface -- -j12 -l12
[1.250s] Invoking command in '/root/master_ros2_ws/build/master_ros2_interface': CMAKE_PREFIX_PATH=${CMAKE_PREFIX_PATH}:/opt/ros/jazzy /usr/bin/cmake --install /root/master_ros2_ws/build/master_ros2_interface
[1.260s] -- Install configuration: ""
[1.260s] -- Up-to-date: /root/master_ros2_ws/install/master_ros2_interface/share/ament_index/resource_index/rosidl_interfaces/master_ros2_interface
[1.260s] -- Up-to-date: /root/master_ros2_ws/install/master_ros2_interface/share/master_ros2_interface/msg/CustomMsg.json
[1.260s] -- Up-to-date: /root/master_ros2_ws/install/master_ros2_interface/include/master_ros2_interface/master_ros2_interface
[1.260s] -- Up-to-date: /root/master_ros2_ws/install/master_ros2_interface/include/master_ros2_interface/master_ros2_interface/msg
[1.260s] -- Up-to-date: /root/master_ros2_ws/install/master_ros2_interface/include/master_ros2_interface/master_ros2_interface/msg/detail
[1.260s] -- Up-to-date: /root/master_ros2_ws/install/master_ros2_interface/include/master_ros2_interface/master_ros2_interface/msg/detail/custom_msg__type_support.h
[1.260s] -- Up-to-date: /root/master_ros2_ws/install/master_ros2_interface/include/master_ros2_interface/master_ros2_interface/msg/detail/custom_msg__functions.h
[1.261s] -- Up-to-date: /root/master_ros2_ws/install/master_ros2_interface/include/master_ros2_interface/master_ros2_interface/msg/detail/custom_msg__type_support.c
[1.261s] -- Up-to-date: /root/master_ros2_ws/install/master_ros2_interface/include/master_ros2_interface/master_ros2_interface/msg/detail/custom_msg__functions.c
[1.261s] -- Up-to-date: /root/master_ros2_ws/install/master_ros2_interface/include/master_ros2_interface/master_ros2_interface/msg/detail/custom_msg__description.c
[1.261s] -- Up-to-date: /root/master_ros2_ws/install/master_ros2_interface/include/master_ros2_interface/master_ros2_interface/msg/detail/custom_msg__struct.h
[1.261s] -- Up-to-date: /root/master_ros2_ws/install/master_ros2_interface/include/master_ros2_interface/master_ros2_interface/msg/rosidl_generator_c__visibility_control.h
[1.261s] -- Up-to-date: /root/master_ros2_ws/install/master_ros2_interface/include/master_ros2_interface/master_ros2_interface/msg/custom_msg.h
[1.261s] -- Up-to-date: /root/master_ros2_ws/install/master_ros2_interface/share/master_ros2_interface/environment/library_path.sh
[1.261s] -- Up-to-date: /root/master_ros2_ws/install/master_ros2_interface/share/master_ros2_interface/environment/library_path.dsv
[1.261s] -- Up-to-date: /root/master_ros2_ws/install/master_ros2_interface/lib/libmaster_ros2_interface__rosidl_generator_c.so
[1.261s] -- Up-to-date: /root/master_ros2_ws/install/master_ros2_interface/include/master_ros2_interface/master_ros2_interface
[1.262s] -- Up-to-date: /root/master_ros2_ws/install/master_ros2_interface/include/master_ros2_interface/master_ros2_interface/msg
[1.262s] -- Up-to-date: /root/master_ros2_ws/install/master_ros2_interface/include/master_ros2_interface/master_ros2_interface/msg/detail
[1.262s] -- Up-to-date: /root/master_ros2_ws/install/master_ros2_interface/include/master_ros2_interface/master_ros2_interface/msg/detail/custom_msg__rosidl_typesupport_fastrtps_c.h
[1.262s] -- Up-to-date: /root/master_ros2_ws/install/master_ros2_interface/include/master_ros2_interface/master_ros2_interface/msg/rosidl_typesupport_fastrtps_c__visibility_control.h
[1.262s] -- Up-to-date: /root/master_ros2_ws/install/master_ros2_interface/lib/libmaster_ros2_interface__rosidl_typesupport_fastrtps_c.so
[1.262s] -- Up-to-date: /root/master_ros2_ws/install/master_ros2_interface/include/master_ros2_interface/master_ros2_interface
[1.262s] -- Up-to-date: /root/master_ros2_ws/install/master_ros2_interface/include/master_ros2_interface/master_ros2_interface/msg
[1.262s] -- Up-to-date: /root/master_ros2_ws/install/master_ros2_interface/include/master_ros2_interface/master_ros2_interface/msg/detail
[1.262s] -- Up-to-date: /root/master_ros2_ws/install/master_ros2_interface/include/master_ros2_interface/master_ros2_interface/msg/detail/custom_msg__type_support.c
[1.263s] -- Up-to-date: /root/master_ros2_ws/install/master_ros2_interface/include/master_ros2_interface/master_ros2_interface/msg/detail/custom_msg__rosidl_typesupport_introspection_c.h
[1.263s] -- Up-to-date: /root/master_ros2_ws/install/master_ros2_interface/include/master_ros2_interface/master_ros2_interface/msg/rosidl_typesupport_introspection_c__visibility_control.h
[1.263s] -- Up-to-date: /root/master_ros2_ws/install/master_ros2_interface/lib/libmaster_ros2_interface__rosidl_typesupport_introspection_c.so
[1.263s] -- Up-to-date: /root/master_ros2_ws/install/master_ros2_interface/lib/libmaster_ros2_interface__rosidl_typesupport_c.so
[1.263s] -- Up-to-date: /root/master_ros2_ws/install/master_ros2_interface/include/master_ros2_interface/master_ros2_interface
[1.263s] -- Up-to-date: /root/master_ros2_ws/install/master_ros2_interface/include/master_ros2_interface/master_ros2_interface/msg
[1.263s] -- Up-to-date: /root/master_ros2_ws/install/master_ros2_interface/include/master_ros2_interface/master_ros2_interface/msg/rosidl_generator_cpp__visibility_control.hpp
[1.263s] -- Up-to-date: /root/master_ros2_ws/install/master_ros2_interface/include/master_ros2_interface/master_ros2_interface/msg/detail
[1.263s] -- Up-to-date: /root/master_ros2_ws/install/master_ros2_interface/include/master_ros2_interface/master_ros2_interface/msg/detail/custom_msg__struct.hpp
[1.263s] -- Up-to-date: /root/master_ros2_ws/install/master_ros2_interface/include/master_ros2_interface/master_ros2_interface/msg/detail/custom_msg__type_support.hpp
[1.263s] -- Up-to-date: /root/master_ros2_ws/install/master_ros2_interface/include/master_ros2_interface/master_ros2_interface/msg/detail/custom_msg__builder.hpp
[1.264s] -- Up-to-date: /root/master_ros2_ws/install/master_ros2_interface/include/master_ros2_interface/master_ros2_interface/msg/detail/custom_msg__traits.hpp
[1.264s] -- Up-to-date: /root/master_ros2_ws/install/master_ros2_interface/include/master_ros2_interface/master_ros2_interface/msg/custom_msg.hpp
[1.264s] -- Up-to-date: /root/master_ros2_ws/install/master_ros2_interface/include/master_ros2_interface/master_ros2_interface
[1.264s] -- Up-to-date: /root/master_ros2_ws/install/master_ros2_interface/include/master_ros2_interface/master_ros2_interface/msg
[1.264s] -- Up-to-date: /root/master_ros2_ws/install/master_ros2_interface/include/master_ros2_interface/master_ros2_interface/msg/detail
[1.264s] -- Up-to-date: /root/master_ros2_ws/install/master_ros2_interface/include/master_ros2_interface/master_ros2_interface/msg/detail/custom_msg__rosidl_typesupport_fastrtps_cpp.hpp
[1.264s] -- Up-to-date: /root/master_ros2_ws/install/master_ros2_interface/include/master_ros2_interface/master_ros2_interface/msg/detail/dds_fastrtps
[1.264s] -- Up-to-date: /root/master_ros2_ws/install/master_ros2_interface/include/master_ros2_interface/master_ros2_interface/msg/rosidl_typesupport_fastrtps_cpp__visibility_control.h
[1.264s] -- Up-to-date: /root/master_ros2_ws/install/master_ros2_interface/lib/libmaster_ros2_interface__rosidl_typesupport_fastrtps_cpp.so
[1.264s] -- Up-to-date: /root/master_ros2_ws/install/master_ros2_interface/include/master_ros2_interface/master_ros2_interface
[1.264s] -- Up-to-date: /root/master_ros2_ws/install/master_ros2_interface/include/master_ros2_interface/master_ros2_interface/msg
[1.264s] -- Up-to-date: /root/master_ros2_ws/install/master_ros2_interface/include/master_ros2_interface/master_ros2_interface/msg/detail
[1.264s] -- Up-to-date: /root/master_ros2_ws/install/master_ros2_interface/include/master_ros2_interface/master_ros2_interface/msg/detail/custom_msg__rosidl_typesupport_introspection_cpp.hpp
[1.265s] -- Up-to-date: /root/master_ros2_ws/install/master_ros2_interface/include/master_ros2_interface/master_ros2_interface/msg/detail/custom_msg__type_support.cpp
[1.265s] -- Up-to-date: /root/master_ros2_ws/install/master_ros2_interface/lib/libmaster_ros2_interface__rosidl_typesupport_introspection_cpp.so
[1.265s] -- Up-to-date: /root/master_ros2_ws/install/master_ros2_interface/lib/libmaster_ros2_interface__rosidl_typesupport_cpp.so
[1.265s] -- Up-to-date: /root/master_ros2_ws/install/master_ros2_interface/share/master_ros2_interface/environment/pythonpath.sh
[1.265s] -- Up-to-date: /root/master_ros2_ws/install/master_ros2_interface/share/master_ros2_interface/environment/pythonpath.dsv
[1.265s] -- Up-to-date: /root/master_ros2_ws/install/master_ros2_interface/lib/python3.12/site-packages/master_ros2_interface-0.0.0-py3.12.egg-info
[1.265s] -- Installing: /root/master_ros2_ws/install/master_ros2_interface/lib/python3.12/site-packages/master_ros2_interface-0.0.0-py3.12.egg-info/SOURCES.txt
[1.265s] -- Installing: /root/master_ros2_ws/install/master_ros2_interface/lib/python3.12/site-packages/master_ros2_interface-0.0.0-py3.12.egg-info/top_level.txt
[1.265s] -- Installing: /root/master_ros2_ws/install/master_ros2_interface/lib/python3.12/site-packages/master_ros2_interface-0.0.0-py3.12.egg-info/dependency_links.txt
[1.265s] -- Installing: /root/master_ros2_ws/install/master_ros2_interface/lib/python3.12/site-packages/master_ros2_interface-0.0.0-py3.12.egg-info/PKG-INFO
[1.265s] -- Up-to-date: /root/master_ros2_ws/install/master_ros2_interface/lib/python3.12/site-packages/master_ros2_interface
[1.266s] -- Up-to-date: /root/master_ros2_ws/install/master_ros2_interface/lib/python3.12/site-packages/master_ros2_interface/master_ros2_interface_s__rosidl_typesupport_introspection_c.so
[1.266s] -- Up-to-date: /root/master_ros2_ws/install/master_ros2_interface/lib/python3.12/site-packages/master_ros2_interface/_master_ros2_interface_s.ep.rosidl_typesupport_c.c
[1.266s] -- Installing: /root/master_ros2_ws/install/master_ros2_interface/lib/python3.12/site-packages/master_ros2_interface/__init__.py
[1.266s] -- Up-to-date: /root/master_ros2_ws/install/master_ros2_interface/lib/python3.12/site-packages/master_ros2_interface/master_ros2_interface_s__rosidl_typesupport_fastrtps_c.so
[1.266s] -- Up-to-date: /root/master_ros2_ws/install/master_ros2_interface/lib/python3.12/site-packages/master_ros2_interface/_master_ros2_interface_s.ep.rosidl_typesupport_fastrtps_c.c
[1.266s] -- Up-to-date: /root/master_ros2_ws/install/master_ros2_interface/lib/python3.12/site-packages/master_ros2_interface/master_ros2_interface_s__rosidl_typesupport_c.so
[1.266s] -- Up-to-date: /root/master_ros2_ws/install/master_ros2_interface/lib/python3.12/site-packages/master_ros2_interface/msg
[1.266s] -- Up-to-date: /root/master_ros2_ws/install/master_ros2_interface/lib/python3.12/site-packages/master_ros2_interface/msg/_custom_msg.py
[1.266s] -- Up-to-date: /root/master_ros2_ws/install/master_ros2_interface/lib/python3.12/site-packages/master_ros2_interface/msg/__init__.py
[1.266s] -- Up-to-date: /root/master_ros2_ws/install/master_ros2_interface/lib/python3.12/site-packages/master_ros2_interface/msg/_custom_msg_s.c
[1.266s] -- Up-to-date: /root/master_ros2_ws/install/master_ros2_interface/lib/python3.12/site-packages/master_ros2_interface/_master_ros2_interface_s.ep.rosidl_typesupport_introspection_c.c
[1.296s] Listing '/root/master_ros2_ws/install/master_ros2_interface/lib/python3.12/site-packages/master_ros2_interface'...
[1.296s] Compiling '/root/master_ros2_ws/install/master_ros2_interface/lib/python3.12/site-packages/master_ros2_interface/__init__.py'...
[1.296s] Listing '/root/master_ros2_ws/install/master_ros2_interface/lib/python3.12/site-packages/master_ros2_interface/msg'...
[1.300s] -- Up-to-date: /root/master_ros2_ws/install/master_ros2_interface/lib/python3.12/site-packages/master_ros2_interface/master_ros2_interface_s__rosidl_typesupport_fastrtps_c.so
[1.300s] -- Up-to-date: /root/master_ros2_ws/install/master_ros2_interface/lib/python3.12/site-packages/master_ros2_interface/master_ros2_interface_s__rosidl_typesupport_introspection_c.so
[1.301s] -- Up-to-date: /root/master_ros2_ws/install/master_ros2_interface/lib/python3.12/site-packages/master_ros2_interface/master_ros2_interface_s__rosidl_typesupport_c.so
[1.301s] -- Up-to-date: /root/master_ros2_ws/install/master_ros2_interface/lib/libmaster_ros2_interface__rosidl_generator_py.so
[1.301s] -- Up-to-date: /root/master_ros2_ws/install/master_ros2_interface/share/master_ros2_interface/msg/CustomMsg.idl
[1.301s] -- Up-to-date: /root/master_ros2_ws/install/master_ros2_interface/share/master_ros2_interface/msg/CustomMsg.msg
[1.301s] -- Up-to-date: /root/master_ros2_ws/install/master_ros2_interface/share/ament_index/resource_index/package_run_dependencies/master_ros2_interface
[1.301s] -- Up-to-date: /root/master_ros2_ws/install/master_ros2_interface/share/ament_index/resource_index/parent_prefix_path/master_ros2_interface
[1.302s] -- Up-to-date: /root/master_ros2_ws/install/master_ros2_interface/share/master_ros2_interface/environment/ament_prefix_path.sh
[1.302s] -- Up-to-date: /root/master_ros2_ws/install/master_ros2_interface/share/master_ros2_interface/environment/ament_prefix_path.dsv
[1.302s] -- Up-to-date: /root/master_ros2_ws/install/master_ros2_interface/share/master_ros2_interface/environment/path.sh
[1.302s] -- Up-to-date: /root/master_ros2_ws/install/master_ros2_interface/share/master_ros2_interface/environment/path.dsv
[1.302s] -- Up-to-date: /root/master_ros2_ws/install/master_ros2_interface/share/master_ros2_interface/local_setup.bash
[1.302s] -- Up-to-date: /root/master_ros2_ws/install/master_ros2_interface/share/master_ros2_interface/local_setup.sh
[1.302s] -- Up-to-date: /root/master_ros2_ws/install/master_ros2_interface/share/master_ros2_interface/local_setup.zsh
[1.302s] -- Up-to-date: /root/master_ros2_ws/install/master_ros2_interface/share/master_ros2_interface/local_setup.dsv
[1.302s] -- Installing: /root/master_ros2_ws/install/master_ros2_interface/share/master_ros2_interface/package.dsv
[1.302s] -- Up-to-date: /root/master_ros2_ws/install/master_ros2_interface/share/ament_index/resource_index/packages/master_ros2_interface
[1.302s] -- Up-to-date: /root/master_ros2_ws/install/master_ros2_interface/share/master_ros2_interface/cmake/export_master_ros2_interface__rosidl_generator_cExport.cmake
[1.303s] -- Up-to-date: /root/master_ros2_ws/install/master_ros2_interface/share/master_ros2_interface/cmake/export_master_ros2_interface__rosidl_generator_cExport-noconfig.cmake
[1.303s] -- Up-to-date: /root/master_ros2_ws/install/master_ros2_interface/share/master_ros2_interface/cmake/export_master_ros2_interface__rosidl_typesupport_fastrtps_cExport.cmake
[1.303s] -- Up-to-date: /root/master_ros2_ws/install/master_ros2_interface/share/master_ros2_interface/cmake/export_master_ros2_interface__rosidl_typesupport_fastrtps_cExport-noconfig.cmake
[1.303s] -- Up-to-date: /root/master_ros2_ws/install/master_ros2_interface/share/master_ros2_interface/cmake/master_ros2_interface__rosidl_typesupport_introspection_cExport.cmake
[1.303s] -- Up-to-date: /root/master_ros2_ws/install/master_ros2_interface/share/master_ros2_interface/cmake/master_ros2_interface__rosidl_typesupport_introspection_cExport-noconfig.cmake
[1.303s] -- Up-to-date: /root/master_ros2_ws/install/master_ros2_interface/share/master_ros2_interface/cmake/master_ros2_interface__rosidl_typesupport_cExport.cmake
[1.303s] -- Up-to-date: /root/master_ros2_ws/install/master_ros2_interface/share/master_ros2_interface/cmake/master_ros2_interface__rosidl_typesupport_cExport-noconfig.cmake
[1.303s] -- Up-to-date: /root/master_ros2_ws/install/master_ros2_interface/share/master_ros2_interface/cmake/export_master_ros2_interface__rosidl_generator_cppExport.cmake
[1.303s] -- Up-to-date: /root/master_ros2_ws/install/master_ros2_interface/share/master_ros2_interface/cmake/export_master_ros2_interface__rosidl_typesupport_fastrtps_cppExport.cmake
[1.303s] -- Up-to-date: /root/master_ros2_ws/install/master_ros2_interface/share/master_ros2_interface/cmake/export_master_ros2_interface__rosidl_typesupport_fastrtps_cppExport-noconfig.cmake
[1.303s] -- Up-to-date: /root/master_ros2_ws/install/master_ros2_interface/share/master_ros2_interface/cmake/master_ros2_interface__rosidl_typesupport_introspection_cppExport.cmake
[1.304s] -- Up-to-date: /root/master_ros2_ws/install/master_ros2_interface/share/master_ros2_interface/cmake/master_ros2_interface__rosidl_typesupport_introspection_cppExport-noconfig.cmake
[1.304s] -- Up-to-date: /root/master_ros2_ws/install/master_ros2_interface/share/master_ros2_interface/cmake/master_ros2_interface__rosidl_typesupport_cppExport.cmake
[1.304s] -- Up-to-date: /root/master_ros2_ws/install/master_ros2_interface/share/master_ros2_interface/cmake/master_ros2_interface__rosidl_typesupport_cppExport-noconfig.cmake
[1.304s] -- Up-to-date: /root/master_ros2_ws/install/master_ros2_interface/share/master_ros2_interface/cmake/export_master_ros2_interface__rosidl_generator_pyExport.cmake
[1.304s] -- Up-to-date: /root/master_ros2_ws/install/master_ros2_interface/share/master_ros2_interface/cmake/export_master_ros2_interface__rosidl_generator_pyExport-noconfig.cmake
[1.304s] -- Up-to-date: /root/master_ros2_ws/install/master_ros2_interface/share/master_ros2_interface/cmake/rosidl_cmake-extras.cmake
[1.304s] -- Up-to-date: /root/master_ros2_ws/install/master_ros2_interface/share/master_ros2_interface/cmake/ament_cmake_export_include_directories-extras.cmake
[1.304s] -- Up-to-date: /root/master_ros2_ws/install/master_ros2_interface/share/master_ros2_interface/cmake/ament_cmake_export_libraries-extras.cmake
[1.304s] -- Up-to-date: /root/master_ros2_ws/install/master_ros2_interface/share/master_ros2_interface/cmake/ament_cmake_export_targets-extras.cmake
[1.304s] -- Up-to-date: /root/master_ros2_ws/install/master_ros2_interface/share/master_ros2_interface/cmake/rosidl_cmake_export_typesupport_targets-extras.cmake
[1.304s] -- Up-to-date: /root/master_ros2_ws/install/master_ros2_interface/share/master_ros2_interface/cmake/ament_cmake_export_dependencies-extras.cmake
[1.304s] -- Up-to-date: /root/master_ros2_ws/install/master_ros2_interface/share/master_ros2_interface/cmake/rosidl_cmake_export_typesupport_libraries-extras.cmake
[1.304s] -- Up-to-date: /root/master_ros2_ws/install/master_ros2_interface/share/master_ros2_interface/cmake/master_ros2_interfaceConfig.cmake
[1.304s] -- Up-to-date: /root/master_ros2_ws/install/master_ros2_interface/share/master_ros2_interface/cmake/master_ros2_interfaceConfig-version.cmake
[1.305s] -- Installing: /root/master_ros2_ws/install/master_ros2_interface/share/master_ros2_interface/package.xml
[1.306s] Invoked command in '/root/master_ros2_ws/build/master_ros2_interface' returned '0': CMAKE_PREFIX_PATH=${CMAKE_PREFIX_PATH}:/opt/ros/jazzy /usr/bin/cmake --install /root/master_ros2_ws/build/master_ros2_interface
