[0.000000] (-) TimerEvent: {}
[0.000250] (master_ros2_interface) JobQueued: {'identifier': 'master_ros2_interface', 'dependencies': OrderedDict()}
[0.000597] (master_ros2_pkg) JobQueued: {'identifier': 'master_ros2_pkg', 'dependencies': OrderedDict({'master_ros2_interface': '/root/master_ros2_ws/install/master_ros2_interface'})}
[0.000843] (master_ros2_interface) JobStarted: {'identifier': 'master_ros2_interface'}
[0.010491] (master_ros2_interface) JobProgress: {'identifier': 'master_ros2_interface', 'progress': 'cmake'}
[0.011260] (master_ros2_interface) Command: {'cmd': ['/usr/bin/cmake', '/root/master_ros2_ws/src/master_ros2_interface', '-DCMAKE_INSTALL_PREFIX=/root/master_ros2_ws/install/master_ros2_interface'], 'cwd': '/root/master_ros2_ws/build/master_ros2_interface', 'env': OrderedDict({'GZ_SIM_RESOURCE_PATH': '/opt/ros/jazzy/share', 'GZ_CONFIG_PATH': '/opt/ros/jazzy/opt/gz_sim_vendor/share/gz:/opt/ros/jazzy/opt/sdformat_vendor/share/gz:/opt/ros/jazzy/opt/gz_gui_vendor/share/gz:/opt/ros/jazzy/opt/gz_transport_vendor/share/gz:/opt/ros/jazzy/opt/gz_rendering_vendor/share/gz:/opt/ros/jazzy/opt/gz_plugin_vendor/share/gz:/opt/ros/jazzy/opt/gz_fuel_tools_vendor/share/gz:/opt/ros/jazzy/opt/gz_msgs_vendor/share/gz:/opt/ros/jazzy/opt/gz_common_vendor/share/gz', 'HOSTNAME': 'archy-ideapad', 'SHLVL': '1', 'LD_LIBRARY_PATH': '/root/master_ros2_ws/install/master_ros2_interface/lib:/opt/ros/jazzy/opt/gz_sim_vendor/lib:/opt/ros/jazzy/opt/gz_sensors_vendor/lib:/opt/ros/jazzy/opt/gz_physics_vendor/lib:/opt/ros/jazzy/opt/sdformat_vendor/lib:/opt/ros/jazzy/opt/rviz_ogre_vendor/lib:/opt/ros/jazzy/lib/x86_64-linux-gnu:/opt/ros/jazzy/opt/gz_gui_vendor/lib:/opt/ros/jazzy/opt/gz_transport_vendor/lib:/opt/ros/jazzy/opt/gz_rendering_vendor/lib:/opt/ros/jazzy/opt/gz_plugin_vendor/lib:/opt/ros/jazzy/opt/gz_fuel_tools_vendor/lib:/opt/ros/jazzy/opt/gz_msgs_vendor/lib:/opt/ros/jazzy/opt/gz_common_vendor/lib:/opt/ros/jazzy/opt/gz_math_vendor/lib:/opt/ros/jazzy/opt/gz_utils_vendor/lib:/opt/ros/jazzy/opt/gz_tools_vendor/lib:/opt/ros/jazzy/opt/gz_ogre_next_vendor/lib:/opt/ros/jazzy/opt/gz_dartsim_vendor/lib:/opt/ros/jazzy/opt/gz_cmake_vendor/lib:/opt/ros/jazzy/lib', 'HOME': '/root', 'OLDPWD': '/root/master_ros2_ws/src/master_ros2_interface', 'ROS_PYTHON_VERSION': '3', 'COLCON_PREFIX_PATH': '/root/master_ros2_ws/install', 'ROS_DISTRO': 'jazzy', '_': '/usr/bin/colcon', 'ROS_VERSION': '2', 'TERM': 'xterm', 'QT_X11_NO_MITSHM': '1', 'PATH': '/opt/ros/jazzy/opt/gz_msgs_vendor/bin:/opt/ros/jazzy/opt/gz_tools_vendor/bin:/opt/ros/jazzy/opt/gz_ogre_next_vendor/bin:/opt/ros/jazzy/bin:/usr/local/sbin:/usr/local/bin:/usr/sbin:/usr/bin:/sbin:/bin', 'DISPLAY': ':0', 'LANG': 'C.UTF-8', 'AMENT_PREFIX_PATH': '/root/master_ros2_ws/install/master_ros2_pkg:/root/master_ros2_ws/install/master_ros2_interface:/opt/ros/jazzy', 'ROS_AUTOMATIC_DISCOVERY_RANGE': 'SUBNET', 'PWD': '/root/master_ros2_ws/build/master_ros2_interface', 'TURTLEBOT3_MODEL': 'burger', 'LC_ALL': 'C.UTF-8', 'PYTHONPATH': '/root/master_ros2_ws/install/master_ros2_interface/lib/python3.12/site-packages:/opt/ros/jazzy/lib/python3.12/site-packages', 'COLCON': '1', 'CMAKE_PREFIX_PATH': '/root/master_ros2_ws/install/master_ros2_pkg:/root/master_ros2_ws/install/master_ros2_interface:/opt/ros/jazzy/opt/gz_sim_vendor:/opt/ros/jazzy/opt/gz_sensors_vendor:/opt/ros/jazzy/opt/gz_physics_vendor:/opt/ros/jazzy/opt/sdformat_vendor:/opt/ros/jazzy/opt/gz_gui_vendor:/opt/ros/jazzy/opt/gz_transport_vendor:/opt/ros/jazzy/opt/gz_rendering_vendor:/opt/ros/jazzy/opt/gz_plugin_vendor:/opt/ros/jazzy/opt/gz_fuel_tools_vendor:/opt/ros/jazzy/opt/gz_msgs_vendor:/opt/ros/jazzy/opt/gz_common_vendor:/opt/ros/jazzy/opt/gz_math_vendor:/opt/ros/jazzy/opt/gz_utils_vendor:/opt/ros/jazzy/opt/gz_tools_vendor:/opt/ros/jazzy/opt/gz_ogre_next_vendor:/opt/ros/jazzy/opt/gz_dartsim_vendor:/opt/ros/jazzy/opt/gz_cmake_vendor:/opt/ros/jazzy'}), 'shell': False}
[0.028575] (master_ros2_interface) StdoutLine: {'line': b'-- Found ament_cmake: 2.5.4 (/opt/ros/jazzy/share/ament_cmake/cmake)\n'}
[0.054051] (master_ros2_interface) StdoutLine: {'line': b'-- Found Python3: /usr/bin/python3 (found version "3.12.3") found components: Interpreter \n'}
[0.099821] (-) TimerEvent: {}
[0.122030] (master_ros2_interface) StdoutLine: {'line': b'-- Override CMake install command with custom implementation using symlinks instead of copying resources\n'}
[0.131302] (master_ros2_interface) StdoutLine: {'line': b'-- Found rosidl_default_generators: 1.6.0 (/opt/ros/jazzy/share/rosidl_default_generators/cmake)\n'}
[0.133507] (master_ros2_interface) StdoutLine: {'line': b'-- Using all available rosidl_typesupport_c: rosidl_typesupport_fastrtps_c;rosidl_typesupport_introspection_c\n'}
[0.170183] (master_ros2_interface) StdoutLine: {'line': b'-- Using all available rosidl_typesupport_cpp: rosidl_typesupport_fastrtps_cpp;rosidl_typesupport_introspection_cpp\n'}
[0.195176] (master_ros2_interface) StdoutLine: {'line': b'-- Found rosidl_adapter: 4.6.6 (/opt/ros/jazzy/share/rosidl_adapter/cmake)\n'}
[0.199910] (-) TimerEvent: {}
[0.300129] (-) TimerEvent: {}
[0.400332] (-) TimerEvent: {}
[0.409187] (master_ros2_interface) StdoutLine: {'line': b'-- Found ament_cmake_ros: 0.12.0 (/opt/ros/jazzy/share/ament_cmake_ros/cmake)\n'}
[0.486011] (master_ros2_interface) StdoutLine: {'line': b'-- Using all available rosidl_typesupport_c: rosidl_typesupport_fastrtps_c;rosidl_typesupport_introspection_c\n'}
[0.500434] (-) TimerEvent: {}
[0.593522] (master_ros2_interface) StdoutLine: {'line': b'-- Using all available rosidl_typesupport_cpp: rosidl_typesupport_fastrtps_cpp;rosidl_typesupport_introspection_cpp\n'}
[0.594594] (master_ros2_interface) StdoutLine: {'line': b'-- Found python_cmake_module: 0.11.1 (/opt/ros/jazzy/share/python_cmake_module/cmake)\n'}
[0.600516] (-) TimerEvent: {}
[0.700722] (-) TimerEvent: {}
[0.800921] (-) TimerEvent: {}
[0.824459] (master_ros2_interface) StdoutLine: {'line': b'-- Found Python3: /usr/bin/python3 (found version "3.12.3") found components: Interpreter Development NumPy Development.Module Development.Embed \n'}
[0.840537] (master_ros2_interface) StdoutLine: {'line': b'-- Found ament_lint_auto: 0.17.3 (/opt/ros/jazzy/share/ament_lint_auto/cmake)\n'}
[0.851018] (master_ros2_interface) StdoutLine: {'line': b"-- Added test 'lint_cmake' to check CMake code style\n"}
[0.852188] (master_ros2_interface) StdoutLine: {'line': b"-- Added test 'xmllint' to check XML markup files\n"}
[0.856179] (master_ros2_interface) StdoutLine: {'line': b'-- Configuring done (0.8s)\n'}
[0.890937] (master_ros2_interface) StdoutLine: {'line': b'-- Generating done (0.0s)\n'}
[0.900997] (-) TimerEvent: {}
[0.901467] (master_ros2_interface) StdoutLine: {'line': b'-- Build files have been written to: /root/master_ros2_ws/build/master_ros2_interface\n'}
[0.906303] (master_ros2_interface) CommandEnded: {'returncode': 0}
[0.906741] (master_ros2_interface) JobProgress: {'identifier': 'master_ros2_interface', 'progress': 'build'}
[0.907405] (master_ros2_interface) Command: {'cmd': ['/usr/bin/cmake', '--build', '/root/master_ros2_ws/build/master_ros2_interface', '--', '-j12', '-l12'], 'cwd': '/root/master_ros2_ws/build/master_ros2_interface', 'env': OrderedDict({'GZ_SIM_RESOURCE_PATH': '/opt/ros/jazzy/share', 'GZ_CONFIG_PATH': '/opt/ros/jazzy/opt/gz_sim_vendor/share/gz:/opt/ros/jazzy/opt/sdformat_vendor/share/gz:/opt/ros/jazzy/opt/gz_gui_vendor/share/gz:/opt/ros/jazzy/opt/gz_transport_vendor/share/gz:/opt/ros/jazzy/opt/gz_rendering_vendor/share/gz:/opt/ros/jazzy/opt/gz_plugin_vendor/share/gz:/opt/ros/jazzy/opt/gz_fuel_tools_vendor/share/gz:/opt/ros/jazzy/opt/gz_msgs_vendor/share/gz:/opt/ros/jazzy/opt/gz_common_vendor/share/gz', 'HOSTNAME': 'archy-ideapad', 'SHLVL': '1', 'LD_LIBRARY_PATH': '/root/master_ros2_ws/install/master_ros2_interface/lib:/opt/ros/jazzy/opt/gz_sim_vendor/lib:/opt/ros/jazzy/opt/gz_sensors_vendor/lib:/opt/ros/jazzy/opt/gz_physics_vendor/lib:/opt/ros/jazzy/opt/sdformat_vendor/lib:/opt/ros/jazzy/opt/rviz_ogre_vendor/lib:/opt/ros/jazzy/lib/x86_64-linux-gnu:/opt/ros/jazzy/opt/gz_gui_vendor/lib:/opt/ros/jazzy/opt/gz_transport_vendor/lib:/opt/ros/jazzy/opt/gz_rendering_vendor/lib:/opt/ros/jazzy/opt/gz_plugin_vendor/lib:/opt/ros/jazzy/opt/gz_fuel_tools_vendor/lib:/opt/ros/jazzy/opt/gz_msgs_vendor/lib:/opt/ros/jazzy/opt/gz_common_vendor/lib:/opt/ros/jazzy/opt/gz_math_vendor/lib:/opt/ros/jazzy/opt/gz_utils_vendor/lib:/opt/ros/jazzy/opt/gz_tools_vendor/lib:/opt/ros/jazzy/opt/gz_ogre_next_vendor/lib:/opt/ros/jazzy/opt/gz_dartsim_vendor/lib:/opt/ros/jazzy/opt/gz_cmake_vendor/lib:/opt/ros/jazzy/lib', 'HOME': '/root', 'OLDPWD': '/root/master_ros2_ws/src/master_ros2_interface', 'ROS_PYTHON_VERSION': '3', 'COLCON_PREFIX_PATH': '/root/master_ros2_ws/install', 'ROS_DISTRO': 'jazzy', '_': '/usr/bin/colcon', 'ROS_VERSION': '2', 'TERM': 'xterm', 'QT_X11_NO_MITSHM': '1', 'PATH': '/opt/ros/jazzy/opt/gz_msgs_vendor/bin:/opt/ros/jazzy/opt/gz_tools_vendor/bin:/opt/ros/jazzy/opt/gz_ogre_next_vendor/bin:/opt/ros/jazzy/bin:/usr/local/sbin:/usr/local/bin:/usr/sbin:/usr/bin:/sbin:/bin', 'DISPLAY': ':0', 'LANG': 'C.UTF-8', 'AMENT_PREFIX_PATH': '/root/master_ros2_ws/install/master_ros2_pkg:/root/master_ros2_ws/install/master_ros2_interface:/opt/ros/jazzy', 'ROS_AUTOMATIC_DISCOVERY_RANGE': 'SUBNET', 'PWD': '/root/master_ros2_ws/build/master_ros2_interface', 'TURTLEBOT3_MODEL': 'burger', 'LC_ALL': 'C.UTF-8', 'PYTHONPATH': '/root/master_ros2_ws/install/master_ros2_interface/lib/python3.12/site-packages:/opt/ros/jazzy/lib/python3.12/site-packages', 'COLCON': '1', 'CMAKE_PREFIX_PATH': '/root/master_ros2_ws/install/master_ros2_pkg:/root/master_ros2_ws/install/master_ros2_interface:/opt/ros/jazzy/opt/gz_sim_vendor:/opt/ros/jazzy/opt/gz_sensors_vendor:/opt/ros/jazzy/opt/gz_physics_vendor:/opt/ros/jazzy/opt/sdformat_vendor:/opt/ros/jazzy/opt/gz_gui_vendor:/opt/ros/jazzy/opt/gz_transport_vendor:/opt/ros/jazzy/opt/gz_rendering_vendor:/opt/ros/jazzy/opt/gz_plugin_vendor:/opt/ros/jazzy/opt/gz_fuel_tools_vendor:/opt/ros/jazzy/opt/gz_msgs_vendor:/opt/ros/jazzy/opt/gz_common_vendor:/opt/ros/jazzy/opt/gz_math_vendor:/opt/ros/jazzy/opt/gz_utils_vendor:/opt/ros/jazzy/opt/gz_tools_vendor:/opt/ros/jazzy/opt/gz_ogre_next_vendor:/opt/ros/jazzy/opt/gz_dartsim_vendor:/opt/ros/jazzy/opt/gz_cmake_vendor:/opt/ros/jazzy'}), 'shell': False}
[0.962453] (master_ros2_interface) StderrLine: {'line': b"failed to create symbolic link '/root/master_ros2_ws/build/master_ros2_interface/ament_cmake_python/master_ros2_interface/master_ros2_interface' because existing path cannot be removed: Is a directory\n"}
[0.962689] (master_ros2_interface) StdoutLine: {'line': b'[  2%] Built target master_ros2_interface__rosidl_generator_type_description\n'}
[0.963231] (master_ros2_interface) StderrLine: {'line': b'gmake[2]: *** [CMakeFiles/ament_cmake_python_symlink_master_ros2_interface.dir/build.make:70: CMakeFiles/ament_cmake_python_symlink_master_ros2_interface] Error 1\n'}
[0.963526] (master_ros2_interface) StderrLine: {'line': b'gmake[1]: *** [CMakeFiles/Makefile2:452: CMakeFiles/ament_cmake_python_symlink_master_ros2_interface.dir/all] Error 2\n'}
[0.963651] (master_ros2_interface) StderrLine: {'line': b'gmake[1]: *** Waiting for unfinished jobs....\n'}
[0.984699] (master_ros2_interface) StdoutLine: {'line': b'[  5%] Built target master_ros2_interface__cpp\n'}
[0.985646] (master_ros2_interface) StderrLine: {'line': b'gmake: *** [Makefile:146: all] Error 2\n'}
[0.987487] (master_ros2_interface) CommandEnded: {'returncode': 2}
[1.000476] (master_ros2_interface) JobEnded: {'identifier': 'master_ros2_interface', 'rc': 2}
[1.001062] (-) TimerEvent: {}
[1.011064] (master_ros2_pkg) JobSkipped: {'identifier': 'master_ros2_pkg'}
[1.011138] (-) EventReactorShutdown: {}
