[0.120s] DEBUG:colcon:Command line arguments: ['/usr/bin/colcon', 'build']
[0.120s] DEBUG:colcon:Parsed command line arguments: Namespace(log_base=None, log_level=None, verb_name='build', build_base='build', install_base='install', merge_install=False, symlink_install=False, test_result_base=None, continue_on_error=False, executor='parallel', parallel_workers=12, event_handlers=None, ignore_user_meta=False, metas=['./colcon.meta'], base_paths=['.'], packages_ignore=None, packages_ignore_regex=None, paths=None, packages_up_to=None, packages_up_to_regex=None, packages_above=None, packages_above_and_dependencies=None, packages_above_depth=None, packages_select_by_dep=None, packages_skip_by_dep=None, packages_skip_up_to=None, packages_select_build_failed=False, packages_skip_build_finished=False, packages_select_test_failures=False, packages_skip_test_passed=False, packages_select=None, packages_skip=None, packages_select_regex=None, packages_skip_regex=None, packages_start=None, packages_end=None, cmake_args=None, cmake_target=None, cmake_target_skip_unavailable=False, cmake_clean_cache=False, cmake_clean_first=False, cmake_force_configure=False, ament_cmake_args=None, catkin_cmake_args=None, catkin_skip_building_tests=False, mixin_files=None, mixin=None, verb_parser=<colcon_mixin.mixin.mixin_argument.MixinArgumentDecorator object at 0x7f86601f60c0>, verb_extension=<colcon_core.verb.build.BuildVerb object at 0x7f866034e450>, main=<bound method BuildVerb.main of <colcon_core.verb.build.BuildVerb object at 0x7f866034e450>>, mixin_verb=('build',))
[0.157s] Level 1:colcon.colcon_core.package_discovery:discover_packages(colcon_meta) check parameters
[0.158s] INFO:colcon.colcon_metadata.package_discovery.colcon_meta:Using configuration from '/root/.colcon/metadata/default/Gazebo.meta'
[0.158s] INFO:colcon.colcon_metadata.package_discovery.colcon_meta:Using configuration from '/root/.colcon/metadata/default/fastdds.meta'
[0.158s] INFO:colcon.colcon_metadata.package_discovery.colcon_meta:Using configuration from '/root/.colcon/metadata/default/fastrtps.meta'
[0.158s] Level 1:colcon.colcon_core.package_discovery:discover_packages(recursive) check parameters
[0.158s] Level 1:colcon.colcon_core.package_discovery:discover_packages(ignore) check parameters
[0.158s] Level 1:colcon.colcon_core.package_discovery:discover_packages(path) check parameters
[0.158s] Level 1:colcon.colcon_core.package_discovery:discover_packages(colcon_meta) discover
[0.158s] Level 1:colcon.colcon_core.package_discovery:discover_packages(recursive) discover
[0.159s] INFO:colcon.colcon_core.package_discovery:Crawling recursively for packages in '/root/master_ros2_ws'
[0.159s] Level 1:colcon.colcon_core.package_identification:_identify(.) by extensions ['ignore', 'ignore_ament_install']
[0.159s] Level 1:colcon.colcon_core.package_identification:_identify(.) by extension 'ignore'
[0.159s] Level 1:colcon.colcon_core.package_identification:_identify(.) by extension 'ignore_ament_install'
[0.159s] Level 1:colcon.colcon_core.package_identification:_identify(.) by extensions ['colcon_pkg']
[0.159s] Level 1:colcon.colcon_core.package_identification:_identify(.) by extension 'colcon_pkg'
[0.159s] Level 1:colcon.colcon_core.package_identification:_identify(.) by extensions ['colcon_meta']
[0.159s] Level 1:colcon.colcon_core.package_identification:_identify(.) by extension 'colcon_meta'
[0.159s] Level 1:colcon.colcon_core.package_identification:_identify(.) by extensions ['ros']
[0.159s] Level 1:colcon.colcon_core.package_identification:_identify(.) by extension 'ros'
[0.185s] Level 1:colcon.colcon_core.package_identification:_identify(.) by extensions ['cmake', 'python']
[0.185s] Level 1:colcon.colcon_core.package_identification:_identify(.) by extension 'cmake'
[0.185s] Level 1:colcon.colcon_core.package_identification:_identify(.) by extension 'python'
[0.185s] Level 1:colcon.colcon_core.package_identification:_identify(.) by extensions ['python_setup_py']
[0.185s] Level 1:colcon.colcon_core.package_identification:_identify(.) by extension 'python_setup_py'
[0.186s] Level 1:colcon.colcon_core.package_identification:_identify(build) by extensions ['ignore', 'ignore_ament_install']
[0.186s] Level 1:colcon.colcon_core.package_identification:_identify(build) by extension 'ignore'
[0.186s] Level 1:colcon.colcon_core.package_identification:_identify(build) ignored
[0.186s] Level 1:colcon.colcon_core.package_identification:_identify(install) by extensions ['ignore', 'ignore_ament_install']
[0.186s] Level 1:colcon.colcon_core.package_identification:_identify(install) by extension 'ignore'
[0.186s] Level 1:colcon.colcon_core.package_identification:_identify(install) ignored
[0.186s] Level 1:colcon.colcon_core.package_identification:_identify(log) by extensions ['ignore', 'ignore_ament_install']
[0.186s] Level 1:colcon.colcon_core.package_identification:_identify(log) by extension 'ignore'
[0.186s] Level 1:colcon.colcon_core.package_identification:_identify(log) ignored
[0.186s] Level 1:colcon.colcon_core.package_identification:_identify(src) by extensions ['ignore', 'ignore_ament_install']
[0.186s] Level 1:colcon.colcon_core.package_identification:_identify(src) by extension 'ignore'
[0.186s] Level 1:colcon.colcon_core.package_identification:_identify(src) by extension 'ignore_ament_install'
[0.186s] Level 1:colcon.colcon_core.package_identification:_identify(src) by extensions ['colcon_pkg']
[0.186s] Level 1:colcon.colcon_core.package_identification:_identify(src) by extension 'colcon_pkg'
[0.186s] Level 1:colcon.colcon_core.package_identification:_identify(src) by extensions ['colcon_meta']
[0.186s] Level 1:colcon.colcon_core.package_identification:_identify(src) by extension 'colcon_meta'
[0.186s] Level 1:colcon.colcon_core.package_identification:_identify(src) by extensions ['ros']
[0.186s] Level 1:colcon.colcon_core.package_identification:_identify(src) by extension 'ros'
[0.187s] Level 1:colcon.colcon_core.package_identification:_identify(src) by extensions ['cmake', 'python']
[0.187s] Level 1:colcon.colcon_core.package_identification:_identify(src) by extension 'cmake'
[0.187s] Level 1:colcon.colcon_core.package_identification:_identify(src) by extension 'python'
[0.187s] Level 1:colcon.colcon_core.package_identification:_identify(src) by extensions ['python_setup_py']
[0.187s] Level 1:colcon.colcon_core.package_identification:_identify(src) by extension 'python_setup_py'
[0.187s] Level 1:colcon.colcon_core.package_identification:_identify(src/master_ros2_interface) by extensions ['ignore', 'ignore_ament_install']
[0.187s] Level 1:colcon.colcon_core.package_identification:_identify(src/master_ros2_interface) by extension 'ignore'
[0.187s] Level 1:colcon.colcon_core.package_identification:_identify(src/master_ros2_interface) by extension 'ignore_ament_install'
[0.187s] Level 1:colcon.colcon_core.package_identification:_identify(src/master_ros2_interface) by extensions ['colcon_pkg']
[0.187s] Level 1:colcon.colcon_core.package_identification:_identify(src/master_ros2_interface) by extension 'colcon_pkg'
[0.187s] Level 1:colcon.colcon_core.package_identification:_identify(src/master_ros2_interface) by extensions ['colcon_meta']
[0.187s] Level 1:colcon.colcon_core.package_identification:_identify(src/master_ros2_interface) by extension 'colcon_meta'
[0.187s] Level 1:colcon.colcon_core.package_identification:_identify(src/master_ros2_interface) by extensions ['ros']
[0.187s] Level 1:colcon.colcon_core.package_identification:_identify(src/master_ros2_interface) by extension 'ros'
[0.189s] DEBUG:colcon.colcon_core.package_identification:Package 'src/master_ros2_interface' with type 'ros.ament_cmake' and name 'master_ros2_interface'
[0.189s] Level 1:colcon.colcon_core.package_identification:_identify(src/master_ros2_pkg) by extensions ['ignore', 'ignore_ament_install']
[0.189s] Level 1:colcon.colcon_core.package_identification:_identify(src/master_ros2_pkg) by extension 'ignore'
[0.189s] Level 1:colcon.colcon_core.package_identification:_identify(src/master_ros2_pkg) by extension 'ignore_ament_install'
[0.189s] Level 1:colcon.colcon_core.package_identification:_identify(src/master_ros2_pkg) by extensions ['colcon_pkg']
[0.189s] Level 1:colcon.colcon_core.package_identification:_identify(src/master_ros2_pkg) by extension 'colcon_pkg'
[0.189s] Level 1:colcon.colcon_core.package_identification:_identify(src/master_ros2_pkg) by extensions ['colcon_meta']
[0.190s] Level 1:colcon.colcon_core.package_identification:_identify(src/master_ros2_pkg) by extension 'colcon_meta'
[0.190s] Level 1:colcon.colcon_core.package_identification:_identify(src/master_ros2_pkg) by extensions ['ros']
[0.190s] Level 1:colcon.colcon_core.package_identification:_identify(src/master_ros2_pkg) by extension 'ros'
[0.190s] DEBUG:colcon.colcon_core.package_identification:Package 'src/master_ros2_pkg' with type 'ros.ament_cmake' and name 'master_ros2_pkg'
[0.190s] Level 1:colcon.colcon_core.package_discovery:discover_packages(recursive) using defaults
[0.190s] Level 1:colcon.colcon_core.package_discovery:discover_packages(ignore) discover
[0.190s] Level 1:colcon.colcon_core.package_discovery:discover_packages(ignore) using defaults
[0.190s] Level 1:colcon.colcon_core.package_discovery:discover_packages(path) discover
[0.190s] Level 1:colcon.colcon_core.package_discovery:discover_packages(path) using defaults
[0.207s] Level 5:colcon.colcon_core.verb:set package 'master_ros2_interface' build argument 'cmake_args' from command line to 'None'
[0.207s] Level 5:colcon.colcon_core.verb:set package 'master_ros2_interface' build argument 'cmake_target' from command line to 'None'
[0.207s] Level 5:colcon.colcon_core.verb:set package 'master_ros2_interface' build argument 'cmake_target_skip_unavailable' from command line to 'False'
[0.207s] Level 5:colcon.colcon_core.verb:set package 'master_ros2_interface' build argument 'cmake_clean_cache' from command line to 'False'
[0.207s] Level 5:colcon.colcon_core.verb:set package 'master_ros2_interface' build argument 'cmake_clean_first' from command line to 'False'
[0.207s] Level 5:colcon.colcon_core.verb:set package 'master_ros2_interface' build argument 'cmake_force_configure' from command line to 'False'
[0.207s] Level 5:colcon.colcon_core.verb:set package 'master_ros2_interface' build argument 'ament_cmake_args' from command line to 'None'
[0.207s] Level 5:colcon.colcon_core.verb:set package 'master_ros2_interface' build argument 'catkin_cmake_args' from command line to 'None'
[0.207s] Level 5:colcon.colcon_core.verb:set package 'master_ros2_interface' build argument 'catkin_skip_building_tests' from command line to 'False'
[0.207s] DEBUG:colcon.colcon_core.verb:Building package 'master_ros2_interface' with the following arguments: {'ament_cmake_args': None, 'build_base': '/root/master_ros2_ws/build/master_ros2_interface', 'catkin_cmake_args': None, 'catkin_skip_building_tests': False, 'cmake_args': None, 'cmake_clean_cache': False, 'cmake_clean_first': False, 'cmake_force_configure': False, 'cmake_target': None, 'cmake_target_skip_unavailable': False, 'install_base': '/root/master_ros2_ws/install/master_ros2_interface', 'merge_install': False, 'path': '/root/master_ros2_ws/src/master_ros2_interface', 'symlink_install': False, 'test_result_base': None}
[0.207s] Level 5:colcon.colcon_core.verb:set package 'master_ros2_pkg' build argument 'cmake_args' from command line to 'None'
[0.207s] Level 5:colcon.colcon_core.verb:set package 'master_ros2_pkg' build argument 'cmake_target' from command line to 'None'
[0.208s] Level 5:colcon.colcon_core.verb:set package 'master_ros2_pkg' build argument 'cmake_target_skip_unavailable' from command line to 'False'
[0.208s] Level 5:colcon.colcon_core.verb:set package 'master_ros2_pkg' build argument 'cmake_clean_cache' from command line to 'False'
[0.208s] Level 5:colcon.colcon_core.verb:set package 'master_ros2_pkg' build argument 'cmake_clean_first' from command line to 'False'
[0.208s] Level 5:colcon.colcon_core.verb:set package 'master_ros2_pkg' build argument 'cmake_force_configure' from command line to 'False'
[0.208s] Level 5:colcon.colcon_core.verb:set package 'master_ros2_pkg' build argument 'ament_cmake_args' from command line to 'None'
[0.208s] Level 5:colcon.colcon_core.verb:set package 'master_ros2_pkg' build argument 'catkin_cmake_args' from command line to 'None'
[0.208s] Level 5:colcon.colcon_core.verb:set package 'master_ros2_pkg' build argument 'catkin_skip_building_tests' from command line to 'False'
[0.208s] DEBUG:colcon.colcon_core.verb:Building package 'master_ros2_pkg' with the following arguments: {'ament_cmake_args': None, 'build_base': '/root/master_ros2_ws/build/master_ros2_pkg', 'catkin_cmake_args': None, 'catkin_skip_building_tests': False, 'cmake_args': None, 'cmake_clean_cache': False, 'cmake_clean_first': False, 'cmake_force_configure': False, 'cmake_target': None, 'cmake_target_skip_unavailable': False, 'install_base': '/root/master_ros2_ws/install/master_ros2_pkg', 'merge_install': False, 'path': '/root/master_ros2_ws/src/master_ros2_pkg', 'symlink_install': False, 'test_result_base': None}
[0.208s] INFO:colcon.colcon_core.executor:Executing jobs using 'parallel' executor
[0.208s] DEBUG:colcon.colcon_parallel_executor.executor.parallel:run_until_complete
[0.209s] INFO:colcon.colcon_ros.task.ament_cmake.build:Building ROS package in '/root/master_ros2_ws/src/master_ros2_interface' with build type 'ament_cmake'
[0.209s] INFO:colcon.colcon_cmake.task.cmake.build:Building CMake package in '/root/master_ros2_ws/src/master_ros2_interface'
[0.211s] INFO:colcon.colcon_core.plugin_system:Skipping extension 'colcon_core.shell.bat': Not used on non-Windows systems
[0.211s] INFO:colcon.colcon_core.shell:Skip shell extension 'powershell' for command environment: Not usable outside of PowerShell
[0.211s] DEBUG:colcon.colcon_core.shell:Skip shell extension 'dsv' for command environment
[0.221s] DEBUG:colcon.colcon_core.event_handler.log_command:Invoking command in '/root/master_ros2_ws/build/master_ros2_interface': CMAKE_PREFIX_PATH=${CMAKE_PREFIX_PATH}:/opt/ros/jazzy /usr/bin/cmake --build /root/master_ros2_ws/build/master_ros2_interface -- -j12 -l12
[2.052s] DEBUG:colcon.colcon_core.event_handler.log_command:Invoked command in '/root/master_ros2_ws/build/master_ros2_interface' returned '0': CMAKE_PREFIX_PATH=${CMAKE_PREFIX_PATH}:/opt/ros/jazzy /usr/bin/cmake --build /root/master_ros2_ws/build/master_ros2_interface -- -j12 -l12
[2.060s] DEBUG:colcon.colcon_core.event_handler.log_command:Invoking command in '/root/master_ros2_ws/build/master_ros2_interface': CMAKE_PREFIX_PATH=${CMAKE_PREFIX_PATH}:/opt/ros/jazzy /usr/bin/cmake --install /root/master_ros2_ws/build/master_ros2_interface
[2.122s] Level 1:colcon.colcon_core.environment:create_environment_scripts_only(master_ros2_interface)
[2.122s] DEBUG:colcon.colcon_core.event_handler.log_command:Invoked command in '/root/master_ros2_ws/build/master_ros2_interface' returned '0': CMAKE_PREFIX_PATH=${CMAKE_PREFIX_PATH}:/opt/ros/jazzy /usr/bin/cmake --install /root/master_ros2_ws/build/master_ros2_interface
[2.124s] Level 1:colcon.colcon_core.environment:checking '/root/master_ros2_ws/install/master_ros2_interface' for CMake module files
[2.125s] Level 1:colcon.colcon_core.environment:checking '/root/master_ros2_ws/install/master_ros2_interface' for CMake config files
[2.125s] Level 1:colcon.colcon_core.shell:create_environment_hook('master_ros2_interface', 'cmake_prefix_path')
[2.125s] INFO:colcon.colcon_core.shell:Creating environment hook '/root/master_ros2_ws/install/master_ros2_interface/share/master_ros2_interface/hook/cmake_prefix_path.ps1'
[2.126s] INFO:colcon.colcon_core.shell:Creating environment descriptor '/root/master_ros2_ws/install/master_ros2_interface/share/master_ros2_interface/hook/cmake_prefix_path.dsv'
[2.126s] INFO:colcon.colcon_core.shell:Creating environment hook '/root/master_ros2_ws/install/master_ros2_interface/share/master_ros2_interface/hook/cmake_prefix_path.sh'
[2.127s] Level 1:colcon.colcon_core.environment:checking '/root/master_ros2_ws/install/master_ros2_interface/lib'
[2.127s] Level 1:colcon.colcon_core.shell:create_environment_hook('master_ros2_interface', 'ld_library_path_lib')
[2.127s] INFO:colcon.colcon_core.shell:Creating environment hook '/root/master_ros2_ws/install/master_ros2_interface/share/master_ros2_interface/hook/ld_library_path_lib.ps1'
[2.127s] INFO:colcon.colcon_core.shell:Creating environment descriptor '/root/master_ros2_ws/install/master_ros2_interface/share/master_ros2_interface/hook/ld_library_path_lib.dsv'
[2.128s] INFO:colcon.colcon_core.shell:Creating environment hook '/root/master_ros2_ws/install/master_ros2_interface/share/master_ros2_interface/hook/ld_library_path_lib.sh'
[2.128s] Level 1:colcon.colcon_core.environment:checking '/root/master_ros2_ws/install/master_ros2_interface/bin'
[2.128s] Level 1:colcon.colcon_core.environment:checking '/root/master_ros2_ws/install/master_ros2_interface/lib/pkgconfig/master_ros2_interface.pc'
[2.130s] Level 1:colcon.colcon_core.environment:checking '/root/master_ros2_ws/install/master_ros2_interface/lib/python3.12/site-packages'
[2.130s] Level 1:colcon.colcon_core.shell:create_environment_hook('master_ros2_interface', 'pythonpath')
[2.130s] INFO:colcon.colcon_core.shell:Creating environment hook '/root/master_ros2_ws/install/master_ros2_interface/share/master_ros2_interface/hook/pythonpath.ps1'
[2.130s] INFO:colcon.colcon_core.shell:Creating environment descriptor '/root/master_ros2_ws/install/master_ros2_interface/share/master_ros2_interface/hook/pythonpath.dsv'
[2.131s] INFO:colcon.colcon_core.shell:Creating environment hook '/root/master_ros2_ws/install/master_ros2_interface/share/master_ros2_interface/hook/pythonpath.sh'
[2.131s] Level 1:colcon.colcon_core.environment:checking '/root/master_ros2_ws/install/master_ros2_interface/bin'
[2.131s] INFO:colcon.colcon_core.shell:Creating package script '/root/master_ros2_ws/install/master_ros2_interface/share/master_ros2_interface/package.ps1'
[2.132s] INFO:colcon.colcon_core.shell:Creating package descriptor '/root/master_ros2_ws/install/master_ros2_interface/share/master_ros2_interface/package.dsv'
[2.132s] INFO:colcon.colcon_core.shell:Creating package script '/root/master_ros2_ws/install/master_ros2_interface/share/master_ros2_interface/package.sh'
[2.133s] INFO:colcon.colcon_core.shell:Creating package script '/root/master_ros2_ws/install/master_ros2_interface/share/master_ros2_interface/package.bash'
[2.133s] INFO:colcon.colcon_core.shell:Creating package script '/root/master_ros2_ws/install/master_ros2_interface/share/master_ros2_interface/package.zsh'
[2.134s] Level 1:colcon.colcon_core.environment:create_file_with_runtime_dependencies(/root/master_ros2_ws/install/master_ros2_interface/share/colcon-core/packages/master_ros2_interface)
[2.134s] Level 1:colcon.colcon_core.environment:create_environment_scripts_only(master_ros2_interface)
[2.134s] Level 1:colcon.colcon_core.environment:checking '/root/master_ros2_ws/install/master_ros2_interface' for CMake module files
[2.135s] Level 1:colcon.colcon_core.environment:checking '/root/master_ros2_ws/install/master_ros2_interface' for CMake config files
[2.135s] Level 1:colcon.colcon_core.shell:create_environment_hook('master_ros2_interface', 'cmake_prefix_path')
[2.136s] INFO:colcon.colcon_core.shell:Creating environment hook '/root/master_ros2_ws/install/master_ros2_interface/share/master_ros2_interface/hook/cmake_prefix_path.ps1'
[2.136s] INFO:colcon.colcon_core.shell:Creating environment descriptor '/root/master_ros2_ws/install/master_ros2_interface/share/master_ros2_interface/hook/cmake_prefix_path.dsv'
[2.136s] INFO:colcon.colcon_core.shell:Creating environment hook '/root/master_ros2_ws/install/master_ros2_interface/share/master_ros2_interface/hook/cmake_prefix_path.sh'
[2.137s] Level 1:colcon.colcon_core.environment:checking '/root/master_ros2_ws/install/master_ros2_interface/lib'
[2.137s] Level 1:colcon.colcon_core.shell:create_environment_hook('master_ros2_interface', 'ld_library_path_lib')
[2.137s] INFO:colcon.colcon_core.shell:Creating environment hook '/root/master_ros2_ws/install/master_ros2_interface/share/master_ros2_interface/hook/ld_library_path_lib.ps1'
[2.137s] INFO:colcon.colcon_core.shell:Creating environment descriptor '/root/master_ros2_ws/install/master_ros2_interface/share/master_ros2_interface/hook/ld_library_path_lib.dsv'
[2.137s] INFO:colcon.colcon_core.shell:Creating environment hook '/root/master_ros2_ws/install/master_ros2_interface/share/master_ros2_interface/hook/ld_library_path_lib.sh'
[2.138s] Level 1:colcon.colcon_core.environment:checking '/root/master_ros2_ws/install/master_ros2_interface/bin'
[2.138s] Level 1:colcon.colcon_core.environment:checking '/root/master_ros2_ws/install/master_ros2_interface/lib/pkgconfig/master_ros2_interface.pc'
[2.138s] Level 1:colcon.colcon_core.environment:checking '/root/master_ros2_ws/install/master_ros2_interface/lib/python3.12/site-packages'
[2.138s] Level 1:colcon.colcon_core.shell:create_environment_hook('master_ros2_interface', 'pythonpath')
[2.138s] INFO:colcon.colcon_core.shell:Creating environment hook '/root/master_ros2_ws/install/master_ros2_interface/share/master_ros2_interface/hook/pythonpath.ps1'
[2.138s] INFO:colcon.colcon_core.shell:Creating environment descriptor '/root/master_ros2_ws/install/master_ros2_interface/share/master_ros2_interface/hook/pythonpath.dsv'
[2.138s] INFO:colcon.colcon_core.shell:Creating environment hook '/root/master_ros2_ws/install/master_ros2_interface/share/master_ros2_interface/hook/pythonpath.sh'
[2.139s] Level 1:colcon.colcon_core.environment:checking '/root/master_ros2_ws/install/master_ros2_interface/bin'
[2.139s] INFO:colcon.colcon_core.shell:Creating package script '/root/master_ros2_ws/install/master_ros2_interface/share/master_ros2_interface/package.ps1'
[2.140s] INFO:colcon.colcon_core.shell:Creating package descriptor '/root/master_ros2_ws/install/master_ros2_interface/share/master_ros2_interface/package.dsv'
[2.140s] INFO:colcon.colcon_core.shell:Creating package script '/root/master_ros2_ws/install/master_ros2_interface/share/master_ros2_interface/package.sh'
[2.140s] INFO:colcon.colcon_core.shell:Creating package script '/root/master_ros2_ws/install/master_ros2_interface/share/master_ros2_interface/package.bash'
[2.141s] INFO:colcon.colcon_core.shell:Creating package script '/root/master_ros2_ws/install/master_ros2_interface/share/master_ros2_interface/package.zsh'
[2.141s] Level 1:colcon.colcon_core.environment:create_file_with_runtime_dependencies(/root/master_ros2_ws/install/master_ros2_interface/share/colcon-core/packages/master_ros2_interface)
[2.141s] INFO:colcon.colcon_ros.task.ament_cmake.build:Building ROS package in '/root/master_ros2_ws/src/master_ros2_pkg' with build type 'ament_cmake'
[2.141s] INFO:colcon.colcon_cmake.task.cmake.build:Building CMake package in '/root/master_ros2_ws/src/master_ros2_pkg'
[2.141s] INFO:colcon.colcon_core.shell:Skip shell extension 'powershell' for command environment: Not usable outside of PowerShell
[2.141s] DEBUG:colcon.colcon_core.shell:Skip shell extension 'dsv' for command environment
[2.154s] DEBUG:colcon.colcon_core.event_handler.log_command:Invoking command in '/root/master_ros2_ws/build/master_ros2_pkg': AMENT_PREFIX_PATH=/root/master_ros2_ws/install/master_ros2_interface:${AMENT_PREFIX_PATH} CMAKE_PREFIX_PATH=/root/master_ros2_ws/install/master_ros2_interface:/opt/ros/jazzy/opt/gz_sim_vendor:/opt/ros/jazzy/opt/gz_sensors_vendor:/opt/ros/jazzy/opt/gz_physics_vendor:/opt/ros/jazzy/opt/sdformat_vendor:/opt/ros/jazzy/opt/gz_gui_vendor:/opt/ros/jazzy/opt/gz_transport_vendor:/opt/ros/jazzy/opt/gz_rendering_vendor:/opt/ros/jazzy/opt/gz_plugin_vendor:/opt/ros/jazzy/opt/gz_fuel_tools_vendor:/opt/ros/jazzy/opt/gz_msgs_vendor:/opt/ros/jazzy/opt/gz_common_vendor:/opt/ros/jazzy/opt/gz_math_vendor:/opt/ros/jazzy/opt/gz_utils_vendor:/opt/ros/jazzy/opt/gz_tools_vendor:/opt/ros/jazzy/opt/gz_ogre_next_vendor:/opt/ros/jazzy/opt/gz_dartsim_vendor:/opt/ros/jazzy/opt/gz_cmake_vendor:/opt/ros/jazzy LD_LIBRARY_PATH=/root/master_ros2_ws/install/master_ros2_interface/lib:${LD_LIBRARY_PATH} PYTHONPATH=/root/master_ros2_ws/install/master_ros2_interface/lib/python3.12/site-packages:${PYTHONPATH} /usr/bin/cmake --build /root/master_ros2_ws/build/master_ros2_pkg -- -j12 -l12
[11.220s] DEBUG:colcon.colcon_core.event_handler.log_command:Invoked command in '/root/master_ros2_ws/build/master_ros2_pkg' returned '0': AMENT_PREFIX_PATH=/root/master_ros2_ws/install/master_ros2_interface:${AMENT_PREFIX_PATH} CMAKE_PREFIX_PATH=/root/master_ros2_ws/install/master_ros2_interface:/opt/ros/jazzy/opt/gz_sim_vendor:/opt/ros/jazzy/opt/gz_sensors_vendor:/opt/ros/jazzy/opt/gz_physics_vendor:/opt/ros/jazzy/opt/sdformat_vendor:/opt/ros/jazzy/opt/gz_gui_vendor:/opt/ros/jazzy/opt/gz_transport_vendor:/opt/ros/jazzy/opt/gz_rendering_vendor:/opt/ros/jazzy/opt/gz_plugin_vendor:/opt/ros/jazzy/opt/gz_fuel_tools_vendor:/opt/ros/jazzy/opt/gz_msgs_vendor:/opt/ros/jazzy/opt/gz_common_vendor:/opt/ros/jazzy/opt/gz_math_vendor:/opt/ros/jazzy/opt/gz_utils_vendor:/opt/ros/jazzy/opt/gz_tools_vendor:/opt/ros/jazzy/opt/gz_ogre_next_vendor:/opt/ros/jazzy/opt/gz_dartsim_vendor:/opt/ros/jazzy/opt/gz_cmake_vendor:/opt/ros/jazzy LD_LIBRARY_PATH=/root/master_ros2_ws/install/master_ros2_interface/lib:${LD_LIBRARY_PATH} PYTHONPATH=/root/master_ros2_ws/install/master_ros2_interface/lib/python3.12/site-packages:${PYTHONPATH} /usr/bin/cmake --build /root/master_ros2_ws/build/master_ros2_pkg -- -j12 -l12
[11.221s] DEBUG:colcon.colcon_core.event_handler.log_command:Invoking command in '/root/master_ros2_ws/build/master_ros2_pkg': AMENT_PREFIX_PATH=/root/master_ros2_ws/install/master_ros2_interface:${AMENT_PREFIX_PATH} CMAKE_PREFIX_PATH=/root/master_ros2_ws/install/master_ros2_interface:/opt/ros/jazzy/opt/gz_sim_vendor:/opt/ros/jazzy/opt/gz_sensors_vendor:/opt/ros/jazzy/opt/gz_physics_vendor:/opt/ros/jazzy/opt/sdformat_vendor:/opt/ros/jazzy/opt/gz_gui_vendor:/opt/ros/jazzy/opt/gz_transport_vendor:/opt/ros/jazzy/opt/gz_rendering_vendor:/opt/ros/jazzy/opt/gz_plugin_vendor:/opt/ros/jazzy/opt/gz_fuel_tools_vendor:/opt/ros/jazzy/opt/gz_msgs_vendor:/opt/ros/jazzy/opt/gz_common_vendor:/opt/ros/jazzy/opt/gz_math_vendor:/opt/ros/jazzy/opt/gz_utils_vendor:/opt/ros/jazzy/opt/gz_tools_vendor:/opt/ros/jazzy/opt/gz_ogre_next_vendor:/opt/ros/jazzy/opt/gz_dartsim_vendor:/opt/ros/jazzy/opt/gz_cmake_vendor:/opt/ros/jazzy LD_LIBRARY_PATH=/root/master_ros2_ws/install/master_ros2_interface/lib:${LD_LIBRARY_PATH} PYTHONPATH=/root/master_ros2_ws/install/master_ros2_interface/lib/python3.12/site-packages:${PYTHONPATH} /usr/bin/cmake --install /root/master_ros2_ws/build/master_ros2_pkg
[11.241s] Level 1:colcon.colcon_core.environment:create_environment_scripts_only(master_ros2_pkg)
[11.242s] Level 1:colcon.colcon_core.environment:checking '/root/master_ros2_ws/install/master_ros2_pkg' for CMake module files
[11.242s] DEBUG:colcon.colcon_core.event_handler.log_command:Invoked command in '/root/master_ros2_ws/build/master_ros2_pkg' returned '0': AMENT_PREFIX_PATH=/root/master_ros2_ws/install/master_ros2_interface:${AMENT_PREFIX_PATH} CMAKE_PREFIX_PATH=/root/master_ros2_ws/install/master_ros2_interface:/opt/ros/jazzy/opt/gz_sim_vendor:/opt/ros/jazzy/opt/gz_sensors_vendor:/opt/ros/jazzy/opt/gz_physics_vendor:/opt/ros/jazzy/opt/sdformat_vendor:/opt/ros/jazzy/opt/gz_gui_vendor:/opt/ros/jazzy/opt/gz_transport_vendor:/opt/ros/jazzy/opt/gz_rendering_vendor:/opt/ros/jazzy/opt/gz_plugin_vendor:/opt/ros/jazzy/opt/gz_fuel_tools_vendor:/opt/ros/jazzy/opt/gz_msgs_vendor:/opt/ros/jazzy/opt/gz_common_vendor:/opt/ros/jazzy/opt/gz_math_vendor:/opt/ros/jazzy/opt/gz_utils_vendor:/opt/ros/jazzy/opt/gz_tools_vendor:/opt/ros/jazzy/opt/gz_ogre_next_vendor:/opt/ros/jazzy/opt/gz_dartsim_vendor:/opt/ros/jazzy/opt/gz_cmake_vendor:/opt/ros/jazzy LD_LIBRARY_PATH=/root/master_ros2_ws/install/master_ros2_interface/lib:${LD_LIBRARY_PATH} PYTHONPATH=/root/master_ros2_ws/install/master_ros2_interface/lib/python3.12/site-packages:${PYTHONPATH} /usr/bin/cmake --install /root/master_ros2_ws/build/master_ros2_pkg
[11.242s] Level 1:colcon.colcon_core.environment:checking '/root/master_ros2_ws/install/master_ros2_pkg' for CMake config files
[11.242s] Level 1:colcon.colcon_core.shell:create_environment_hook('master_ros2_pkg', 'cmake_prefix_path')
[11.242s] INFO:colcon.colcon_core.shell:Creating environment hook '/root/master_ros2_ws/install/master_ros2_pkg/share/master_ros2_pkg/hook/cmake_prefix_path.ps1'
[11.243s] INFO:colcon.colcon_core.shell:Creating environment descriptor '/root/master_ros2_ws/install/master_ros2_pkg/share/master_ros2_pkg/hook/cmake_prefix_path.dsv'
[11.243s] INFO:colcon.colcon_core.shell:Creating environment hook '/root/master_ros2_ws/install/master_ros2_pkg/share/master_ros2_pkg/hook/cmake_prefix_path.sh'
[11.244s] Level 1:colcon.colcon_core.environment:checking '/root/master_ros2_ws/install/master_ros2_pkg/lib'
[11.244s] Level 1:colcon.colcon_core.environment:checking '/root/master_ros2_ws/install/master_ros2_pkg/bin'
[11.244s] Level 1:colcon.colcon_core.environment:checking '/root/master_ros2_ws/install/master_ros2_pkg/lib/pkgconfig/master_ros2_pkg.pc'
[11.244s] Level 1:colcon.colcon_core.environment:checking '/root/master_ros2_ws/install/master_ros2_pkg/lib/python3.12/site-packages'
[11.244s] Level 1:colcon.colcon_core.environment:checking '/root/master_ros2_ws/install/master_ros2_pkg/bin'
[11.244s] INFO:colcon.colcon_core.shell:Creating package script '/root/master_ros2_ws/install/master_ros2_pkg/share/master_ros2_pkg/package.ps1'
[11.245s] INFO:colcon.colcon_core.shell:Creating package descriptor '/root/master_ros2_ws/install/master_ros2_pkg/share/master_ros2_pkg/package.dsv'
[11.245s] INFO:colcon.colcon_core.shell:Creating package script '/root/master_ros2_ws/install/master_ros2_pkg/share/master_ros2_pkg/package.sh'
[11.245s] INFO:colcon.colcon_core.shell:Creating package script '/root/master_ros2_ws/install/master_ros2_pkg/share/master_ros2_pkg/package.bash'
[11.245s] INFO:colcon.colcon_core.shell:Creating package script '/root/master_ros2_ws/install/master_ros2_pkg/share/master_ros2_pkg/package.zsh'
[11.246s] Level 1:colcon.colcon_core.environment:create_file_with_runtime_dependencies(/root/master_ros2_ws/install/master_ros2_pkg/share/colcon-core/packages/master_ros2_pkg)
[11.246s] Level 1:colcon.colcon_core.environment:create_environment_scripts_only(master_ros2_pkg)
[11.246s] Level 1:colcon.colcon_core.environment:checking '/root/master_ros2_ws/install/master_ros2_pkg' for CMake module files
[11.247s] Level 1:colcon.colcon_core.environment:checking '/root/master_ros2_ws/install/master_ros2_pkg' for CMake config files
[11.247s] Level 1:colcon.colcon_core.shell:create_environment_hook('master_ros2_pkg', 'cmake_prefix_path')
[11.247s] INFO:colcon.colcon_core.shell:Creating environment hook '/root/master_ros2_ws/install/master_ros2_pkg/share/master_ros2_pkg/hook/cmake_prefix_path.ps1'
[11.247s] INFO:colcon.colcon_core.shell:Creating environment descriptor '/root/master_ros2_ws/install/master_ros2_pkg/share/master_ros2_pkg/hook/cmake_prefix_path.dsv'
[11.247s] INFO:colcon.colcon_core.shell:Creating environment hook '/root/master_ros2_ws/install/master_ros2_pkg/share/master_ros2_pkg/hook/cmake_prefix_path.sh'
[11.248s] Level 1:colcon.colcon_core.environment:checking '/root/master_ros2_ws/install/master_ros2_pkg/lib'
[11.248s] Level 1:colcon.colcon_core.environment:checking '/root/master_ros2_ws/install/master_ros2_pkg/bin'
[11.248s] Level 1:colcon.colcon_core.environment:checking '/root/master_ros2_ws/install/master_ros2_pkg/lib/pkgconfig/master_ros2_pkg.pc'
[11.248s] Level 1:colcon.colcon_core.environment:checking '/root/master_ros2_ws/install/master_ros2_pkg/lib/python3.12/site-packages'
[11.248s] Level 1:colcon.colcon_core.environment:checking '/root/master_ros2_ws/install/master_ros2_pkg/bin'
[11.248s] INFO:colcon.colcon_core.shell:Creating package script '/root/master_ros2_ws/install/master_ros2_pkg/share/master_ros2_pkg/package.ps1'
[11.249s] INFO:colcon.colcon_core.shell:Creating package descriptor '/root/master_ros2_ws/install/master_ros2_pkg/share/master_ros2_pkg/package.dsv'
[11.249s] INFO:colcon.colcon_core.shell:Creating package script '/root/master_ros2_ws/install/master_ros2_pkg/share/master_ros2_pkg/package.sh'
[11.250s] INFO:colcon.colcon_core.shell:Creating package script '/root/master_ros2_ws/install/master_ros2_pkg/share/master_ros2_pkg/package.bash'
[11.250s] INFO:colcon.colcon_core.shell:Creating package script '/root/master_ros2_ws/install/master_ros2_pkg/share/master_ros2_pkg/package.zsh'
[11.250s] Level 1:colcon.colcon_core.environment:create_file_with_runtime_dependencies(/root/master_ros2_ws/install/master_ros2_pkg/share/colcon-core/packages/master_ros2_pkg)
[11.250s] DEBUG:colcon.colcon_parallel_executor.executor.parallel:closing loop
[11.251s] DEBUG:colcon.colcon_parallel_executor.executor.parallel:loop closed
[11.251s] DEBUG:colcon.colcon_parallel_executor.executor.parallel:run_until_complete finished with '0'
[11.251s] DEBUG:colcon.colcon_core.event_reactor:joining thread
[11.260s] INFO:colcon.colcon_core.plugin_system:Skipping extension 'colcon_notification.desktop_notification.notify_send': Could not find 'notify-send'
[11.260s] INFO:colcon.colcon_core.plugin_system:Skipping extension 'colcon_notification.desktop_notification.terminal_notifier': Not used on non-Darwin systems
[11.260s] INFO:colcon.colcon_core.plugin_system:Skipping extension 'colcon_notification.desktop_notification.win32': Not used on non-Windows systems
[11.260s] INFO:colcon.colcon_notification.desktop_notification:Sending desktop notification using 'notify2'
[11.263s] DEBUG:colcon.colcon_notification.desktop_notification.notify2:Failed to initialize notify2: org.freedesktop.DBus.Error.Spawn.ExecFailed: /usr/bin/dbus-launch terminated abnormally without any error message
[11.263s] DEBUG:colcon.colcon_core.event_reactor:joined thread
[11.263s] INFO:colcon.colcon_core.shell:Creating prefix script '/root/master_ros2_ws/install/local_setup.ps1'
[11.265s] INFO:colcon.colcon_core.shell:Creating prefix util module '/root/master_ros2_ws/install/_local_setup_util_ps1.py'
[11.266s] INFO:colcon.colcon_core.shell:Creating prefix chain script '/root/master_ros2_ws/install/setup.ps1'
[11.266s] INFO:colcon.colcon_core.shell:Creating prefix script '/root/master_ros2_ws/install/local_setup.sh'
[11.267s] INFO:colcon.colcon_core.shell:Creating prefix util module '/root/master_ros2_ws/install/_local_setup_util_sh.py'
[11.267s] INFO:colcon.colcon_core.shell:Creating prefix chain script '/root/master_ros2_ws/install/setup.sh'
[11.268s] INFO:colcon.colcon_core.shell:Creating prefix script '/root/master_ros2_ws/install/local_setup.bash'
[11.268s] INFO:colcon.colcon_core.shell:Creating prefix chain script '/root/master_ros2_ws/install/setup.bash'
[11.269s] INFO:colcon.colcon_core.shell:Creating prefix script '/root/master_ros2_ws/install/local_setup.zsh'
[11.269s] INFO:colcon.colcon_core.shell:Creating prefix chain script '/root/master_ros2_ws/install/setup.zsh'
