[0.012s] Invoking command in '/root/master_ros2_ws/build/master_ros2_pkg': AMENT_PREFIX_PATH=/root/master_ros2_ws/install/master_ros2_interface:${AMENT_PREFIX_PATH} CMAKE_PREFIX_PATH=/root/master_ros2_ws/install/master_ros2_interface:/opt/ros/jazzy/opt/gz_sim_vendor:/opt/ros/jazzy/opt/gz_sensors_vendor:/opt/ros/jazzy/opt/gz_physics_vendor:/opt/ros/jazzy/opt/sdformat_vendor:/opt/ros/jazzy/opt/gz_gui_vendor:/opt/ros/jazzy/opt/gz_transport_vendor:/opt/ros/jazzy/opt/gz_rendering_vendor:/opt/ros/jazzy/opt/gz_plugin_vendor:/opt/ros/jazzy/opt/gz_fuel_tools_vendor:/opt/ros/jazzy/opt/gz_msgs_vendor:/opt/ros/jazzy/opt/gz_common_vendor:/opt/ros/jazzy/opt/gz_math_vendor:/opt/ros/jazzy/opt/gz_utils_vendor:/opt/ros/jazzy/opt/gz_tools_vendor:/opt/ros/jazzy/opt/gz_ogre_next_vendor:/opt/ros/jazzy/opt/gz_dartsim_vendor:/opt/ros/jazzy/opt/gz_cmake_vendor:/opt/ros/jazzy LD_LIBRARY_PATH=/root/master_ros2_ws/install/master_ros2_interface/lib:${LD_LIBRARY_PATH} PYTHONPATH=/root/master_ros2_ws/install/master_ros2_interface/lib/python3.12/site-packages:${PYTHONPATH} /usr/bin/cmake --build /root/master_ros2_ws/build/master_ros2_pkg -- -j12 -l12
[0.041s] -- Found ament_cmake: 2.5.4 (/opt/ros/jazzy/share/ament_cmake/cmake)
[0.223s] -- Found rclcpp: 28.1.13 (/opt/ros/jazzy/share/rclcpp/cmake)
[0.248s] -- Found rosidl_generator_c: 4.6.6 (/opt/ros/jazzy/share/rosidl_generator_c/cmake)
[0.256s] -- Found rosidl_generator_cpp: 4.6.6 (/opt/ros/jazzy/share/rosidl_generator_cpp/cmake)
[0.266s] -- Using all available rosidl_typesupport_c: rosidl_typesupport_fastrtps_c;rosidl_typesupport_introspection_c
[0.278s] -- Using all available rosidl_typesupport_cpp: rosidl_typesupport_fastrtps_cpp;rosidl_typesupport_introspection_cpp
[0.334s] -- Found rmw_implementation_cmake: 7.3.2 (/opt/ros/jazzy/share/rmw_implementation_cmake/cmake)
[0.336s] -- Found rmw_fastrtps_cpp: 8.4.3 (/opt/ros/jazzy/share/rmw_fastrtps_cpp/cmake)
[0.396s] -- Using RMW implementation 'rmw_fastrtps_cpp' as default
[0.454s] -- Found std_msgs: 5.3.6 (/opt/ros/jazzy/share/std_msgs/cmake)
[0.474s] -- Found master_ros2_interface: 0.0.0 (/root/master_ros2_ws/install/master_ros2_interface/share/master_ros2_interface/cmake)
[0.485s] -- Found ament_lint_auto: 0.17.3 (/opt/ros/jazzy/share/ament_lint_auto/cmake)
[0.559s] -- Added test 'cppcheck' to perform static code analysis on C / C++ code
[0.559s] -- Configured cppcheck include dirs: 
[0.559s] -- Configured cppcheck exclude dirs and/or files: 
[0.560s] -- Added test 'lint_cmake' to check CMake code style
[0.561s] -- Added test 'uncrustify' to check C / C++ code style
[0.561s] -- Configured uncrustify additional arguments: 
[0.561s] -- Added test 'xmllint' to check XML markup files
[0.562s] -- Configuring done (0.5s)
[0.579s] -- Generating done (0.0s)
[0.584s] -- Build files have been written to: /root/master_ros2_ws/build/master_ros2_pkg
[0.624s] [ 16%] [32mBuilding CXX object CMakeFiles/publisher_node_params.dir/src/publisher_node_params.cpp.o[0m
[0.633s] [ 33%] [32mBuilding CXX object CMakeFiles/publisher_node.dir/src/publisher_node.cpp.o[0m
[0.633s] [ 50%] [32mBuilding CXX object CMakeFiles/subscriber_node.dir/src/subscriber_node.cpp.o[0m
[5.583s] [ 83%] [32m[1mLinking CXX executable publisher_node[0m
[5.583s] [ 83%] [32m[1mLinking CXX executable publisher_node_params[0m
[5.781s] [ 83%] Built target publisher_node_params
[5.785s] [ 83%] Built target publisher_node
[8.798s] [100%] [32m[1mLinking CXX executable subscriber_node[0m
[9.067s] [100%] Built target subscriber_node
[9.078s] Invoked command in '/root/master_ros2_ws/build/master_ros2_pkg' returned '0': AMENT_PREFIX_PATH=/root/master_ros2_ws/install/master_ros2_interface:${AMENT_PREFIX_PATH} CMAKE_PREFIX_PATH=/root/master_ros2_ws/install/master_ros2_interface:/opt/ros/jazzy/opt/gz_sim_vendor:/opt/ros/jazzy/opt/gz_sensors_vendor:/opt/ros/jazzy/opt/gz_physics_vendor:/opt/ros/jazzy/opt/sdformat_vendor:/opt/ros/jazzy/opt/gz_gui_vendor:/opt/ros/jazzy/opt/gz_transport_vendor:/opt/ros/jazzy/opt/gz_rendering_vendor:/opt/ros/jazzy/opt/gz_plugin_vendor:/opt/ros/jazzy/opt/gz_fuel_tools_vendor:/opt/ros/jazzy/opt/gz_msgs_vendor:/opt/ros/jazzy/opt/gz_common_vendor:/opt/ros/jazzy/opt/gz_math_vendor:/opt/ros/jazzy/opt/gz_utils_vendor:/opt/ros/jazzy/opt/gz_tools_vendor:/opt/ros/jazzy/opt/gz_ogre_next_vendor:/opt/ros/jazzy/opt/gz_dartsim_vendor:/opt/ros/jazzy/opt/gz_cmake_vendor:/opt/ros/jazzy LD_LIBRARY_PATH=/root/master_ros2_ws/install/master_ros2_interface/lib:${LD_LIBRARY_PATH} PYTHONPATH=/root/master_ros2_ws/install/master_ros2_interface/lib/python3.12/site-packages:${PYTHONPATH} /usr/bin/cmake --build /root/master_ros2_ws/build/master_ros2_pkg -- -j12 -l12
[9.079s] Invoking command in '/root/master_ros2_ws/build/master_ros2_pkg': AMENT_PREFIX_PATH=/root/master_ros2_ws/install/master_ros2_interface:${AMENT_PREFIX_PATH} CMAKE_PREFIX_PATH=/root/master_ros2_ws/install/master_ros2_interface:/opt/ros/jazzy/opt/gz_sim_vendor:/opt/ros/jazzy/opt/gz_sensors_vendor:/opt/ros/jazzy/opt/gz_physics_vendor:/opt/ros/jazzy/opt/sdformat_vendor:/opt/ros/jazzy/opt/gz_gui_vendor:/opt/ros/jazzy/opt/gz_transport_vendor:/opt/ros/jazzy/opt/gz_rendering_vendor:/opt/ros/jazzy/opt/gz_plugin_vendor:/opt/ros/jazzy/opt/gz_fuel_tools_vendor:/opt/ros/jazzy/opt/gz_msgs_vendor:/opt/ros/jazzy/opt/gz_common_vendor:/opt/ros/jazzy/opt/gz_math_vendor:/opt/ros/jazzy/opt/gz_utils_vendor:/opt/ros/jazzy/opt/gz_tools_vendor:/opt/ros/jazzy/opt/gz_ogre_next_vendor:/opt/ros/jazzy/opt/gz_dartsim_vendor:/opt/ros/jazzy/opt/gz_cmake_vendor:/opt/ros/jazzy LD_LIBRARY_PATH=/root/master_ros2_ws/install/master_ros2_interface/lib:${LD_LIBRARY_PATH} PYTHONPATH=/root/master_ros2_ws/install/master_ros2_interface/lib/python3.12/site-packages:${PYTHONPATH} /usr/bin/cmake --install /root/master_ros2_ws/build/master_ros2_pkg
[9.087s] -- Install configuration: ""
[9.087s] -- Installing: /root/master_ros2_ws/install/master_ros2_pkg/lib/master_ros2_pkg/publisher_node
[9.089s] -- Set non-toolchain portion of runtime path of "/root/master_ros2_ws/install/master_ros2_pkg/lib/master_ros2_pkg/publisher_node" to ""
[9.089s] -- Installing: /root/master_ros2_ws/install/master_ros2_pkg/lib/master_ros2_pkg/subscriber_node
[9.097s] -- Set non-toolchain portion of runtime path of "/root/master_ros2_ws/install/master_ros2_pkg/lib/master_ros2_pkg/subscriber_node" to ""
[9.097s] -- Up-to-date: /root/master_ros2_ws/install/master_ros2_pkg/share/ament_index/resource_index/package_run_dependencies/master_ros2_pkg
[9.097s] -- Up-to-date: /root/master_ros2_ws/install/master_ros2_pkg/share/ament_index/resource_index/parent_prefix_path/master_ros2_pkg
[9.098s] -- Installing: /root/master_ros2_ws/install/master_ros2_pkg/share/master_ros2_pkg/environment/ament_prefix_path.sh
[9.098s] -- Up-to-date: /root/master_ros2_ws/install/master_ros2_pkg/share/master_ros2_pkg/environment/ament_prefix_path.dsv
[9.098s] -- Installing: /root/master_ros2_ws/install/master_ros2_pkg/share/master_ros2_pkg/environment/path.sh
[9.098s] -- Up-to-date: /root/master_ros2_ws/install/master_ros2_pkg/share/master_ros2_pkg/environment/path.dsv
[9.098s] -- Up-to-date: /root/master_ros2_ws/install/master_ros2_pkg/share/master_ros2_pkg/local_setup.bash
[9.098s] -- Up-to-date: /root/master_ros2_ws/install/master_ros2_pkg/share/master_ros2_pkg/local_setup.sh
[9.098s] -- Up-to-date: /root/master_ros2_ws/install/master_ros2_pkg/share/master_ros2_pkg/local_setup.zsh
[9.098s] -- Up-to-date: /root/master_ros2_ws/install/master_ros2_pkg/share/master_ros2_pkg/local_setup.dsv
[9.098s] -- Up-to-date: /root/master_ros2_ws/install/master_ros2_pkg/share/master_ros2_pkg/package.dsv
[9.098s] -- Up-to-date: /root/master_ros2_ws/install/master_ros2_pkg/share/ament_index/resource_index/packages/master_ros2_pkg
[9.098s] -- Up-to-date: /root/master_ros2_ws/install/master_ros2_pkg/share/master_ros2_pkg/cmake/master_ros2_pkgConfig.cmake
[9.098s] -- Up-to-date: /root/master_ros2_ws/install/master_ros2_pkg/share/master_ros2_pkg/cmake/master_ros2_pkgConfig-version.cmake
[9.098s] -- Up-to-date: /root/master_ros2_ws/install/master_ros2_pkg/share/master_ros2_pkg/package.xml
[9.100s] Invoked command in '/root/master_ros2_ws/build/master_ros2_pkg' returned '0': AMENT_PREFIX_PATH=/root/master_ros2_ws/install/master_ros2_interface:${AMENT_PREFIX_PATH} CMAKE_PREFIX_PATH=/root/master_ros2_ws/install/master_ros2_interface:/opt/ros/jazzy/opt/gz_sim_vendor:/opt/ros/jazzy/opt/gz_sensors_vendor:/opt/ros/jazzy/opt/gz_physics_vendor:/opt/ros/jazzy/opt/sdformat_vendor:/opt/ros/jazzy/opt/gz_gui_vendor:/opt/ros/jazzy/opt/gz_transport_vendor:/opt/ros/jazzy/opt/gz_rendering_vendor:/opt/ros/jazzy/opt/gz_plugin_vendor:/opt/ros/jazzy/opt/gz_fuel_tools_vendor:/opt/ros/jazzy/opt/gz_msgs_vendor:/opt/ros/jazzy/opt/gz_common_vendor:/opt/ros/jazzy/opt/gz_math_vendor:/opt/ros/jazzy/opt/gz_utils_vendor:/opt/ros/jazzy/opt/gz_tools_vendor:/opt/ros/jazzy/opt/gz_ogre_next_vendor:/opt/ros/jazzy/opt/gz_dartsim_vendor:/opt/ros/jazzy/opt/gz_cmake_vendor:/opt/ros/jazzy LD_LIBRARY_PATH=/root/master_ros2_ws/install/master_ros2_interface/lib:${LD_LIBRARY_PATH} PYTHONPATH=/root/master_ros2_ws/install/master_ros2_interface/lib/python3.12/site-packages:${PYTHONPATH} /usr/bin/cmake --install /root/master_ros2_ws/build/master_ros2_pkg
