[0.011s] Invoking command in '/root/master_ros2_ws/build/master_ros2_interface': CMAKE_PREFIX_PATH=${CMAKE_PREFIX_PATH}:/opt/ros/jazzy /usr/bin/cmake /root/master_ros2_ws/src/master_ros2_interface -DCMAKE_EXPORT_COMPILE_COMMANDS=ON -DAMENT_CMAKE_SYMLINK_INSTALL=1 -DCMAKE_INSTALL_PREFIX=/root/master_ros2_ws/install/master_ros2_interface
[0.026s] -- Found ament_cmake: 2.5.4 (/opt/ros/jazzy/share/ament_cmake/cmake)
[0.048s] -- Found Python3: /usr/bin/python3 (found version "3.12.3") found components: Interpreter 
[0.111s] -- Override CMake install command with custom implementation using symlinks instead of copying resources
[0.120s] -- Found rosidl_default_generators: 1.6.0 (/opt/ros/jazzy/share/rosidl_default_generators/cmake)
[0.122s] -- Using all available rosidl_typesupport_c: rosidl_typesupport_fastrtps_c;rosidl_typesupport_introspection_c
[0.154s] -- Using all available rosidl_typesupport_cpp: rosidl_typesupport_fastrtps_cpp;rosidl_typesupport_introspection_cpp
[0.179s] -- Found rosidl_adapter: 4.6.6 (/opt/ros/jazzy/share/rosidl_adapter/cmake)
[0.365s] -- Found ament_cmake_ros: 0.12.0 (/opt/ros/jazzy/share/ament_cmake_ros/cmake)
[0.439s] -- Using all available rosidl_typesupport_c: rosidl_typesupport_fastrtps_c;rosidl_typesupport_introspection_c
[0.535s] -- Using all available rosidl_typesupport_cpp: rosidl_typesupport_fastrtps_cpp;rosidl_typesupport_introspection_cpp
[0.536s] -- Found python_cmake_module: 0.11.1 (/opt/ros/jazzy/share/python_cmake_module/cmake)
[0.751s] -- Found Python3: /usr/bin/python3 (found version "3.12.3") found components: Interpreter Development NumPy Development.Module Development.Embed 
[0.759s] -- Found ament_lint_auto: 0.17.3 (/opt/ros/jazzy/share/ament_lint_auto/cmake)
[0.769s] -- Added test 'lint_cmake' to check CMake code style
[0.770s] -- Added test 'xmllint' to check XML markup files
[0.772s] -- Configuring done (0.8s)
[0.803s] -- Generating done (0.0s)
[0.813s] -- Build files have been written to: /root/master_ros2_ws/build/master_ros2_interface
[0.819s] Invoked command in '/root/master_ros2_ws/build/master_ros2_interface' returned '0': CMAKE_PREFIX_PATH=${CMAKE_PREFIX_PATH}:/opt/ros/jazzy /usr/bin/cmake /root/master_ros2_ws/src/master_ros2_interface -DCMAKE_EXPORT_COMPILE_COMMANDS=ON -DAMENT_CMAKE_SYMLINK_INSTALL=1 -DCMAKE_INSTALL_PREFIX=/root/master_ros2_ws/install/master_ros2_interface
[0.821s] Invoking command in '/root/master_ros2_ws/build/master_ros2_interface': CMAKE_PREFIX_PATH=${CMAKE_PREFIX_PATH}:/opt/ros/jazzy /usr/bin/cmake --build /root/master_ros2_ws/build/master_ros2_interface -- -j12 -l12
[0.872s] failed to create symbolic link '/root/master_ros2_ws/build/master_ros2_interface/ament_cmake_python/master_ros2_interface/master_ros2_interface' because existing path cannot be removed: Is a directory
[0.873s] [  2%] Built target master_ros2_interface__rosidl_generator_type_description
[0.873s] gmake[2]: *** [CMakeFiles/ament_cmake_python_symlink_master_ros2_interface.dir/build.make:70: CMakeFiles/ament_cmake_python_symlink_master_ros2_interface] Error 1
[0.873s] gmake[1]: *** [CMakeFiles/Makefile2:452: CMakeFiles/ament_cmake_python_symlink_master_ros2_interface.dir/all] Error 2
[0.873s] gmake[1]: *** Waiting for unfinished jobs....
[0.873s] gmake: *** [Makefile:146: all] Error 2
[0.875s] Invoked command in '/root/master_ros2_ws/build/master_ros2_interface' returned '2': CMAKE_PREFIX_PATH=${CMAKE_PREFIX_PATH}:/opt/ros/jazzy /usr/bin/cmake --build /root/master_ros2_ws/build/master_ros2_interface -- -j12 -l12
