[0.007s] Invoking command in '/root/master_ros2_ws/build/master_ros2_interface': /usr/bin/cmake --build /root/master_ros2_ws/build/master_ros2_interface -- -j12 -l12
[0.030s] -- Found ament_cmake: 2.5.4 (/opt/ros/jazzy/share/ament_cmake/cmake)
[0.052s] -- Found Python3: /usr/bin/python3 (found version "3.12.3") found components: Interpreter 
[0.070s] Traceback (most recent call last):
[0.071s]   File "/opt/ros/jazzy/share/ament_cmake_core/cmake/package_templates/templates_2_cmake.py", line 21, in <module>
[0.071s]     from ament_package.templates import get_environment_hook_template_path
[0.071s] ModuleNotFoundError: No module named 'ament_package'
[0.074s] [31mCMake Error at /opt/ros/jazzy/share/ament_cmake_core/cmake/ament_cmake_package_templates-extras.cmake:41 (message):
[0.074s]   execute_process(/usr/bin/python3
[0.074s]   /opt/ros/jazzy/share/ament_cmake_core/cmake/package_templates/templates_2_cmake.py
[0.074s]   /root/master_ros2_ws/build/master_ros2_interface/ament_cmake_package_templates/templates.cmake)
[0.074s]   returned error code 1
[0.074s] Call Stack (most recent call first):
[0.074s]   /opt/ros/jazzy/share/ament_cmake_core/cmake/ament_cmake_coreConfig.cmake:41 (include)
[0.074s]   /opt/ros/jazzy/share/ament_cmake/cmake/ament_cmake_export_dependencies-extras.cmake:15 (find_package)
[0.074s]   /opt/ros/jazzy/share/ament_cmake/cmake/ament_cmakeConfig.cmake:41 (include)
[0.074s]   CMakeLists.txt:9 (find_package)
[0.074s] 
[0.074s] [0m
[0.074s] -- Configuring incomplete, errors occurred!
[0.076s] gmake: *** [Makefile:815: cmake_check_build_system] Error 1
[0.078s] Invoked command in '/root/master_ros2_ws/build/master_ros2_interface' returned '2': /usr/bin/cmake --build /root/master_ros2_ws/build/master_ros2_interface -- -j12 -l12
