[0.008s] Invoking command in '/root/master_ros2_ws/build/master_ros2_interface': /usr/bin/cmake /root/master_ros2_ws/src/master_ros2_interface -DCMAKE_INSTALL_PREFIX=/root/master_ros2_ws/install/master_ros2_interface
[0.039s] -- Configuring incomplete, errors occurred!
[0.039s] [31mCMake Error at CMakeLists.txt:9 (find_package):
[0.039s]   By not providing "Findament_cmake.cmake" in CMAKE_MODULE_PATH this project
[0.039s]   has asked CMake to find a package configuration file provided by
[0.039s]   "ament_cmake", but CMake did not find one.
[0.039s] 
[0.039s]   Could not find a package configuration file provided by "ament_cmake" with
[0.039s]   any of the following names:
[0.040s] 
[0.040s]     ament_cmakeConfig.cmake
[0.040s]     ament_cmake-config.cmake
[0.040s] 
[0.040s]   Add the installation prefix of "ament_cmake" to CMAKE_PREFIX_PATH or set
[0.040s]   "ament_cmake_DIR" to a directory containing one of the above files.  If
[0.040s]   "ament_cmake" provides a separate development package or SDK, be sure it
[0.040s]   has been installed.
[0.040s] 
[0.040s] [0m
[0.041s] Invoked command in '/root/master_ros2_ws/build/master_ros2_interface' returned '1': /usr/bin/cmake /root/master_ros2_ws/src/master_ros2_interface -DCMAKE_INSTALL_PREFIX=/root/master_ros2_ws/install/master_ros2_interface
