-- Found ament_cmake: 2.5.4 (/opt/ros/jazzy/share/ament_cmake/cmake)
-- Found Python3: /usr/bin/python3 (found version "3.12.3") found components: Interpreter 
-- Found rosidl_default_generators: 1.6.0 (/opt/ros/jazzy/share/rosidl_default_generators/cmake)
-- Using all available rosidl_typesupport_c: rosidl_typesupport_fastrtps_c;rosidl_typesupport_introspection_c
-- Using all available rosidl_typesupport_cpp: rosidl_typesupport_fastrtps_cpp;rosidl_typesupport_introspection_cpp
-- Found rosidl_adapter: 4.6.6 (/opt/ros/jazzy/share/rosidl_adapter/cmake)
-- Found ament_cmake_ros: 0.12.0 (/opt/ros/jazzy/share/ament_cmake_ros/cmake)
-- Using all available rosidl_typesupport_c: rosidl_typesupport_fastrtps_c;rosidl_typesupport_introspection_c
-- Using all available rosidl_typesupport_cpp: rosidl_typesupport_fastrtps_cpp;rosidl_typesupport_introspection_cpp
-- Found python_cmake_module: 0.11.1 (/opt/ros/jazzy/share/python_cmake_module/cmake)
-- Found Python3: /usr/bin/python3 (found version "3.12.3") found components: Interpreter Development NumPy Development.Module Development.Embed 
-- Found ament_lint_auto: 0.17.3 (/opt/ros/jazzy/share/ament_lint_auto/cmake)
-- Added test 'lint_cmake' to check CMake code style
-- Added test 'xmllint' to check XML markup files
-- Configuring done (0.8s)
-- Generating done (0.0s)
-- Build files have been written to: /root/master_ros2_ws/build/master_ros2_interface
[  2%] Built target master_ros2_interface__rosidl_generator_type_description
[  2%] Built target ament_cmake_python_copy_master_ros2_interface
[  5%] Built target master_ros2_interface__cpp
[  8%] [32mBuilding C object CMakeFiles/master_ros2_interface__rosidl_generator_c.dir/rosidl_generator_c/master_ros2_interface/msg/detail/custom_msg__description.c.o[0m
[ 11%] [32mBuilding C object CMakeFiles/master_ros2_interface__rosidl_generator_c.dir/rosidl_generator_c/master_ros2_interface/msg/detail/custom_msg__functions.c.o[0m
[ 14%] [32mBuilding C object CMakeFiles/master_ros2_interface__rosidl_generator_c.dir/rosidl_generator_c/master_ros2_interface/msg/detail/custom_msg__type_support.c.o[0m
[ 17%] [32m[1mLinking C shared library libmaster_ros2_interface__rosidl_generator_c.so[0m
[ 20%] Built target master_ros2_interface__rosidl_generator_c
[ 23%] [32mBuilding CXX object CMakeFiles/master_ros2_interface__rosidl_typesupport_c.dir/rosidl_typesupport_c/master_ros2_interface/msg/custom_msg__type_support.cpp.o[0m
[ 26%] [32mBuilding CXX object CMakeFiles/master_ros2_interface__rosidl_typesupport_introspection_cpp.dir/rosidl_typesupport_introspection_cpp/master_ros2_interface/msg/detail/custom_msg__type_support.cpp.o[0m
[ 29%] [32mBuilding CXX object CMakeFiles/master_ros2_interface__rosidl_typesupport_cpp.dir/rosidl_typesupport_cpp/master_ros2_interface/msg/custom_msg__type_support.cpp.o[0m
[ 32%] [32mBuilding CXX object CMakeFiles/master_ros2_interface__rosidl_typesupport_fastrtps_c.dir/rosidl_typesupport_fastrtps_c/master_ros2_interface/msg/detail/custom_msg__type_support_c.cpp.o[0m
[ 35%] [32mBuilding C object CMakeFiles/master_ros2_interface__rosidl_typesupport_introspection_c.dir/rosidl_typesupport_introspection_c/master_ros2_interface/msg/detail/custom_msg__type_support.c.o[0m
[ 38%] [32mBuilding CXX object CMakeFiles/master_ros2_interface__rosidl_typesupport_fastrtps_cpp.dir/rosidl_typesupport_fastrtps_cpp/master_ros2_interface/msg/detail/dds_fastrtps/custom_msg__type_support.cpp.o[0m
[ 41%] [32m[1mLinking CXX shared library libmaster_ros2_interface__rosidl_typesupport_c.so[0m
[ 44%] [32m[1mLinking C shared library libmaster_ros2_interface__rosidl_typesupport_introspection_c.so[0m
[ 47%] Built target master_ros2_interface__rosidl_typesupport_c
running egg_info
[ 50%] Built target master_ros2_interface__rosidl_typesupport_introspection_c
writing master_ros2_interface.egg-info/PKG-INFO
writing dependency_links to master_ros2_interface.egg-info/dependency_links.txt
writing top-level names to master_ros2_interface.egg-info/top_level.txt
reading manifest file 'master_ros2_interface.egg-info/SOURCES.txt'
writing manifest file 'master_ros2_interface.egg-info/SOURCES.txt'
[ 50%] Built target ament_cmake_python_build_master_ros2_interface_egg
[ 52%] [32m[1mLinking CXX shared library libmaster_ros2_interface__rosidl_typesupport_introspection_cpp.so[0m
[ 55%] [32m[1mLinking CXX shared library libmaster_ros2_interface__rosidl_typesupport_cpp.so[0m
[ 58%] Built target master_ros2_interface__rosidl_typesupport_cpp
[ 61%] Built target master_ros2_interface__rosidl_typesupport_introspection_cpp
[ 64%] [32m[1mLinking CXX shared library libmaster_ros2_interface__rosidl_typesupport_fastrtps_c.so[0m
[ 67%] [32m[1mLinking CXX shared library libmaster_ros2_interface__rosidl_typesupport_fastrtps_cpp.so[0m
[ 70%] Built target master_ros2_interface__rosidl_typesupport_fastrtps_c
[ 73%] Built target master_ros2_interface__rosidl_typesupport_fastrtps_cpp
[ 73%] Built target master_ros2_interface
[ 76%] Built target master_ros2_interface__py
[ 79%] [32mBuilding C object CMakeFiles/master_ros2_interface__rosidl_generator_py.dir/rosidl_generator_py/master_ros2_interface/msg/_custom_msg_s.c.o[0m
[ 82%] [32m[1mLinking C shared library libmaster_ros2_interface__rosidl_generator_py.so[0m
[ 82%] Built target master_ros2_interface__rosidl_generator_py
[ 91%] [32mBuilding C object CMakeFiles/master_ros2_interface_s__rosidl_typesupport_fastrtps_c.dir/rosidl_generator_py/master_ros2_interface/_master_ros2_interface_s.ep.rosidl_typesupport_fastrtps_c.c.o[0m
[ 91%] [32mBuilding C object CMakeFiles/master_ros2_interface_s__rosidl_typesupport_c.dir/rosidl_generator_py/master_ros2_interface/_master_ros2_interface_s.ep.rosidl_typesupport_c.c.o[0m
[ 91%] [32mBuilding C object CMakeFiles/master_ros2_interface_s__rosidl_typesupport_introspection_c.dir/rosidl_generator_py/master_ros2_interface/_master_ros2_interface_s.ep.rosidl_typesupport_introspection_c.c.o[0m
[ 94%] [32m[1mLinking C shared module rosidl_generator_py/master_ros2_interface/master_ros2_interface_s__rosidl_typesupport_c.so[0m
[ 97%] [32m[1mLinking C shared module rosidl_generator_py/master_ros2_interface/master_ros2_interface_s__rosidl_typesupport_introspection_c.so[0m
[100%] [32m[1mLinking C shared module rosidl_generator_py/master_ros2_interface/master_ros2_interface_s__rosidl_typesupport_fastrtps_c.so[0m
[100%] Built target master_ros2_interface_s__rosidl_typesupport_c
[100%] Built target master_ros2_interface_s__rosidl_typesupport_introspection_c
[100%] Built target master_ros2_interface_s__rosidl_typesupport_fastrtps_c
-- Install configuration: ""
-- Up-to-date: /root/master_ros2_ws/install/master_ros2_interface/share/ament_index/resource_index/rosidl_interfaces/master_ros2_interface
-- Up-to-date: /root/master_ros2_ws/install/master_ros2_interface/share/master_ros2_interface/msg/CustomMsg.json
-- Up-to-date: /root/master_ros2_ws/install/master_ros2_interface/include/master_ros2_interface/master_ros2_interface
-- Up-to-date: /root/master_ros2_ws/install/master_ros2_interface/include/master_ros2_interface/master_ros2_interface/msg
-- Up-to-date: /root/master_ros2_ws/install/master_ros2_interface/include/master_ros2_interface/master_ros2_interface/msg/detail
-- Up-to-date: /root/master_ros2_ws/install/master_ros2_interface/include/master_ros2_interface/master_ros2_interface/msg/detail/custom_msg__type_support.h
-- Up-to-date: /root/master_ros2_ws/install/master_ros2_interface/include/master_ros2_interface/master_ros2_interface/msg/detail/custom_msg__functions.h
-- Up-to-date: /root/master_ros2_ws/install/master_ros2_interface/include/master_ros2_interface/master_ros2_interface/msg/detail/custom_msg__type_support.c
-- Up-to-date: /root/master_ros2_ws/install/master_ros2_interface/include/master_ros2_interface/master_ros2_interface/msg/detail/custom_msg__functions.c
-- Up-to-date: /root/master_ros2_ws/install/master_ros2_interface/include/master_ros2_interface/master_ros2_interface/msg/detail/custom_msg__description.c
-- Up-to-date: /root/master_ros2_ws/install/master_ros2_interface/include/master_ros2_interface/master_ros2_interface/msg/detail/custom_msg__struct.h
-- Up-to-date: /root/master_ros2_ws/install/master_ros2_interface/include/master_ros2_interface/master_ros2_interface/msg/rosidl_generator_c__visibility_control.h
-- Up-to-date: /root/master_ros2_ws/install/master_ros2_interface/include/master_ros2_interface/master_ros2_interface/msg/custom_msg.h
-- Installing: /root/master_ros2_ws/install/master_ros2_interface/share/master_ros2_interface/environment/library_path.sh
-- Up-to-date: /root/master_ros2_ws/install/master_ros2_interface/share/master_ros2_interface/environment/library_path.dsv
-- Installing: /root/master_ros2_ws/install/master_ros2_interface/lib/libmaster_ros2_interface__rosidl_generator_c.so
-- Set non-toolchain portion of runtime path of "/root/master_ros2_ws/install/master_ros2_interface/lib/libmaster_ros2_interface__rosidl_generator_c.so" to ""
-- Up-to-date: /root/master_ros2_ws/install/master_ros2_interface/include/master_ros2_interface/master_ros2_interface
-- Up-to-date: /root/master_ros2_ws/install/master_ros2_interface/include/master_ros2_interface/master_ros2_interface/msg
-- Up-to-date: /root/master_ros2_ws/install/master_ros2_interface/include/master_ros2_interface/master_ros2_interface/msg/detail
-- Up-to-date: /root/master_ros2_ws/install/master_ros2_interface/include/master_ros2_interface/master_ros2_interface/msg/detail/custom_msg__rosidl_typesupport_fastrtps_c.h
-- Up-to-date: /root/master_ros2_ws/install/master_ros2_interface/include/master_ros2_interface/master_ros2_interface/msg/rosidl_typesupport_fastrtps_c__visibility_control.h
-- Installing: /root/master_ros2_ws/install/master_ros2_interface/lib/libmaster_ros2_interface__rosidl_typesupport_fastrtps_c.so
-- Set non-toolchain portion of runtime path of "/root/master_ros2_ws/install/master_ros2_interface/lib/libmaster_ros2_interface__rosidl_typesupport_fastrtps_c.so" to ""
-- Up-to-date: /root/master_ros2_ws/install/master_ros2_interface/include/master_ros2_interface/master_ros2_interface
-- Up-to-date: /root/master_ros2_ws/install/master_ros2_interface/include/master_ros2_interface/master_ros2_interface/msg
-- Up-to-date: /root/master_ros2_ws/install/master_ros2_interface/include/master_ros2_interface/master_ros2_interface/msg/detail
-- Up-to-date: /root/master_ros2_ws/install/master_ros2_interface/include/master_ros2_interface/master_ros2_interface/msg/detail/custom_msg__type_support.c
-- Up-to-date: /root/master_ros2_ws/install/master_ros2_interface/include/master_ros2_interface/master_ros2_interface/msg/detail/custom_msg__rosidl_typesupport_introspection_c.h
-- Up-to-date: /root/master_ros2_ws/install/master_ros2_interface/include/master_ros2_interface/master_ros2_interface/msg/rosidl_typesupport_introspection_c__visibility_control.h
-- Installing: /root/master_ros2_ws/install/master_ros2_interface/lib/libmaster_ros2_interface__rosidl_typesupport_introspection_c.so
-- Set non-toolchain portion of runtime path of "/root/master_ros2_ws/install/master_ros2_interface/lib/libmaster_ros2_interface__rosidl_typesupport_introspection_c.so" to ""
-- Installing: /root/master_ros2_ws/install/master_ros2_interface/lib/libmaster_ros2_interface__rosidl_typesupport_c.so
-- Set non-toolchain portion of runtime path of "/root/master_ros2_ws/install/master_ros2_interface/lib/libmaster_ros2_interface__rosidl_typesupport_c.so" to ""
-- Up-to-date: /root/master_ros2_ws/install/master_ros2_interface/include/master_ros2_interface/master_ros2_interface
-- Up-to-date: /root/master_ros2_ws/install/master_ros2_interface/include/master_ros2_interface/master_ros2_interface/msg
-- Up-to-date: /root/master_ros2_ws/install/master_ros2_interface/include/master_ros2_interface/master_ros2_interface/msg/rosidl_generator_cpp__visibility_control.hpp
-- Up-to-date: /root/master_ros2_ws/install/master_ros2_interface/include/master_ros2_interface/master_ros2_interface/msg/detail
-- Up-to-date: /root/master_ros2_ws/install/master_ros2_interface/include/master_ros2_interface/master_ros2_interface/msg/detail/custom_msg__struct.hpp
-- Up-to-date: /root/master_ros2_ws/install/master_ros2_interface/include/master_ros2_interface/master_ros2_interface/msg/detail/custom_msg__type_support.hpp
-- Up-to-date: /root/master_ros2_ws/install/master_ros2_interface/include/master_ros2_interface/master_ros2_interface/msg/detail/custom_msg__builder.hpp
-- Up-to-date: /root/master_ros2_ws/install/master_ros2_interface/include/master_ros2_interface/master_ros2_interface/msg/detail/custom_msg__traits.hpp
-- Up-to-date: /root/master_ros2_ws/install/master_ros2_interface/include/master_ros2_interface/master_ros2_interface/msg/custom_msg.hpp
-- Up-to-date: /root/master_ros2_ws/install/master_ros2_interface/include/master_ros2_interface/master_ros2_interface
-- Up-to-date: /root/master_ros2_ws/install/master_ros2_interface/include/master_ros2_interface/master_ros2_interface/msg
-- Up-to-date: /root/master_ros2_ws/install/master_ros2_interface/include/master_ros2_interface/master_ros2_interface/msg/detail
-- Installing: /root/master_ros2_ws/install/master_ros2_interface/include/master_ros2_interface/master_ros2_interface/msg/detail/custom_msg__rosidl_typesupport_fastrtps_cpp.hpp
-- Installing: /root/master_ros2_ws/install/master_ros2_interface/include/master_ros2_interface/master_ros2_interface/msg/detail/dds_fastrtps
-- Up-to-date: /root/master_ros2_ws/install/master_ros2_interface/include/master_ros2_interface/master_ros2_interface/msg/rosidl_typesupport_fastrtps_cpp__visibility_control.h
-- Installing: /root/master_ros2_ws/install/master_ros2_interface/lib/libmaster_ros2_interface__rosidl_typesupport_fastrtps_cpp.so
-- Set non-toolchain portion of runtime path of "/root/master_ros2_ws/install/master_ros2_interface/lib/libmaster_ros2_interface__rosidl_typesupport_fastrtps_cpp.so" to ""
-- Up-to-date: /root/master_ros2_ws/install/master_ros2_interface/include/master_ros2_interface/master_ros2_interface
-- Up-to-date: /root/master_ros2_ws/install/master_ros2_interface/include/master_ros2_interface/master_ros2_interface/msg
-- Up-to-date: /root/master_ros2_ws/install/master_ros2_interface/include/master_ros2_interface/master_ros2_interface/msg/detail
-- Up-to-date: /root/master_ros2_ws/install/master_ros2_interface/include/master_ros2_interface/master_ros2_interface/msg/detail/custom_msg__rosidl_typesupport_introspection_cpp.hpp
-- Up-to-date: /root/master_ros2_ws/install/master_ros2_interface/include/master_ros2_interface/master_ros2_interface/msg/detail/custom_msg__type_support.cpp
-- Installing: /root/master_ros2_ws/install/master_ros2_interface/lib/libmaster_ros2_interface__rosidl_typesupport_introspection_cpp.so
-- Set non-toolchain portion of runtime path of "/root/master_ros2_ws/install/master_ros2_interface/lib/libmaster_ros2_interface__rosidl_typesupport_introspection_cpp.so" to ""
-- Installing: /root/master_ros2_ws/install/master_ros2_interface/lib/libmaster_ros2_interface__rosidl_typesupport_cpp.so
-- Set non-toolchain portion of runtime path of "/root/master_ros2_ws/install/master_ros2_interface/lib/libmaster_ros2_interface__rosidl_typesupport_cpp.so" to ""
-- Up-to-date: /root/master_ros2_ws/install/master_ros2_interface/share/master_ros2_interface/environment/pythonpath.sh
-- Up-to-date: /root/master_ros2_ws/install/master_ros2_interface/share/master_ros2_interface/environment/pythonpath.dsv
-- Up-to-date: /root/master_ros2_ws/install/master_ros2_interface/lib/python3.12/site-packages/master_ros2_interface-0.0.0-py3.12.egg-info
-- Installing: /root/master_ros2_ws/install/master_ros2_interface/lib/python3.12/site-packages/master_ros2_interface-0.0.0-py3.12.egg-info/SOURCES.txt
-- Installing: /root/master_ros2_ws/install/master_ros2_interface/lib/python3.12/site-packages/master_ros2_interface-0.0.0-py3.12.egg-info/top_level.txt
-- Installing: /root/master_ros2_ws/install/master_ros2_interface/lib/python3.12/site-packages/master_ros2_interface-0.0.0-py3.12.egg-info/dependency_links.txt
-- Installing: /root/master_ros2_ws/install/master_ros2_interface/lib/python3.12/site-packages/master_ros2_interface-0.0.0-py3.12.egg-info/PKG-INFO
-- Up-to-date: /root/master_ros2_ws/install/master_ros2_interface/lib/python3.12/site-packages/master_ros2_interface
-- Installing: /root/master_ros2_ws/install/master_ros2_interface/lib/python3.12/site-packages/master_ros2_interface/master_ros2_interface_s__rosidl_typesupport_introspection_c.so
-- Up-to-date: /root/master_ros2_ws/install/master_ros2_interface/lib/python3.12/site-packages/master_ros2_interface/_master_ros2_interface_s.ep.rosidl_typesupport_c.c
-- Installing: /root/master_ros2_ws/install/master_ros2_interface/lib/python3.12/site-packages/master_ros2_interface/__init__.py
-- Installing: /root/master_ros2_ws/install/master_ros2_interface/lib/python3.12/site-packages/master_ros2_interface/master_ros2_interface_s__rosidl_typesupport_fastrtps_c.so
-- Up-to-date: /root/master_ros2_ws/install/master_ros2_interface/lib/python3.12/site-packages/master_ros2_interface/_master_ros2_interface_s.ep.rosidl_typesupport_fastrtps_c.c
-- Installing: /root/master_ros2_ws/install/master_ros2_interface/lib/python3.12/site-packages/master_ros2_interface/master_ros2_interface_s__rosidl_typesupport_c.so
-- Up-to-date: /root/master_ros2_ws/install/master_ros2_interface/lib/python3.12/site-packages/master_ros2_interface/msg
-- Up-to-date: /root/master_ros2_ws/install/master_ros2_interface/lib/python3.12/site-packages/master_ros2_interface/msg/_custom_msg.py
-- Up-to-date: /root/master_ros2_ws/install/master_ros2_interface/lib/python3.12/site-packages/master_ros2_interface/msg/__init__.py
-- Up-to-date: /root/master_ros2_ws/install/master_ros2_interface/lib/python3.12/site-packages/master_ros2_interface/msg/_custom_msg_s.c
-- Up-to-date: /root/master_ros2_ws/install/master_ros2_interface/lib/python3.12/site-packages/master_ros2_interface/_master_ros2_interface_s.ep.rosidl_typesupport_introspection_c.c
Listing '/root/master_ros2_ws/install/master_ros2_interface/lib/python3.12/site-packages/master_ros2_interface'...
Compiling '/root/master_ros2_ws/install/master_ros2_interface/lib/python3.12/site-packages/master_ros2_interface/__init__.py'...
Listing '/root/master_ros2_ws/install/master_ros2_interface/lib/python3.12/site-packages/master_ros2_interface/msg'...
Compiling '/root/master_ros2_ws/install/master_ros2_interface/lib/python3.12/site-packages/master_ros2_interface/msg/__init__.py'...
Compiling '/root/master_ros2_ws/install/master_ros2_interface/lib/python3.12/site-packages/master_ros2_interface/msg/_custom_msg.py'...
-- Installing: /root/master_ros2_ws/install/master_ros2_interface/lib/python3.12/site-packages/master_ros2_interface/master_ros2_interface_s__rosidl_typesupport_fastrtps_c.so
-- Set non-toolchain portion of runtime path of "/root/master_ros2_ws/install/master_ros2_interface/lib/python3.12/site-packages/master_ros2_interface/master_ros2_interface_s__rosidl_typesupport_fastrtps_c.so" to ""
-- Installing: /root/master_ros2_ws/install/master_ros2_interface/lib/python3.12/site-packages/master_ros2_interface/master_ros2_interface_s__rosidl_typesupport_introspection_c.so
-- Set non-toolchain portion of runtime path of "/root/master_ros2_ws/install/master_ros2_interface/lib/python3.12/site-packages/master_ros2_interface/master_ros2_interface_s__rosidl_typesupport_introspection_c.so" to ""
-- Installing: /root/master_ros2_ws/install/master_ros2_interface/lib/python3.12/site-packages/master_ros2_interface/master_ros2_interface_s__rosidl_typesupport_c.so
-- Set non-toolchain portion of runtime path of "/root/master_ros2_ws/install/master_ros2_interface/lib/python3.12/site-packages/master_ros2_interface/master_ros2_interface_s__rosidl_typesupport_c.so" to ""
-- Installing: /root/master_ros2_ws/install/master_ros2_interface/lib/libmaster_ros2_interface__rosidl_generator_py.so
-- Set non-toolchain portion of runtime path of "/root/master_ros2_ws/install/master_ros2_interface/lib/libmaster_ros2_interface__rosidl_generator_py.so" to ""
-- Up-to-date: /root/master_ros2_ws/install/master_ros2_interface/share/master_ros2_interface/msg/CustomMsg.idl
-- Up-to-date: /root/master_ros2_ws/install/master_ros2_interface/share/master_ros2_interface/msg/CustomMsg.msg
-- Up-to-date: /root/master_ros2_ws/install/master_ros2_interface/share/ament_index/resource_index/package_run_dependencies/master_ros2_interface
-- Up-to-date: /root/master_ros2_ws/install/master_ros2_interface/share/ament_index/resource_index/parent_prefix_path/master_ros2_interface
-- Installing: /root/master_ros2_ws/install/master_ros2_interface/share/master_ros2_interface/environment/ament_prefix_path.sh
-- Up-to-date: /root/master_ros2_ws/install/master_ros2_interface/share/master_ros2_interface/environment/ament_prefix_path.dsv
-- Installing: /root/master_ros2_ws/install/master_ros2_interface/share/master_ros2_interface/environment/path.sh
-- Up-to-date: /root/master_ros2_ws/install/master_ros2_interface/share/master_ros2_interface/environment/path.dsv
-- Up-to-date: /root/master_ros2_ws/install/master_ros2_interface/share/master_ros2_interface/local_setup.bash
-- Up-to-date: /root/master_ros2_ws/install/master_ros2_interface/share/master_ros2_interface/local_setup.sh
-- Up-to-date: /root/master_ros2_ws/install/master_ros2_interface/share/master_ros2_interface/local_setup.zsh
-- Up-to-date: /root/master_ros2_ws/install/master_ros2_interface/share/master_ros2_interface/local_setup.dsv
-- Up-to-date: /root/master_ros2_ws/install/master_ros2_interface/share/master_ros2_interface/package.dsv
-- Up-to-date: /root/master_ros2_ws/install/master_ros2_interface/share/ament_index/resource_index/packages/master_ros2_interface
-- Up-to-date: /root/master_ros2_ws/install/master_ros2_interface/share/master_ros2_interface/cmake/export_master_ros2_interface__rosidl_generator_cExport.cmake
-- Up-to-date: /root/master_ros2_ws/install/master_ros2_interface/share/master_ros2_interface/cmake/export_master_ros2_interface__rosidl_generator_cExport-noconfig.cmake
-- Up-to-date: /root/master_ros2_ws/install/master_ros2_interface/share/master_ros2_interface/cmake/export_master_ros2_interface__rosidl_typesupport_fastrtps_cExport.cmake
-- Up-to-date: /root/master_ros2_ws/install/master_ros2_interface/share/master_ros2_interface/cmake/export_master_ros2_interface__rosidl_typesupport_fastrtps_cExport-noconfig.cmake
-- Up-to-date: /root/master_ros2_ws/install/master_ros2_interface/share/master_ros2_interface/cmake/master_ros2_interface__rosidl_typesupport_introspection_cExport.cmake
-- Up-to-date: /root/master_ros2_ws/install/master_ros2_interface/share/master_ros2_interface/cmake/master_ros2_interface__rosidl_typesupport_introspection_cExport-noconfig.cmake
-- Up-to-date: /root/master_ros2_ws/install/master_ros2_interface/share/master_ros2_interface/cmake/master_ros2_interface__rosidl_typesupport_cExport.cmake
-- Up-to-date: /root/master_ros2_ws/install/master_ros2_interface/share/master_ros2_interface/cmake/master_ros2_interface__rosidl_typesupport_cExport-noconfig.cmake
-- Up-to-date: /root/master_ros2_ws/install/master_ros2_interface/share/master_ros2_interface/cmake/export_master_ros2_interface__rosidl_generator_cppExport.cmake
-- Up-to-date: /root/master_ros2_ws/install/master_ros2_interface/share/master_ros2_interface/cmake/export_master_ros2_interface__rosidl_typesupport_fastrtps_cppExport.cmake
-- Up-to-date: /root/master_ros2_ws/install/master_ros2_interface/share/master_ros2_interface/cmake/export_master_ros2_interface__rosidl_typesupport_fastrtps_cppExport-noconfig.cmake
-- Up-to-date: /root/master_ros2_ws/install/master_ros2_interface/share/master_ros2_interface/cmake/master_ros2_interface__rosidl_typesupport_introspection_cppExport.cmake
-- Up-to-date: /root/master_ros2_ws/install/master_ros2_interface/share/master_ros2_interface/cmake/master_ros2_interface__rosidl_typesupport_introspection_cppExport-noconfig.cmake
-- Up-to-date: /root/master_ros2_ws/install/master_ros2_interface/share/master_ros2_interface/cmake/master_ros2_interface__rosidl_typesupport_cppExport.cmake
-- Up-to-date: /root/master_ros2_ws/install/master_ros2_interface/share/master_ros2_interface/cmake/master_ros2_interface__rosidl_typesupport_cppExport-noconfig.cmake
-- Up-to-date: /root/master_ros2_ws/install/master_ros2_interface/share/master_ros2_interface/cmake/export_master_ros2_interface__rosidl_generator_pyExport.cmake
-- Up-to-date: /root/master_ros2_ws/install/master_ros2_interface/share/master_ros2_interface/cmake/export_master_ros2_interface__rosidl_generator_pyExport-noconfig.cmake
-- Up-to-date: /root/master_ros2_ws/install/master_ros2_interface/share/master_ros2_interface/cmake/rosidl_cmake-extras.cmake
-- Up-to-date: /root/master_ros2_ws/install/master_ros2_interface/share/master_ros2_interface/cmake/ament_cmake_export_include_directories-extras.cmake
-- Up-to-date: /root/master_ros2_ws/install/master_ros2_interface/share/master_ros2_interface/cmake/ament_cmake_export_libraries-extras.cmake
-- Up-to-date: /root/master_ros2_ws/install/master_ros2_interface/share/master_ros2_interface/cmake/ament_cmake_export_targets-extras.cmake
-- Up-to-date: /root/master_ros2_ws/install/master_ros2_interface/share/master_ros2_interface/cmake/rosidl_cmake_export_typesupport_targets-extras.cmake
-- Up-to-date: /root/master_ros2_ws/install/master_ros2_interface/share/master_ros2_interface/cmake/ament_cmake_export_dependencies-extras.cmake
-- Up-to-date: /root/master_ros2_ws/install/master_ros2_interface/share/master_ros2_interface/cmake/rosidl_cmake_export_typesupport_libraries-extras.cmake
-- Up-to-date: /root/master_ros2_ws/install/master_ros2_interface/share/master_ros2_interface/cmake/master_ros2_interfaceConfig.cmake
-- Up-to-date: /root/master_ros2_ws/install/master_ros2_interface/share/master_ros2_interface/cmake/master_ros2_interfaceConfig-version.cmake
-- Up-to-date: /root/master_ros2_ws/install/master_ros2_interface/share/master_ros2_interface/package.xml
