[0.011s] Invoking command in '/root/master_ros2_ws/build/master_ros2_interface': CMAKE_PREFIX_PATH=${CMAKE_PREFIX_PATH}:/opt/ros/jazzy /usr/bin/cmake /root/master_ros2_ws/src/master_ros2_interface -DCMAKE_INSTALL_PREFIX=/root/master_ros2_ws/install/master_ros2_interface
[0.062s] -- The C compiler identification is GNU 13.3.0
[0.114s] -- The CXX compiler identification is GNU 13.3.0
[0.130s] -- Detecting C compiler ABI info
[0.229s] -- Detecting C compiler ABI info - done
[0.237s] -- Check for working C compiler: /usr/bin/cc - skipped
[0.237s] -- Detecting C compile features
[0.237s] -- Detecting C compile features - done
[0.248s] -- Detecting CXX compiler ABI info
[0.348s] -- Detecting CXX compiler ABI info - done
[0.357s] -- Check for working CXX compiler: /usr/bin/c++ - skipped
[0.357s] -- Detecting CXX compile features
[0.358s] -- Detecting CXX compile features - done
[0.366s] -- Found ament_cmake: 2.5.4 (/opt/ros/jazzy/share/ament_cmake/cmake)
[0.525s] -- Found Python3: /usr/bin/python3 (found version "3.12.3") found components: Interpreter 
[0.731s] -- Found rosidl_default_generators: 1.6.0 (/opt/ros/jazzy/share/rosidl_default_generators/cmake)
[0.746s] -- Using all available rosidl_typesupport_c: rosidl_typesupport_fastrtps_c;rosidl_typesupport_introspection_c
[0.846s] -- Using all available rosidl_typesupport_cpp: rosidl_typesupport_fastrtps_cpp;rosidl_typesupport_introspection_cpp
[0.933s] -- Found rosidl_adapter: 4.6.6 (/opt/ros/jazzy/share/rosidl_adapter/cmake)
[1.448s] -- Found ament_cmake_ros: 0.12.0 (/opt/ros/jazzy/share/ament_cmake_ros/cmake)
[1.848s] -- Using all available rosidl_typesupport_c: rosidl_typesupport_fastrtps_c;rosidl_typesupport_introspection_c
[2.353s] -- Using all available rosidl_typesupport_cpp: rosidl_typesupport_fastrtps_cpp;rosidl_typesupport_introspection_cpp
[2.361s] -- Found python_cmake_module: 0.11.1 (/opt/ros/jazzy/share/python_cmake_module/cmake)
[2.484s] -- Found PythonExtra: /usr/bin/python3  
[2.884s] -- Found Python3: /usr/bin/python3 (found version "3.12.3") found components: Interpreter Development NumPy Development.Module Development.Embed 
[2.920s] -- Found ament_lint_auto: 0.17.3 (/opt/ros/jazzy/share/ament_lint_auto/cmake)
[2.973s] -- Added test 'lint_cmake' to check CMake code style
[2.975s] -- Added test 'xmllint' to check XML markup files
[2.979s] -- Configuring done (3.0s)
[3.013s] -- Generating done (0.0s)
[3.024s] -- Build files have been written to: /root/master_ros2_ws/build/master_ros2_interface
[3.032s] Invoked command in '/root/master_ros2_ws/build/master_ros2_interface' returned '0': CMAKE_PREFIX_PATH=${CMAKE_PREFIX_PATH}:/opt/ros/jazzy /usr/bin/cmake /root/master_ros2_ws/src/master_ros2_interface -DCMAKE_INSTALL_PREFIX=/root/master_ros2_ws/install/master_ros2_interface
[3.033s] Invoking command in '/root/master_ros2_ws/build/master_ros2_interface': CMAKE_PREFIX_PATH=${CMAKE_PREFIX_PATH}:/opt/ros/jazzy /usr/bin/cmake --build /root/master_ros2_ws/build/master_ros2_interface -- -j12 -l12
[3.089s] [  2%] Generating type hashes for ROS interfaces
[3.099s] [  2%] Built target ament_cmake_python_copy_master_ros2_interface
[3.258s] [  2%] Built target master_ros2_interface__rosidl_generator_type_description
[3.272s] [  5%] Generating C code for ROS interfaces
[3.286s] [  8%] Generating C++ code for ROS interfaces
[3.306s] running egg_info
[3.306s] creating master_ros2_interface.egg-info
[3.325s] writing master_ros2_interface.egg-info/PKG-INFO
[3.326s] writing dependency_links to master_ros2_interface.egg-info/dependency_links.txt
[3.326s] writing top-level names to master_ros2_interface.egg-info/top_level.txt
[3.326s] writing manifest file 'master_ros2_interface.egg-info/SOURCES.txt'
[3.381s] reading manifest file 'master_ros2_interface.egg-info/SOURCES.txt'
[3.382s] writing manifest file 'master_ros2_interface.egg-info/SOURCES.txt'
[3.414s] [  8%] Built target ament_cmake_python_build_master_ros2_interface_egg
[3.486s] [  8%] Built target master_ros2_interface__cpp
[3.517s] [ 17%] Building C object CMakeFiles/master_ros2_interface__rosidl_generator_c.dir/rosidl_generator_c/master_ros2_interface/msg/detail/custom_msg__type_support.c.o
[3.517s] [ 17%] Building C object CMakeFiles/master_ros2_interface__rosidl_generator_c.dir/rosidl_generator_c/master_ros2_interface/msg/detail/custom_msg__functions.c.o
[3.517s] [ 17%] Building C object CMakeFiles/master_ros2_interface__rosidl_generator_c.dir/rosidl_generator_c/master_ros2_interface/msg/detail/custom_msg__description.c.o
[3.562s] [ 20%] Linking C shared library libmaster_ros2_interface__rosidl_generator_c.so
[3.599s] [ 20%] Built target master_ros2_interface__rosidl_generator_c
[3.613s] [ 38%] Generating C++ type support dispatch for ROS interfaces
[3.613s] [ 38%] Generating C type support for eProsima Fast-RTPS
[3.613s] [ 38%] Generating C introspection for ROS interfaces
[3.614s] [ 38%] Generating C++ introspection for ROS interfaces
[3.614s] [ 38%] Generating C++ type support for eProsima Fast-RTPS
[3.614s] [ 38%] Generating C type support dispatch for ROS interfaces
[3.845s] [ 41%] Building CXX object CMakeFiles/master_ros2_interface__rosidl_typesupport_c.dir/rosidl_typesupport_c/master_ros2_interface/msg/custom_msg__type_support.cpp.o
[3.857s] [ 44%] Building CXX object CMakeFiles/master_ros2_interface__rosidl_typesupport_introspection_cpp.dir/rosidl_typesupport_introspection_cpp/master_ros2_interface/msg/detail/custom_msg__type_support.cpp.o
[3.868s] [ 47%] Building CXX object CMakeFiles/master_ros2_interface__rosidl_typesupport_cpp.dir/rosidl_typesupport_cpp/master_ros2_interface/msg/custom_msg__type_support.cpp.o
[3.868s] [ 50%] Building C object CMakeFiles/master_ros2_interface__rosidl_typesupport_introspection_c.dir/rosidl_typesupport_introspection_c/master_ros2_interface/msg/detail/custom_msg__type_support.c.o
[3.882s] [ 52%] Building CXX object CMakeFiles/master_ros2_interface__rosidl_typesupport_fastrtps_c.dir/rosidl_typesupport_fastrtps_c/master_ros2_interface/msg/detail/custom_msg__type_support_c.cpp.o
[3.893s] [ 55%] Linking CXX shared library libmaster_ros2_interface__rosidl_typesupport_c.so
[3.893s] [ 58%] Building CXX object CMakeFiles/master_ros2_interface__rosidl_typesupport_fastrtps_cpp.dir/rosidl_typesupport_fastrtps_cpp/master_ros2_interface/msg/detail/dds_fastrtps/custom_msg__type_support.cpp.o
[3.908s] [ 61%] Linking C shared library libmaster_ros2_interface__rosidl_typesupport_introspection_c.so
[3.944s] [ 61%] Built target master_ros2_interface__rosidl_typesupport_c
[3.950s] [ 61%] Built target master_ros2_interface__rosidl_typesupport_introspection_c
[4.166s] [ 67%] Linking CXX shared library libmaster_ros2_interface__rosidl_typesupport_cpp.so
[4.166s] [ 67%] Linking CXX shared library libmaster_ros2_interface__rosidl_typesupport_introspection_cpp.so
[4.216s] [ 67%] Built target master_ros2_interface__rosidl_typesupport_cpp
[4.240s] [ 67%] Built target master_ros2_interface__rosidl_typesupport_introspection_cpp
[4.306s] [ 70%] Linking CXX shared library libmaster_ros2_interface__rosidl_typesupport_fastrtps_c.so
[4.322s] [ 73%] Linking CXX shared library libmaster_ros2_interface__rosidl_typesupport_fastrtps_cpp.so
[4.402s] [ 73%] Built target master_ros2_interface__rosidl_typesupport_fastrtps_c
[4.421s] [ 73%] Built target master_ros2_interface__rosidl_typesupport_fastrtps_cpp
[4.447s] [ 73%] Built target master_ros2_interface
[4.472s] [ 76%] Generating Python code for ROS interfaces
[4.715s] [ 76%] Built target master_ros2_interface__py
[4.739s] [ 79%] Building C object CMakeFiles/master_ros2_interface__rosidl_generator_py.dir/rosidl_generator_py/master_ros2_interface/msg/_custom_msg_s.c.o
[4.839s] [ 82%] Linking C shared library libmaster_ros2_interface__rosidl_generator_py.so
[4.886s] [ 82%] Built target master_ros2_interface__rosidl_generator_py
[4.912s] [ 91%] Building C object CMakeFiles/master_ros2_interface_s__rosidl_typesupport_c.dir/rosidl_generator_py/master_ros2_interface/_master_ros2_interface_s.ep.rosidl_typesupport_c.c.o
[4.912s] [ 91%] Building C object CMakeFiles/master_ros2_interface_s__rosidl_typesupport_fastrtps_c.dir/rosidl_generator_py/master_ros2_interface/_master_ros2_interface_s.ep.rosidl_typesupport_fastrtps_c.c.o
[4.912s] [ 91%] Building C object CMakeFiles/master_ros2_interface_s__rosidl_typesupport_introspection_c.dir/rosidl_generator_py/master_ros2_interface/_master_ros2_interface_s.ep.rosidl_typesupport_introspection_c.c.o
[5.010s] [ 97%] Linking C shared module rosidl_generator_py/master_ros2_interface/master_ros2_interface_s__rosidl_typesupport_c.so
[5.010s] [ 97%] Linking C shared module rosidl_generator_py/master_ros2_interface/master_ros2_interface_s__rosidl_typesupport_introspection_c.so
[5.010s] [100%] Linking C shared module rosidl_generator_py/master_ros2_interface/master_ros2_interface_s__rosidl_typesupport_fastrtps_c.so
[5.044s] [100%] Built target master_ros2_interface_s__rosidl_typesupport_introspection_c
[5.044s] [100%] Built target master_ros2_interface_s__rosidl_typesupport_fastrtps_c
[5.044s] [100%] Built target master_ros2_interface_s__rosidl_typesupport_c
[5.058s] Invoked command in '/root/master_ros2_ws/build/master_ros2_interface' returned '0': CMAKE_PREFIX_PATH=${CMAKE_PREFIX_PATH}:/opt/ros/jazzy /usr/bin/cmake --build /root/master_ros2_ws/build/master_ros2_interface -- -j12 -l12
[5.070s] Invoking command in '/root/master_ros2_ws/build/master_ros2_interface': CMAKE_PREFIX_PATH=${CMAKE_PREFIX_PATH}:/opt/ros/jazzy /usr/bin/cmake --install /root/master_ros2_ws/build/master_ros2_interface
[5.081s] -- Install configuration: ""
[5.081s] -- Installing: /root/master_ros2_ws/install/master_ros2_interface/share/ament_index/resource_index/rosidl_interfaces/master_ros2_interface
[5.082s] -- Installing: /root/master_ros2_ws/install/master_ros2_interface/share/master_ros2_interface/msg/CustomMsg.json
[5.082s] -- Installing: /root/master_ros2_ws/install/master_ros2_interface/include/master_ros2_interface/master_ros2_interface
[5.082s] -- Installing: /root/master_ros2_ws/install/master_ros2_interface/include/master_ros2_interface/master_ros2_interface/msg
[5.082s] -- Installing: /root/master_ros2_ws/install/master_ros2_interface/include/master_ros2_interface/master_ros2_interface/msg/detail
[5.082s] -- Installing: /root/master_ros2_ws/install/master_ros2_interface/include/master_ros2_interface/master_ros2_interface/msg/detail/custom_msg__type_support.h
[5.083s] -- Installing: /root/master_ros2_ws/install/master_ros2_interface/include/master_ros2_interface/master_ros2_interface/msg/detail/custom_msg__functions.h
[5.083s] -- Installing: /root/master_ros2_ws/install/master_ros2_interface/include/master_ros2_interface/master_ros2_interface/msg/detail/custom_msg__type_support.c
[5.083s] -- Installing: /root/master_ros2_ws/install/master_ros2_interface/include/master_ros2_interface/master_ros2_interface/msg/detail/custom_msg__functions.c
[5.083s] -- Installing: /root/master_ros2_ws/install/master_ros2_interface/include/master_ros2_interface/master_ros2_interface/msg/detail/custom_msg__description.c
[5.083s] -- Installing: /root/master_ros2_ws/install/master_ros2_interface/include/master_ros2_interface/master_ros2_interface/msg/detail/custom_msg__struct.h
[5.084s] -- Installing: /root/master_ros2_ws/install/master_ros2_interface/include/master_ros2_interface/master_ros2_interface/msg/rosidl_generator_c__visibility_control.h
[5.084s] -- Installing: /root/master_ros2_ws/install/master_ros2_interface/include/master_ros2_interface/master_ros2_interface/msg/custom_msg.h
[5.084s] -- Installing: /root/master_ros2_ws/install/master_ros2_interface/share/master_ros2_interface/environment/library_path.sh
[5.084s] -- Installing: /root/master_ros2_ws/install/master_ros2_interface/share/master_ros2_interface/environment/library_path.dsv
[5.085s] -- Installing: /root/master_ros2_ws/install/master_ros2_interface/lib/libmaster_ros2_interface__rosidl_generator_c.so
[5.085s] -- Set non-toolchain portion of runtime path of "/root/master_ros2_ws/install/master_ros2_interface/lib/libmaster_ros2_interface__rosidl_generator_c.so" to ""
[5.086s] -- Up-to-date: /root/master_ros2_ws/install/master_ros2_interface/include/master_ros2_interface/master_ros2_interface
[5.086s] -- Up-to-date: /root/master_ros2_ws/install/master_ros2_interface/include/master_ros2_interface/master_ros2_interface/msg
[5.086s] -- Up-to-date: /root/master_ros2_ws/install/master_ros2_interface/include/master_ros2_interface/master_ros2_interface/msg/detail
[5.086s] -- Installing: /root/master_ros2_ws/install/master_ros2_interface/include/master_ros2_interface/master_ros2_interface/msg/detail/custom_msg__rosidl_typesupport_fastrtps_c.h
[5.086s] -- Installing: /root/master_ros2_ws/install/master_ros2_interface/include/master_ros2_interface/master_ros2_interface/msg/rosidl_typesupport_fastrtps_c__visibility_control.h
[5.086s] -- Installing: /root/master_ros2_ws/install/master_ros2_interface/lib/libmaster_ros2_interface__rosidl_typesupport_fastrtps_c.so
[5.086s] -- Set non-toolchain portion of runtime path of "/root/master_ros2_ws/install/master_ros2_interface/lib/libmaster_ros2_interface__rosidl_typesupport_fastrtps_c.so" to ""
[5.087s] -- Up-to-date: /root/master_ros2_ws/install/master_ros2_interface/include/master_ros2_interface/master_ros2_interface
[5.087s] -- Up-to-date: /root/master_ros2_ws/install/master_ros2_interface/include/master_ros2_interface/master_ros2_interface/msg
[5.087s] -- Up-to-date: /root/master_ros2_ws/install/master_ros2_interface/include/master_ros2_interface/master_ros2_interface/msg/detail
[5.087s] -- Up-to-date: /root/master_ros2_ws/install/master_ros2_interface/include/master_ros2_interface/master_ros2_interface/msg/detail/custom_msg__type_support.c
[5.087s] -- Installing: /root/master_ros2_ws/install/master_ros2_interface/include/master_ros2_interface/master_ros2_interface/msg/detail/custom_msg__rosidl_typesupport_introspection_c.h
[5.087s] -- Installing: /root/master_ros2_ws/install/master_ros2_interface/include/master_ros2_interface/master_ros2_interface/msg/rosidl_typesupport_introspection_c__visibility_control.h
[5.087s] -- Installing: /root/master_ros2_ws/install/master_ros2_interface/lib/libmaster_ros2_interface__rosidl_typesupport_introspection_c.so
[5.087s] -- Set non-toolchain portion of runtime path of "/root/master_ros2_ws/install/master_ros2_interface/lib/libmaster_ros2_interface__rosidl_typesupport_introspection_c.so" to ""
[5.087s] -- Installing: /root/master_ros2_ws/install/master_ros2_interface/lib/libmaster_ros2_interface__rosidl_typesupport_c.so
[5.088s] -- Set non-toolchain portion of runtime path of "/root/master_ros2_ws/install/master_ros2_interface/lib/libmaster_ros2_interface__rosidl_typesupport_c.so" to ""
[5.088s] -- Up-to-date: /root/master_ros2_ws/install/master_ros2_interface/include/master_ros2_interface/master_ros2_interface
[5.088s] -- Up-to-date: /root/master_ros2_ws/install/master_ros2_interface/include/master_ros2_interface/master_ros2_interface/msg
[5.088s] -- Installing: /root/master_ros2_ws/install/master_ros2_interface/include/master_ros2_interface/master_ros2_interface/msg/rosidl_generator_cpp__visibility_control.hpp
[5.088s] -- Up-to-date: /root/master_ros2_ws/install/master_ros2_interface/include/master_ros2_interface/master_ros2_interface/msg/detail
[5.089s] -- Installing: /root/master_ros2_ws/install/master_ros2_interface/include/master_ros2_interface/master_ros2_interface/msg/detail/custom_msg__struct.hpp
[5.089s] -- Installing: /root/master_ros2_ws/install/master_ros2_interface/include/master_ros2_interface/master_ros2_interface/msg/detail/custom_msg__type_support.hpp
[5.089s] -- Installing: /root/master_ros2_ws/install/master_ros2_interface/include/master_ros2_interface/master_ros2_interface/msg/detail/custom_msg__builder.hpp
[5.089s] -- Installing: /root/master_ros2_ws/install/master_ros2_interface/include/master_ros2_interface/master_ros2_interface/msg/detail/custom_msg__traits.hpp
[5.089s] -- Installing: /root/master_ros2_ws/install/master_ros2_interface/include/master_ros2_interface/master_ros2_interface/msg/custom_msg.hpp
[5.089s] -- Up-to-date: /root/master_ros2_ws/install/master_ros2_interface/include/master_ros2_interface/master_ros2_interface
[5.089s] -- Up-to-date: /root/master_ros2_ws/install/master_ros2_interface/include/master_ros2_interface/master_ros2_interface/msg
[5.089s] -- Up-to-date: /root/master_ros2_ws/install/master_ros2_interface/include/master_ros2_interface/master_ros2_interface/msg/detail
[5.089s] -- Installing: /root/master_ros2_ws/install/master_ros2_interface/include/master_ros2_interface/master_ros2_interface/msg/detail/custom_msg__rosidl_typesupport_fastrtps_cpp.hpp
[5.089s] -- Installing: /root/master_ros2_ws/install/master_ros2_interface/include/master_ros2_interface/master_ros2_interface/msg/detail/dds_fastrtps
[5.090s] -- Installing: /root/master_ros2_ws/install/master_ros2_interface/include/master_ros2_interface/master_ros2_interface/msg/rosidl_typesupport_fastrtps_cpp__visibility_control.h
[5.090s] -- Installing: /root/master_ros2_ws/install/master_ros2_interface/lib/libmaster_ros2_interface__rosidl_typesupport_fastrtps_cpp.so
[5.090s] -- Set non-toolchain portion of runtime path of "/root/master_ros2_ws/install/master_ros2_interface/lib/libmaster_ros2_interface__rosidl_typesupport_fastrtps_cpp.so" to ""
[5.090s] -- Up-to-date: /root/master_ros2_ws/install/master_ros2_interface/include/master_ros2_interface/master_ros2_interface
[5.090s] -- Up-to-date: /root/master_ros2_ws/install/master_ros2_interface/include/master_ros2_interface/master_ros2_interface/msg
[5.091s] -- Up-to-date: /root/master_ros2_ws/install/master_ros2_interface/include/master_ros2_interface/master_ros2_interface/msg/detail
[5.092s] -- Installing: /root/master_ros2_ws/install/master_ros2_interface/include/master_ros2_interface/master_ros2_interface/msg/detail/custom_msg__rosidl_typesupport_introspection_cpp.hpp
[5.092s] -- Installing: /root/master_ros2_ws/install/master_ros2_interface/include/master_ros2_interface/master_ros2_interface/msg/detail/custom_msg__type_support.cpp
[5.092s] -- Installing: /root/master_ros2_ws/install/master_ros2_interface/lib/libmaster_ros2_interface__rosidl_typesupport_introspection_cpp.so
[5.092s] -- Set non-toolchain portion of runtime path of "/root/master_ros2_ws/install/master_ros2_interface/lib/libmaster_ros2_interface__rosidl_typesupport_introspection_cpp.so" to ""
[5.092s] -- Installing: /root/master_ros2_ws/install/master_ros2_interface/lib/libmaster_ros2_interface__rosidl_typesupport_cpp.so
[5.092s] -- Set non-toolchain portion of runtime path of "/root/master_ros2_ws/install/master_ros2_interface/lib/libmaster_ros2_interface__rosidl_typesupport_cpp.so" to ""
[5.092s] -- Installing: /root/master_ros2_ws/install/master_ros2_interface/share/master_ros2_interface/environment/pythonpath.sh
[5.092s] -- Installing: /root/master_ros2_ws/install/master_ros2_interface/share/master_ros2_interface/environment/pythonpath.dsv
[5.093s] -- Installing: /root/master_ros2_ws/install/master_ros2_interface/lib/python3.12/site-packages/master_ros2_interface-0.0.0-py3.12.egg-info
[5.093s] -- Installing: /root/master_ros2_ws/install/master_ros2_interface/lib/python3.12/site-packages/master_ros2_interface-0.0.0-py3.12.egg-info/SOURCES.txt
[5.093s] -- Installing: /root/master_ros2_ws/install/master_ros2_interface/lib/python3.12/site-packages/master_ros2_interface-0.0.0-py3.12.egg-info/top_level.txt
[5.093s] -- Installing: /root/master_ros2_ws/install/master_ros2_interface/lib/python3.12/site-packages/master_ros2_interface-0.0.0-py3.12.egg-info/dependency_links.txt
[5.093s] -- Installing: /root/master_ros2_ws/install/master_ros2_interface/lib/python3.12/site-packages/master_ros2_interface-0.0.0-py3.12.egg-info/PKG-INFO
[5.093s] -- Installing: /root/master_ros2_ws/install/master_ros2_interface/lib/python3.12/site-packages/master_ros2_interface
[5.093s] -- Installing: /root/master_ros2_ws/install/master_ros2_interface/lib/python3.12/site-packages/master_ros2_interface/master_ros2_interface_s__rosidl_typesupport_introspection_c.so
[5.093s] -- Installing: /root/master_ros2_ws/install/master_ros2_interface/lib/python3.12/site-packages/master_ros2_interface/_master_ros2_interface_s.ep.rosidl_typesupport_c.c
[5.093s] -- Installing: /root/master_ros2_ws/install/master_ros2_interface/lib/python3.12/site-packages/master_ros2_interface/__init__.py
[5.094s] -- Installing: /root/master_ros2_ws/install/master_ros2_interface/lib/python3.12/site-packages/master_ros2_interface/master_ros2_interface_s__rosidl_typesupport_fastrtps_c.so
[5.094s] -- Installing: /root/master_ros2_ws/install/master_ros2_interface/lib/python3.12/site-packages/master_ros2_interface/_master_ros2_interface_s.ep.rosidl_typesupport_fastrtps_c.c
[5.094s] -- Installing: /root/master_ros2_ws/install/master_ros2_interface/lib/python3.12/site-packages/master_ros2_interface/master_ros2_interface_s__rosidl_typesupport_c.so
[5.094s] -- Installing: /root/master_ros2_ws/install/master_ros2_interface/lib/python3.12/site-packages/master_ros2_interface/msg
[5.094s] -- Installing: /root/master_ros2_ws/install/master_ros2_interface/lib/python3.12/site-packages/master_ros2_interface/msg/_custom_msg.py
[5.095s] -- Installing: /root/master_ros2_ws/install/master_ros2_interface/lib/python3.12/site-packages/master_ros2_interface/msg/__init__.py
[5.095s] -- Installing: /root/master_ros2_ws/install/master_ros2_interface/lib/python3.12/site-packages/master_ros2_interface/msg/_custom_msg_s.c
[5.095s] -- Installing: /root/master_ros2_ws/install/master_ros2_interface/lib/python3.12/site-packages/master_ros2_interface/_master_ros2_interface_s.ep.rosidl_typesupport_introspection_c.c
[5.129s] Listing '/root/master_ros2_ws/install/master_ros2_interface/lib/python3.12/site-packages/master_ros2_interface'...
[5.129s] Compiling '/root/master_ros2_ws/install/master_ros2_interface/lib/python3.12/site-packages/master_ros2_interface/__init__.py'...
[5.129s] Listing '/root/master_ros2_ws/install/master_ros2_interface/lib/python3.12/site-packages/master_ros2_interface/msg'...
[5.129s] Compiling '/root/master_ros2_ws/install/master_ros2_interface/lib/python3.12/site-packages/master_ros2_interface/msg/__init__.py'...
[5.130s] Compiling '/root/master_ros2_ws/install/master_ros2_interface/lib/python3.12/site-packages/master_ros2_interface/msg/_custom_msg.py'...
[5.134s] -- Installing: /root/master_ros2_ws/install/master_ros2_interface/lib/python3.12/site-packages/master_ros2_interface/master_ros2_interface_s__rosidl_typesupport_fastrtps_c.so
[5.135s] -- Set non-toolchain portion of runtime path of "/root/master_ros2_ws/install/master_ros2_interface/lib/python3.12/site-packages/master_ros2_interface/master_ros2_interface_s__rosidl_typesupport_fastrtps_c.so" to ""
[5.135s] -- Installing: /root/master_ros2_ws/install/master_ros2_interface/lib/python3.12/site-packages/master_ros2_interface/master_ros2_interface_s__rosidl_typesupport_introspection_c.so
[5.135s] -- Set non-toolchain portion of runtime path of "/root/master_ros2_ws/install/master_ros2_interface/lib/python3.12/site-packages/master_ros2_interface/master_ros2_interface_s__rosidl_typesupport_introspection_c.so" to ""
[5.136s] -- Installing: /root/master_ros2_ws/install/master_ros2_interface/lib/python3.12/site-packages/master_ros2_interface/master_ros2_interface_s__rosidl_typesupport_c.so
[5.136s] -- Set non-toolchain portion of runtime path of "/root/master_ros2_ws/install/master_ros2_interface/lib/python3.12/site-packages/master_ros2_interface/master_ros2_interface_s__rosidl_typesupport_c.so" to ""
[5.136s] -- Installing: /root/master_ros2_ws/install/master_ros2_interface/lib/libmaster_ros2_interface__rosidl_generator_py.so
[5.137s] -- Set non-toolchain portion of runtime path of "/root/master_ros2_ws/install/master_ros2_interface/lib/libmaster_ros2_interface__rosidl_generator_py.so" to ""
[5.137s] -- Installing: /root/master_ros2_ws/install/master_ros2_interface/share/master_ros2_interface/msg/CustomMsg.idl
[5.137s] -- Installing: /root/master_ros2_ws/install/master_ros2_interface/share/master_ros2_interface/msg/CustomMsg.msg
[5.137s] -- Installing: /root/master_ros2_ws/install/master_ros2_interface/share/ament_index/resource_index/package_run_dependencies/master_ros2_interface
[5.138s] -- Installing: /root/master_ros2_ws/install/master_ros2_interface/share/ament_index/resource_index/parent_prefix_path/master_ros2_interface
[5.138s] -- Installing: /root/master_ros2_ws/install/master_ros2_interface/share/master_ros2_interface/environment/ament_prefix_path.sh
[5.138s] -- Installing: /root/master_ros2_ws/install/master_ros2_interface/share/master_ros2_interface/environment/ament_prefix_path.dsv
[5.138s] -- Installing: /root/master_ros2_ws/install/master_ros2_interface/share/master_ros2_interface/environment/path.sh
[5.139s] -- Installing: /root/master_ros2_ws/install/master_ros2_interface/share/master_ros2_interface/environment/path.dsv
[5.139s] -- Installing: /root/master_ros2_ws/install/master_ros2_interface/share/master_ros2_interface/local_setup.bash
[5.139s] -- Installing: /root/master_ros2_ws/install/master_ros2_interface/share/master_ros2_interface/local_setup.sh
[5.139s] -- Installing: /root/master_ros2_ws/install/master_ros2_interface/share/master_ros2_interface/local_setup.zsh
[5.140s] -- Installing: /root/master_ros2_ws/install/master_ros2_interface/share/master_ros2_interface/local_setup.dsv
[5.140s] -- Installing: /root/master_ros2_ws/install/master_ros2_interface/share/master_ros2_interface/package.dsv
[5.140s] -- Installing: /root/master_ros2_ws/install/master_ros2_interface/share/ament_index/resource_index/packages/master_ros2_interface
[5.140s] -- Installing: /root/master_ros2_ws/install/master_ros2_interface/share/master_ros2_interface/cmake/export_master_ros2_interface__rosidl_generator_cExport.cmake
[5.141s] -- Installing: /root/master_ros2_ws/install/master_ros2_interface/share/master_ros2_interface/cmake/export_master_ros2_interface__rosidl_generator_cExport-noconfig.cmake
[5.141s] -- Installing: /root/master_ros2_ws/install/master_ros2_interface/share/master_ros2_interface/cmake/export_master_ros2_interface__rosidl_typesupport_fastrtps_cExport.cmake
[5.141s] -- Installing: /root/master_ros2_ws/install/master_ros2_interface/share/master_ros2_interface/cmake/export_master_ros2_interface__rosidl_typesupport_fastrtps_cExport-noconfig.cmake
[5.141s] -- Installing: /root/master_ros2_ws/install/master_ros2_interface/share/master_ros2_interface/cmake/master_ros2_interface__rosidl_typesupport_introspection_cExport.cmake
[5.142s] -- Installing: /root/master_ros2_ws/install/master_ros2_interface/share/master_ros2_interface/cmake/master_ros2_interface__rosidl_typesupport_introspection_cExport-noconfig.cmake
[5.142s] -- Installing: /root/master_ros2_ws/install/master_ros2_interface/share/master_ros2_interface/cmake/master_ros2_interface__rosidl_typesupport_cExport.cmake
[5.142s] -- Installing: /root/master_ros2_ws/install/master_ros2_interface/share/master_ros2_interface/cmake/master_ros2_interface__rosidl_typesupport_cExport-noconfig.cmake
[5.142s] -- Installing: /root/master_ros2_ws/install/master_ros2_interface/share/master_ros2_interface/cmake/export_master_ros2_interface__rosidl_generator_cppExport.cmake
[5.143s] -- Installing: /root/master_ros2_ws/install/master_ros2_interface/share/master_ros2_interface/cmake/export_master_ros2_interface__rosidl_typesupport_fastrtps_cppExport.cmake
[5.143s] -- Installing: /root/master_ros2_ws/install/master_ros2_interface/share/master_ros2_interface/cmake/export_master_ros2_interface__rosidl_typesupport_fastrtps_cppExport-noconfig.cmake
[5.143s] -- Installing: /root/master_ros2_ws/install/master_ros2_interface/share/master_ros2_interface/cmake/master_ros2_interface__rosidl_typesupport_introspection_cppExport.cmake
[5.143s] -- Installing: /root/master_ros2_ws/install/master_ros2_interface/share/master_ros2_interface/cmake/master_ros2_interface__rosidl_typesupport_introspection_cppExport-noconfig.cmake
[5.144s] -- Installing: /root/master_ros2_ws/install/master_ros2_interface/share/master_ros2_interface/cmake/master_ros2_interface__rosidl_typesupport_cppExport.cmake
[5.144s] -- Installing: /root/master_ros2_ws/install/master_ros2_interface/share/master_ros2_interface/cmake/master_ros2_interface__rosidl_typesupport_cppExport-noconfig.cmake
[5.144s] -- Installing: /root/master_ros2_ws/install/master_ros2_interface/share/master_ros2_interface/cmake/export_master_ros2_interface__rosidl_generator_pyExport.cmake
[5.144s] -- Installing: /root/master_ros2_ws/install/master_ros2_interface/share/master_ros2_interface/cmake/export_master_ros2_interface__rosidl_generator_pyExport-noconfig.cmake
[5.145s] -- Installing: /root/master_ros2_ws/install/master_ros2_interface/share/master_ros2_interface/cmake/rosidl_cmake-extras.cmake
[5.145s] -- Installing: /root/master_ros2_ws/install/master_ros2_interface/share/master_ros2_interface/cmake/ament_cmake_export_include_directories-extras.cmake
[5.145s] -- Installing: /root/master_ros2_ws/install/master_ros2_interface/share/master_ros2_interface/cmake/ament_cmake_export_libraries-extras.cmake
[5.145s] -- Installing: /root/master_ros2_ws/install/master_ros2_interface/share/master_ros2_interface/cmake/ament_cmake_export_targets-extras.cmake
[5.146s] -- Installing: /root/master_ros2_ws/install/master_ros2_interface/share/master_ros2_interface/cmake/rosidl_cmake_export_typesupport_targets-extras.cmake
[5.146s] -- Installing: /root/master_ros2_ws/install/master_ros2_interface/share/master_ros2_interface/cmake/ament_cmake_export_dependencies-extras.cmake
[5.146s] -- Installing: /root/master_ros2_ws/install/master_ros2_interface/share/master_ros2_interface/cmake/rosidl_cmake_export_typesupport_libraries-extras.cmake
[5.146s] -- Installing: /root/master_ros2_ws/install/master_ros2_interface/share/master_ros2_interface/cmake/master_ros2_interfaceConfig.cmake
[5.146s] -- Installing: /root/master_ros2_ws/install/master_ros2_interface/share/master_ros2_interface/cmake/master_ros2_interfaceConfig-version.cmake
[5.147s] -- Installing: /root/master_ros2_ws/install/master_ros2_interface/share/master_ros2_interface/package.xml
[5.149s] Invoked command in '/root/master_ros2_ws/build/master_ros2_interface' returned '0': CMAKE_PREFIX_PATH=${CMAKE_PREFIX_PATH}:/opt/ros/jazzy /usr/bin/cmake --install /root/master_ros2_ws/build/master_ros2_interface
